#
# There is insufficient memory for the Java Runtime Environment to continue.
# Native memory allocation (malloc) failed to allocate 601872 bytes for Chunk::new
# Possible reasons:
#   The system is out of physical RAM or swap space
#   The process is running with CompressedOops enabled, and the Java Heap may be blocking the growth of the native heap
# Possible solutions:
#   Reduce memory load on the system
#   Increase physical memory or swap space
#   Check if swap backing store is full
#   Decrease Java heap size (-Xmx/-Xms)
#   Decrease number of Java threads
#   Decrease Java thread stack sizes (-Xss)
#   Set larger code cache with -XX:ReservedCodeCacheSize=
#   JVM is running with Unscaled Compressed Oops mode in which the Java heap is
#     placed in the first 4GB address space. The Java Heap base address is the
#     maximum limit for the native heap growth. Please use -XX:HeapBaseMinAddress
#     to set the Java Heap base and to place the Java Heap above 4GB virtual address.
# This output file may be truncated or incomplete.
#
#  Out of Memory Error (arena.cpp:189), pid=1600, tid=12140
#
# JRE version: Java(TM) SE Runtime Environment (17.0.6+9) (build 17.0.6+9-LTS-190)
# Java VM: Java HotSpot(TM) 64-Bit Server VM (17.0.6+9-LTS-190, mixed mode, sharing, tiered, compressed oops, compressed class ptrs, g1 gc, windows-amd64)
# No core dump will be written. Minidumps are not enabled by default on client versions of Windows
#

---------------  S U M M A R Y ------------

Command Line: -javaagent:D:\INTELLIJ instalacao\IntelliJ IDEA Community Edition 2023.1.1\lib\idea_rt.jar=60228:D:\INTELLIJ instalacao\IntelliJ IDEA Community Edition 2023.1.1\bin -Dfile.encoding=UTF-8 br.com.compassuol.sp.challenge.ecommerce.EcommerceApplication

Host: Intel(R) Core(TM) i5-7200U CPU @ 2.50GHz, 4 cores, 7G,  Windows 10 , 64 bit Build 19041 (10.0.19041.2913)
Time: Tue Jun  6 21:44:55 2023 Hora oficial do Brasil elapsed time: 3.173957 seconds (0d 0h 0m 3s)

---------------  T H R E A D  ---------------

Current thread (0x0000017faf9dc8c0):  JavaThread "C2 CompilerThread1" daemon [_thread_in_native, id=12140, stack(0x0000000dab800000,0x0000000dab900000)]


Current CompileTask:
C2:   3174 2602   !   4       jdk.internal.loader.BuiltinClassLoader::loadClassOrNull (143 bytes)

Stack: [0x0000000dab800000,0x0000000dab900000]
Native frames: (J=compiled Java code, j=interpreted, Vv=VM code, C=native code)
V  [jvm.dll+0x6734ea]
V  [jvm.dll+0x7d18f4]
V  [jvm.dll+0x7d309e]
V  [jvm.dll+0x7d3703]
V  [jvm.dll+0x2433c5]
V  [jvm.dll+0xaa46b]
V  [jvm.dll+0xaaa0c]
V  [jvm.dll+0x11be44]
V  [jvm.dll+0x606f73]
V  [jvm.dll+0x605634]
V  [jvm.dll+0x215c5e]
V  [jvm.dll+0x215211]
V  [jvm.dll+0x1a1730]
V  [jvm.dll+0x224b6e]
V  [jvm.dll+0x222f15]
V  [jvm.dll+0x78753c]
V  [jvm.dll+0x781a7a]
V  [jvm.dll+0x672375]
C  [ucrtbase.dll+0x21bb2]
C  [KERNEL32.DLL+0x17614]
C  [ntdll.dll+0x526a1]


---------------  P R O C E S S  ---------------

Threads class SMR info:
_java_thread_list=0x0000017fb0fc30b0, length=16, elements={
0x0000017f9159a240, 0x0000017faee0ca60, 0x0000017faee0e590, 0x0000017faee1dad0,
0x0000017faee1f5a0, 0x0000017faee21e70, 0x0000017faee22730, 0x0000017faee23b70,
0x0000017faee31130, 0x0000017faee44230, 0x0000017faedf5fa0, 0x0000017faf9dc8c0,
0x0000017faf9a9650, 0x0000017fafaa7b20, 0x0000017fb03d5450, 0x0000017fb03d5da0
}

Java Threads: ( => current thread )
  0x0000017f9159a240 JavaThread "main" [_thread_blocked, id=10516, stack(0x0000000daa700000,0x0000000daa800000)]
  0x0000017faee0ca60 JavaThread "Reference Handler" daemon [_thread_blocked, id=12556, stack(0x0000000daae00000,0x0000000daaf00000)]
  0x0000017faee0e590 JavaThread "Finalizer" daemon [_thread_blocked, id=9080, stack(0x0000000daaf00000,0x0000000dab000000)]
  0x0000017faee1dad0 JavaThread "Signal Dispatcher" daemon [_thread_blocked, id=10432, stack(0x0000000dab000000,0x0000000dab100000)]
  0x0000017faee1f5a0 JavaThread "Attach Listener" daemon [_thread_blocked, id=11488, stack(0x0000000dab100000,0x0000000dab200000)]
  0x0000017faee21e70 JavaThread "Service Thread" daemon [_thread_blocked, id=9872, stack(0x0000000dab200000,0x0000000dab300000)]
  0x0000017faee22730 JavaThread "Monitor Deflation Thread" daemon [_thread_blocked, id=6992, stack(0x0000000dab300000,0x0000000dab400000)]
  0x0000017faee23b70 JavaThread "C2 CompilerThread0" daemon [_thread_in_native, id=11524, stack(0x0000000dab400000,0x0000000dab500000)]
  0x0000017faee31130 JavaThread "C1 CompilerThread0" daemon [_thread_in_native, id=1380, stack(0x0000000dab500000,0x0000000dab600000)]
  0x0000017faee44230 JavaThread "Sweeper thread" daemon [_thread_blocked, id=3800, stack(0x0000000dab600000,0x0000000dab700000)]
  0x0000017faedf5fa0 JavaThread "Common-Cleaner" daemon [_thread_blocked, id=9224, stack(0x0000000dab700000,0x0000000dab800000)]
=>0x0000017faf9dc8c0 JavaThread "C2 CompilerThread1" daemon [_thread_in_native, id=12140, stack(0x0000000dab800000,0x0000000dab900000)]
  0x0000017faf9a9650 JavaThread "Monitor Ctrl-Break" daemon [_thread_in_native, id=9516, stack(0x0000000dab900000,0x0000000daba00000)]
  0x0000017fafaa7b20 JavaThread "Notification Thread" daemon [_thread_blocked, id=13060, stack(0x0000000daba00000,0x0000000dabb00000)]
  0x0000017fb03d5450 JavaThread "Thread-0" [_thread_blocked, id=7520, stack(0x0000000dac000000,0x0000000dac100000)]
  0x0000017fb03d5da0 JavaThread "restartedMain" [_thread_in_vm, id=9096, stack(0x0000000dac100000,0x0000000dac200000)]

Other Threads:
  0x0000017faee04ae0 VMThread "VM Thread" [stack: 0x0000000daad00000,0x0000000daae00000] [id=1616]
  0x0000017faf9a9b20 WatcherThread [stack: 0x0000000dabb00000,0x0000000dabc00000] [id=5544]
  0x0000017f915f3be0 GCTaskThread "GC Thread#0" [stack: 0x0000000daa800000,0x0000000daa900000] [id=12764]
  0x0000017fafe72c00 GCTaskThread "GC Thread#1" [stack: 0x0000000dabc00000,0x0000000dabd00000] [id=3752]
  0x0000017faffa3660 GCTaskThread "GC Thread#2" [stack: 0x0000000dabd00000,0x0000000dabe00000] [id=10256]
  0x0000017fb0275020 GCTaskThread "GC Thread#3" [stack: 0x0000000dabe00000,0x0000000dabf00000] [id=12164]
  0x0000017f916057c0 ConcurrentGCThread "G1 Main Marker" [stack: 0x0000000daa900000,0x0000000daaa00000] [id=1128]
  0x0000017f91606880 ConcurrentGCThread "G1 Conc#0" [stack: 0x0000000daaa00000,0x0000000daab00000] [id=9896]
  0x0000017f9166de00 ConcurrentGCThread "G1 Refine#0" [stack: 0x0000000daab00000,0x0000000daac00000] [id=10180]
  0x0000017faffa2020 ConcurrentGCThread "G1 Refine#1" [stack: 0x0000000dabf00000,0x0000000dac000000] [id=264]
  0x0000017f9166e730 ConcurrentGCThread "G1 Service" [stack: 0x0000000daac00000,0x0000000daad00000] [id=1396]

Threads with active compile tasks:
C2 CompilerThread0     3210 2737       4       org.springframework.beans.factory.support.AbstractBeanFactory::getMergedLocalBeanDefinition (38 bytes)
C2 CompilerThread1     3210 2602   !   4       jdk.internal.loader.BuiltinClassLoader::loadClassOrNull (143 bytes)

VM state: not at safepoint (normal execution)

VM Mutex/Monitor currently owned by a thread: None

Heap address: 0x0000000081400000, size: 2028 MB, Compressed Oops mode: 32-bit

CDS archive(s) mapped at: [0x0000000800000000-0x0000000800bd0000-0x0000000800bd0000), size 12386304, SharedBaseAddress: 0x0000000800000000, ArchiveRelocationMode: 0.
Compressed class space mapped at: 0x0000000800c00000-0x0000000840c00000, reserved size: 1073741824
Narrow klass base: 0x0000000800000000, Narrow klass shift: 0, Narrow klass range: 0x100000000

GC Precious Log:
 CPUs: 4 total, 4 available
 Memory: 8105M
 Large Page Support: Disabled
 NUMA Support: Disabled
 Compressed Oops: Enabled (32-bit)
 Heap Region Size: 1M
 Heap Min Capacity: 8M
 Heap Initial Capacity: 128M
 Heap Max Capacity: 2028M
 Pre-touch: Disabled
 Parallel Workers: 4
 Concurrent Workers: 1
 Concurrent Refinement Workers: 4
 Periodic GC: Disabled

Heap:
 garbage-first heap   total 131072K, used 56742K [0x0000000081400000, 0x0000000100000000)
  region size 1024K, 52 young (53248K), 3 survivors (3072K)
 Metaspace       used 20988K, committed 21312K, reserved 1073152K
  class space    used 2665K, committed 2816K, reserved 1048576K

Heap Regions: E=young(eden), S=young(survivor), O=old, HS=humongous(starts), HC=humongous(continues), CS=collection set, F=free, OA=open archive, CA=closed archive, TAMS=top-at-mark-start (previous, next)
|   0|0x0000000081400000, 0x0000000081500000, 0x0000000081500000|100%|HS|  |TAMS 0x0000000081400000, 0x0000000081400000| Complete 
|   1|0x0000000081500000, 0x0000000081600000, 0x0000000081600000|100%| O|  |TAMS 0x0000000081500000, 0x0000000081500000| Untracked 
|   2|0x0000000081600000, 0x0000000081700000, 0x0000000081700000|100%| O|  |TAMS 0x0000000081600000, 0x0000000081600000| Untracked 
|   3|0x0000000081700000, 0x0000000081800000, 0x0000000081800000|100%| O|  |TAMS 0x0000000081700000, 0x0000000081700000| Untracked 
|   4|0x0000000081800000, 0x0000000081900000, 0x0000000081900000|100%| O|  |TAMS 0x0000000081800000, 0x0000000081800000| Untracked 
|   5|0x0000000081900000, 0x00000000819f9c00, 0x0000000081a00000| 97%| O|  |TAMS 0x0000000081900000, 0x0000000081900000| Untracked 
|   6|0x0000000081a00000, 0x0000000081a00000, 0x0000000081b00000|  0%| F|  |TAMS 0x0000000081a00000, 0x0000000081a00000| Untracked 
|   7|0x0000000081b00000, 0x0000000081b00000, 0x0000000081c00000|  0%| F|  |TAMS 0x0000000081b00000, 0x0000000081b00000| Untracked 
|   8|0x0000000081c00000, 0x0000000081c00000, 0x0000000081d00000|  0%| F|  |TAMS 0x0000000081c00000, 0x0000000081c00000| Untracked 
|   9|0x0000000081d00000, 0x0000000081d00000, 0x0000000081e00000|  0%| F|  |TAMS 0x0000000081d00000, 0x0000000081d00000| Untracked 
|  10|0x0000000081e00000, 0x0000000081e00000, 0x0000000081f00000|  0%| F|  |TAMS 0x0000000081e00000, 0x0000000081e00000| Untracked 
|  11|0x0000000081f00000, 0x0000000081f00000, 0x0000000082000000|  0%| F|  |TAMS 0x0000000081f00000, 0x0000000081f00000| Untracked 
|  12|0x0000000082000000, 0x0000000082000000, 0x0000000082100000|  0%| F|  |TAMS 0x0000000082000000, 0x0000000082000000| Untracked 
|  13|0x0000000082100000, 0x0000000082100000, 0x0000000082200000|  0%| F|  |TAMS 0x0000000082100000, 0x0000000082100000| Untracked 
|  14|0x0000000082200000, 0x0000000082200000, 0x0000000082300000|  0%| F|  |TAMS 0x0000000082200000, 0x0000000082200000| Untracked 
|  15|0x0000000082300000, 0x0000000082300000, 0x0000000082400000|  0%| F|  |TAMS 0x0000000082300000, 0x0000000082300000| Untracked 
|  16|0x0000000082400000, 0x0000000082400000, 0x0000000082500000|  0%| F|  |TAMS 0x0000000082400000, 0x0000000082400000| Untracked 
|  17|0x0000000082500000, 0x0000000082500000, 0x0000000082600000|  0%| F|  |TAMS 0x0000000082500000, 0x0000000082500000| Untracked 
|  18|0x0000000082600000, 0x0000000082600000, 0x0000000082700000|  0%| F|  |TAMS 0x0000000082600000, 0x0000000082600000| Untracked 
|  19|0x0000000082700000, 0x0000000082700000, 0x0000000082800000|  0%| F|  |TAMS 0x0000000082700000, 0x0000000082700000| Untracked 
|  20|0x0000000082800000, 0x0000000082800000, 0x0000000082900000|  0%| F|  |TAMS 0x0000000082800000, 0x0000000082800000| Untracked 
|  21|0x0000000082900000, 0x0000000082900000, 0x0000000082a00000|  0%| F|  |TAMS 0x0000000082900000, 0x0000000082900000| Untracked 
|  22|0x0000000082a00000, 0x0000000082a00000, 0x0000000082b00000|  0%| F|  |TAMS 0x0000000082a00000, 0x0000000082a00000| Untracked 
|  23|0x0000000082b00000, 0x0000000082b00000, 0x0000000082c00000|  0%| F|  |TAMS 0x0000000082b00000, 0x0000000082b00000| Untracked 
|  24|0x0000000082c00000, 0x0000000082c00000, 0x0000000082d00000|  0%| F|  |TAMS 0x0000000082c00000, 0x0000000082c00000| Untracked 
|  25|0x0000000082d00000, 0x0000000082d00000, 0x0000000082e00000|  0%| F|  |TAMS 0x0000000082d00000, 0x0000000082d00000| Untracked 
|  26|0x0000000082e00000, 0x0000000082e00000, 0x0000000082f00000|  0%| F|  |TAMS 0x0000000082e00000, 0x0000000082e00000| Untracked 
|  27|0x0000000082f00000, 0x0000000082f00000, 0x0000000083000000|  0%| F|  |TAMS 0x0000000082f00000, 0x0000000082f00000| Untracked 
|  28|0x0000000083000000, 0x0000000083000000, 0x0000000083100000|  0%| F|  |TAMS 0x0000000083000000, 0x0000000083000000| Untracked 
|  29|0x0000000083100000, 0x0000000083100000, 0x0000000083200000|  0%| F|  |TAMS 0x0000000083100000, 0x0000000083100000| Untracked 
|  30|0x0000000083200000, 0x0000000083200000, 0x0000000083300000|  0%| F|  |TAMS 0x0000000083200000, 0x0000000083200000| Untracked 
|  31|0x0000000083300000, 0x0000000083300000, 0x0000000083400000|  0%| F|  |TAMS 0x0000000083300000, 0x0000000083300000| Untracked 
|  32|0x0000000083400000, 0x0000000083400000, 0x0000000083500000|  0%| F|  |TAMS 0x0000000083400000, 0x0000000083400000| Untracked 
|  33|0x0000000083500000, 0x0000000083500000, 0x0000000083600000|  0%| F|  |TAMS 0x0000000083500000, 0x0000000083500000| Untracked 
|  34|0x0000000083600000, 0x0000000083600000, 0x0000000083700000|  0%| F|  |TAMS 0x0000000083600000, 0x0000000083600000| Untracked 
|  35|0x0000000083700000, 0x0000000083700000, 0x0000000083800000|  0%| F|  |TAMS 0x0000000083700000, 0x0000000083700000| Untracked 
|  36|0x0000000083800000, 0x0000000083800000, 0x0000000083900000|  0%| F|  |TAMS 0x0000000083800000, 0x0000000083800000| Untracked 
|  37|0x0000000083900000, 0x0000000083900000, 0x0000000083a00000|  0%| F|  |TAMS 0x0000000083900000, 0x0000000083900000| Untracked 
|  38|0x0000000083a00000, 0x0000000083a00000, 0x0000000083b00000|  0%| F|  |TAMS 0x0000000083a00000, 0x0000000083a00000| Untracked 
|  39|0x0000000083b00000, 0x0000000083b00000, 0x0000000083c00000|  0%| F|  |TAMS 0x0000000083b00000, 0x0000000083b00000| Untracked 
|  40|0x0000000083c00000, 0x0000000083c00000, 0x0000000083d00000|  0%| F|  |TAMS 0x0000000083c00000, 0x0000000083c00000| Untracked 
|  41|0x0000000083d00000, 0x0000000083d00000, 0x0000000083e00000|  0%| F|  |TAMS 0x0000000083d00000, 0x0000000083d00000| Untracked 
|  42|0x0000000083e00000, 0x0000000083e00000, 0x0000000083f00000|  0%| F|  |TAMS 0x0000000083e00000, 0x0000000083e00000| Untracked 
|  43|0x0000000083f00000, 0x0000000083f00000, 0x0000000084000000|  0%| F|  |TAMS 0x0000000083f00000, 0x0000000083f00000| Untracked 
|  44|0x0000000084000000, 0x0000000084000000, 0x0000000084100000|  0%| F|  |TAMS 0x0000000084000000, 0x0000000084000000| Untracked 
|  45|0x0000000084100000, 0x0000000084100000, 0x0000000084200000|  0%| F|  |TAMS 0x0000000084100000, 0x0000000084100000| Untracked 
|  46|0x0000000084200000, 0x0000000084200000, 0x0000000084300000|  0%| F|  |TAMS 0x0000000084200000, 0x0000000084200000| Untracked 
|  47|0x0000000084300000, 0x0000000084300000, 0x0000000084400000|  0%| F|  |TAMS 0x0000000084300000, 0x0000000084300000| Untracked 
|  48|0x0000000084400000, 0x0000000084400000, 0x0000000084500000|  0%| F|  |TAMS 0x0000000084400000, 0x0000000084400000| Untracked 
|  49|0x0000000084500000, 0x0000000084500000, 0x0000000084600000|  0%| F|  |TAMS 0x0000000084500000, 0x0000000084500000| Untracked 
|  50|0x0000000084600000, 0x0000000084600000, 0x0000000084700000|  0%| F|  |TAMS 0x0000000084600000, 0x0000000084600000| Untracked 
|  51|0x0000000084700000, 0x0000000084700000, 0x0000000084800000|  0%| F|  |TAMS 0x0000000084700000, 0x0000000084700000| Untracked 
|  52|0x0000000084800000, 0x0000000084800000, 0x0000000084900000|  0%| F|  |TAMS 0x0000000084800000, 0x0000000084800000| Untracked 
|  53|0x0000000084900000, 0x0000000084900000, 0x0000000084a00000|  0%| F|  |TAMS 0x0000000084900000, 0x0000000084900000| Untracked 
|  54|0x0000000084a00000, 0x0000000084a00000, 0x0000000084b00000|  0%| F|  |TAMS 0x0000000084a00000, 0x0000000084a00000| Untracked 
|  55|0x0000000084b00000, 0x0000000084b00000, 0x0000000084c00000|  0%| F|  |TAMS 0x0000000084b00000, 0x0000000084b00000| Untracked 
|  56|0x0000000084c00000, 0x0000000084c00000, 0x0000000084d00000|  0%| F|  |TAMS 0x0000000084c00000, 0x0000000084c00000| Untracked 
|  57|0x0000000084d00000, 0x0000000084d00000, 0x0000000084e00000|  0%| F|  |TAMS 0x0000000084d00000, 0x0000000084d00000| Untracked 
|  58|0x0000000084e00000, 0x0000000084e00000, 0x0000000084f00000|  0%| F|  |TAMS 0x0000000084e00000, 0x0000000084e00000| Untracked 
|  59|0x0000000084f00000, 0x0000000084f00000, 0x0000000085000000|  0%| F|  |TAMS 0x0000000084f00000, 0x0000000084f00000| Untracked 
|  60|0x0000000085000000, 0x0000000085000000, 0x0000000085100000|  0%| F|  |TAMS 0x0000000085000000, 0x0000000085000000| Untracked 
|  61|0x0000000085100000, 0x0000000085100000, 0x0000000085200000|  0%| F|  |TAMS 0x0000000085100000, 0x0000000085100000| Untracked 
|  62|0x0000000085200000, 0x0000000085200000, 0x0000000085300000|  0%| F|  |TAMS 0x0000000085200000, 0x0000000085200000| Untracked 
|  63|0x0000000085300000, 0x0000000085300000, 0x0000000085400000|  0%| F|  |TAMS 0x0000000085300000, 0x0000000085300000| Untracked 
|  64|0x0000000085400000, 0x0000000085400000, 0x0000000085500000|  0%| F|  |TAMS 0x0000000085400000, 0x0000000085400000| Untracked 
|  65|0x0000000085500000, 0x0000000085500000, 0x0000000085600000|  0%| F|  |TAMS 0x0000000085500000, 0x0000000085500000| Untracked 
|  66|0x0000000085600000, 0x0000000085600000, 0x0000000085700000|  0%| F|  |TAMS 0x0000000085600000, 0x0000000085600000| Untracked 
|  67|0x0000000085700000, 0x0000000085700000, 0x0000000085800000|  0%| F|  |TAMS 0x0000000085700000, 0x0000000085700000| Untracked 
|  68|0x0000000085800000, 0x0000000085800000, 0x0000000085900000|  0%| F|  |TAMS 0x0000000085800000, 0x0000000085800000| Untracked 
|  69|0x0000000085900000, 0x0000000085900000, 0x0000000085a00000|  0%| F|  |TAMS 0x0000000085900000, 0x0000000085900000| Untracked 
|  70|0x0000000085a00000, 0x0000000085a00000, 0x0000000085b00000|  0%| F|  |TAMS 0x0000000085a00000, 0x0000000085a00000| Untracked 
|  71|0x0000000085b00000, 0x0000000085b00000, 0x0000000085c00000|  0%| F|  |TAMS 0x0000000085b00000, 0x0000000085b00000| Untracked 
|  72|0x0000000085c00000, 0x0000000085c00000, 0x0000000085d00000|  0%| F|  |TAMS 0x0000000085c00000, 0x0000000085c00000| Untracked 
|  73|0x0000000085d00000, 0x0000000085d00000, 0x0000000085e00000|  0%| F|  |TAMS 0x0000000085d00000, 0x0000000085d00000| Untracked 
|  74|0x0000000085e00000, 0x0000000085e00000, 0x0000000085f00000|  0%| F|  |TAMS 0x0000000085e00000, 0x0000000085e00000| Untracked 
|  75|0x0000000085f00000, 0x0000000085f00000, 0x0000000086000000|  0%| F|  |TAMS 0x0000000085f00000, 0x0000000085f00000| Untracked 
|  76|0x0000000086000000, 0x0000000086100000, 0x0000000086100000|100%| E|  |TAMS 0x0000000086000000, 0x0000000086000000| Complete 
|  77|0x0000000086100000, 0x0000000086200000, 0x0000000086200000|100%| E|CS|TAMS 0x0000000086100000, 0x0000000086100000| Complete 
|  78|0x0000000086200000, 0x0000000086300000, 0x0000000086300000|100%| E|CS|TAMS 0x0000000086200000, 0x0000000086200000| Complete 
|  79|0x0000000086300000, 0x0000000086400000, 0x0000000086400000|100%| E|CS|TAMS 0x0000000086300000, 0x0000000086300000| Complete 
|  80|0x0000000086400000, 0x0000000086500000, 0x0000000086500000|100%| E|CS|TAMS 0x0000000086400000, 0x0000000086400000| Complete 
|  81|0x0000000086500000, 0x0000000086600000, 0x0000000086600000|100%| E|CS|TAMS 0x0000000086500000, 0x0000000086500000| Complete 
|  82|0x0000000086600000, 0x0000000086700000, 0x0000000086700000|100%| E|CS|TAMS 0x0000000086600000, 0x0000000086600000| Complete 
|  83|0x0000000086700000, 0x0000000086800000, 0x0000000086800000|100%| E|CS|TAMS 0x0000000086700000, 0x0000000086700000| Complete 
|  84|0x0000000086800000, 0x0000000086900000, 0x0000000086900000|100%| E|CS|TAMS 0x0000000086800000, 0x0000000086800000| Complete 
|  85|0x0000000086900000, 0x0000000086a00000, 0x0000000086a00000|100%| E|CS|TAMS 0x0000000086900000, 0x0000000086900000| Complete 
|  86|0x0000000086a00000, 0x0000000086b00000, 0x0000000086b00000|100%| E|CS|TAMS 0x0000000086a00000, 0x0000000086a00000| Complete 
|  87|0x0000000086b00000, 0x0000000086c00000, 0x0000000086c00000|100%| E|CS|TAMS 0x0000000086b00000, 0x0000000086b00000| Complete 
|  88|0x0000000086c00000, 0x0000000086d00000, 0x0000000086d00000|100%| E|CS|TAMS 0x0000000086c00000, 0x0000000086c00000| Complete 
|  89|0x0000000086d00000, 0x0000000086e00000, 0x0000000086e00000|100%| E|CS|TAMS 0x0000000086d00000, 0x0000000086d00000| Complete 
|  90|0x0000000086e00000, 0x0000000086f00000, 0x0000000086f00000|100%| E|CS|TAMS 0x0000000086e00000, 0x0000000086e00000| Complete 
|  91|0x0000000086f00000, 0x0000000087000000, 0x0000000087000000|100%| E|CS|TAMS 0x0000000086f00000, 0x0000000086f00000| Complete 
|  92|0x0000000087000000, 0x0000000087100000, 0x0000000087100000|100%| E|CS|TAMS 0x0000000087000000, 0x0000000087000000| Complete 
|  93|0x0000000087100000, 0x0000000087200000, 0x0000000087200000|100%| E|CS|TAMS 0x0000000087100000, 0x0000000087100000| Complete 
|  94|0x0000000087200000, 0x0000000087300000, 0x0000000087300000|100%| E|CS|TAMS 0x0000000087200000, 0x0000000087200000| Complete 
|  95|0x0000000087300000, 0x0000000087400000, 0x0000000087400000|100%| E|CS|TAMS 0x0000000087300000, 0x0000000087300000| Complete 
|  96|0x0000000087400000, 0x0000000087500000, 0x0000000087500000|100%| E|CS|TAMS 0x0000000087400000, 0x0000000087400000| Complete 
|  97|0x0000000087500000, 0x0000000087600000, 0x0000000087600000|100%| E|CS|TAMS 0x0000000087500000, 0x0000000087500000| Complete 
|  98|0x0000000087600000, 0x000000008766fe80, 0x0000000087700000| 43%| S|CS|TAMS 0x0000000087600000, 0x0000000087600000| Complete 
|  99|0x0000000087700000, 0x0000000087800000, 0x0000000087800000|100%| S|CS|TAMS 0x0000000087700000, 0x0000000087700000| Complete 
| 100|0x0000000087800000, 0x0000000087900000, 0x0000000087900000|100%| S|CS|TAMS 0x0000000087800000, 0x0000000087800000| Complete 
| 101|0x0000000087900000, 0x0000000087a00000, 0x0000000087a00000|100%| E|CS|TAMS 0x0000000087900000, 0x0000000087900000| Complete 
| 102|0x0000000087a00000, 0x0000000087b00000, 0x0000000087b00000|100%| E|CS|TAMS 0x0000000087a00000, 0x0000000087a00000| Complete 
| 103|0x0000000087b00000, 0x0000000087c00000, 0x0000000087c00000|100%| E|CS|TAMS 0x0000000087b00000, 0x0000000087b00000| Complete 
| 104|0x0000000087c00000, 0x0000000087d00000, 0x0000000087d00000|100%| E|CS|TAMS 0x0000000087c00000, 0x0000000087c00000| Complete 
| 105|0x0000000087d00000, 0x0000000087e00000, 0x0000000087e00000|100%| E|CS|TAMS 0x0000000087d00000, 0x0000000087d00000| Complete 
| 106|0x0000000087e00000, 0x0000000087f00000, 0x0000000087f00000|100%| E|CS|TAMS 0x0000000087e00000, 0x0000000087e00000| Complete 
| 107|0x0000000087f00000, 0x0000000088000000, 0x0000000088000000|100%| E|CS|TAMS 0x0000000087f00000, 0x0000000087f00000| Complete 
| 108|0x0000000088000000, 0x0000000088100000, 0x0000000088100000|100%| E|CS|TAMS 0x0000000088000000, 0x0000000088000000| Complete 
| 109|0x0000000088100000, 0x0000000088200000, 0x0000000088200000|100%| E|CS|TAMS 0x0000000088100000, 0x0000000088100000| Complete 
| 110|0x0000000088200000, 0x0000000088300000, 0x0000000088300000|100%| E|CS|TAMS 0x0000000088200000, 0x0000000088200000| Complete 
| 111|0x0000000088300000, 0x0000000088400000, 0x0000000088400000|100%| E|CS|TAMS 0x0000000088300000, 0x0000000088300000| Complete 
| 112|0x0000000088400000, 0x0000000088500000, 0x0000000088500000|100%| E|CS|TAMS 0x0000000088400000, 0x0000000088400000| Complete 
| 113|0x0000000088500000, 0x0000000088600000, 0x0000000088600000|100%| E|CS|TAMS 0x0000000088500000, 0x0000000088500000| Complete 
| 114|0x0000000088600000, 0x0000000088700000, 0x0000000088700000|100%| E|CS|TAMS 0x0000000088600000, 0x0000000088600000| Complete 
| 115|0x0000000088700000, 0x0000000088800000, 0x0000000088800000|100%| E|CS|TAMS 0x0000000088700000, 0x0000000088700000| Complete 
| 116|0x0000000088800000, 0x0000000088900000, 0x0000000088900000|100%| E|CS|TAMS 0x0000000088800000, 0x0000000088800000| Complete 
| 117|0x0000000088900000, 0x0000000088a00000, 0x0000000088a00000|100%| E|CS|TAMS 0x0000000088900000, 0x0000000088900000| Complete 
| 118|0x0000000088a00000, 0x0000000088b00000, 0x0000000088b00000|100%| E|CS|TAMS 0x0000000088a00000, 0x0000000088a00000| Complete 
| 119|0x0000000088b00000, 0x0000000088c00000, 0x0000000088c00000|100%| E|CS|TAMS 0x0000000088b00000, 0x0000000088b00000| Complete 
| 120|0x0000000088c00000, 0x0000000088d00000, 0x0000000088d00000|100%| E|CS|TAMS 0x0000000088c00000, 0x0000000088c00000| Complete 
| 121|0x0000000088d00000, 0x0000000088e00000, 0x0000000088e00000|100%| E|  |TAMS 0x0000000088d00000, 0x0000000088d00000| Complete 
| 122|0x0000000088e00000, 0x0000000088f00000, 0x0000000088f00000|100%| E|CS|TAMS 0x0000000088e00000, 0x0000000088e00000| Complete 
| 123|0x0000000088f00000, 0x0000000089000000, 0x0000000089000000|100%| E|CS|TAMS 0x0000000088f00000, 0x0000000088f00000| Complete 
| 124|0x0000000089000000, 0x0000000089100000, 0x0000000089100000|100%| E|CS|TAMS 0x0000000089000000, 0x0000000089000000| Complete 
| 125|0x0000000089100000, 0x0000000089200000, 0x0000000089200000|100%| E|CS|TAMS 0x0000000089100000, 0x0000000089100000| Complete 
| 126|0x0000000089200000, 0x0000000089300000, 0x0000000089300000|100%| E|CS|TAMS 0x0000000089200000, 0x0000000089200000| Complete 
| 127|0x0000000089300000, 0x0000000089400000, 0x0000000089400000|100%| E|CS|TAMS 0x0000000089300000, 0x0000000089300000| Complete 

Card table byte_map: [0x0000017fa8220000,0x0000017fa8620000] _byte_map_base: 0x0000017fa7e16000

Marking Bits (Prev, Next): (CMBitMap*) 0x0000017f915f5110, (CMBitMap*) 0x0000017f915f5150
 Prev Bits: [0x0000017fa8a20000, 0x0000017faa9d0000)
 Next Bits: [0x0000017faa9d0000, 0x0000017fac980000)

Polling page: 0x0000017f8f510000

Metaspace:

Usage:
  Non-class:     17.91 MB used.
      Class:      2.60 MB used.
       Both:     20.51 MB used.

Virtual space:
  Non-class space:       24.00 MB reserved,      18.06 MB ( 75%) committed,  3 nodes.
      Class space:        1.00 GB reserved,       2.75 MB ( <1%) committed,  1 nodes.
             Both:        1.02 GB reserved,      20.81 MB (  2%) committed. 

Chunk freelists:
   Non-Class:  1.47 MB
       Class:  1.31 MB
        Both:  2.78 MB

MaxMetaspaceSize: unlimited
CompressedClassSpaceSize: 1.00 GB
Initial GC threshold: 21.00 MB
Current GC threshold: 21.00 MB
CDS: on
MetaspaceReclaimPolicy: balanced
 - commit_granule_bytes: 65536.
 - commit_granule_words: 8192.
 - virtual_space_node_default_size: 1048576.
 - enlarge_chunks_in_place: 1.
 - new_chunks_are_fully_committed: 0.
 - uncommit_free_chunks: 1.
 - use_allocation_guard: 0.
 - handle_deallocations: 1.


Internal statistics:

num_allocs_failed_limit: 0.
num_arena_births: 210.
num_arena_deaths: 0.
num_vsnodes_births: 4.
num_vsnodes_deaths: 0.
num_space_committed: 333.
num_space_uncommitted: 0.
num_chunks_returned_to_freelist: 0.
num_chunks_taken_from_freelist: 914.
num_chunk_merges: 0.
num_chunk_splits: 636.
num_chunks_enlarged: 517.
num_purges: 0.
num_inconsistent_stats: 0.

CodeHeap 'non-profiled nmethods': size=120000Kb used=1176Kb max_used=1176Kb free=118823Kb
 bounds [0x0000017fa08f0000, 0x0000017fa0b60000, 0x0000017fa7e20000]
CodeHeap 'profiled nmethods': size=120000Kb used=5736Kb max_used=5736Kb free=114263Kb
 bounds [0x0000017f98e20000, 0x0000017f993c0000, 0x0000017fa0350000]
CodeHeap 'non-nmethods': size=5760Kb used=1200Kb max_used=1280Kb free=4559Kb
 bounds [0x0000017fa0350000, 0x0000017fa05c0000, 0x0000017fa08f0000]
 total_blobs=3238 nmethods=2739 adapters=411
 compilation: enabled
              stopped_count=0, restarted_count=0
 full_count=0

Compilation events (20 events):
Event: 3.121 Thread 0x0000017faee31130 2685       3       org.springframework.beans.factory.support.AbstractBeanFactory::isTypeMatch (8 bytes)
Event: 3.121 Thread 0x0000017faee31130 nmethod 2685 0x0000017f9939d210 code [0x0000017f9939d3a0, 0x0000017f9939d568]
Event: 3.124 Thread 0x0000017faee31130 2686       3       java.util.ArrayList::toArray (12 bytes)
Event: 3.124 Thread 0x0000017faee31130 nmethod 2686 0x0000017f9939d610 code [0x0000017f9939d7c0, 0x0000017f9939d9a8]
Event: 3.124 Thread 0x0000017faee31130 2687       3       java.util.concurrent.CopyOnWriteArrayList::<init> (24 bytes)
Event: 3.124 Thread 0x0000017faee31130 nmethod 2687 0x0000017f9939da90 code [0x0000017f9939dc40, 0x0000017f9939dfd8]
Event: 3.125 Thread 0x0000017faee31130 2688       1       org.springframework.beans.factory.support.AbstractBeanDefinition::getScope (5 bytes)
Event: 3.126 Thread 0x0000017faee31130 nmethod 2688 0x0000017fa0a0df10 code [0x0000017fa0a0e0a0, 0x0000017fa0a0e178]
Event: 3.133 Thread 0x0000017faee31130 2689       1       java.lang.reflect.Method::getGenericSignature (5 bytes)
Event: 3.133 Thread 0x0000017faee31130 nmethod 2689 0x0000017fa0a0e210 code [0x0000017fa0a0e3a0, 0x0000017fa0a0e478]
Event: 3.137 Thread 0x0000017faee31130 2690       3       org.springframework.core.ResolvableType$1::isAssignableFrom (33 bytes)
Event: 3.137 Thread 0x0000017faee31130 nmethod 2690 0x0000017f9939e110 code [0x0000017f9939e2c0, 0x0000017f9939e568]
Event: 3.139 Thread 0x0000017faee31130 2691       3       sun.reflect.annotation.AnnotationParser::parseArrayElements (101 bytes)
Event: 3.140 Thread 0x0000017faee31130 nmethod 2691 0x0000017f9939e690 code [0x0000017f9939e8a0, 0x0000017f9939f1b8]
Event: 3.140 Thread 0x0000017faee31130 2693       3       org.springframework.boot.autoconfigure.condition.ConditionMessage$Style::applyTo (62 bytes)
Event: 3.141 Thread 0x0000017faee31130 nmethod 2693 0x0000017f9939f410 code [0x0000017f9939f660, 0x0000017f993a00e8]
Event: 3.141 Thread 0x0000017faee31130 2692       3       org.springframework.boot.autoconfigure.condition.ConditionMessage$ItemsBuilder::<init> (32 bytes)
Event: 3.141 Thread 0x0000017faee31130 nmethod 2692 0x0000017f993a0490 code [0x0000017f993a0640, 0x0000017f993a0978]
Event: 3.141 Thread 0x0000017faee31130 2694       3       org.springframework.util.Assert::notNull (17 bytes)
Event: 3.141 Thread 0x0000017faee31130 nmethod 2694 0x0000017f993a0a90 code [0x0000017f993a0c60, 0x0000017f993a10d8]

GC Heap History (6 events):
Event: 0.631 GC heap before
{Heap before GC invocations=0 (full 0):
 garbage-first heap   total 131072K, used 13312K [0x0000000081400000, 0x0000000100000000)
  region size 1024K, 13 young (13312K), 0 survivors (0K)
 Metaspace       used 3612K, committed 3776K, reserved 1056768K
  class space    used 383K, committed 512K, reserved 1048576K
}
Event: 0.644 GC heap after
{Heap after GC invocations=1 (full 0):
 garbage-first heap   total 131072K, used 6208K [0x0000000081400000, 0x0000000100000000)
  region size 1024K, 2 young (2048K), 2 survivors (2048K)
 Metaspace       used 3612K, committed 3776K, reserved 1056768K
  class space    used 383K, committed 512K, reserved 1048576K
}
Event: 1.027 GC heap before
{Heap before GC invocations=1 (full 0):
 garbage-first heap   total 131072K, used 16448K [0x0000000081400000, 0x0000000100000000)
  region size 1024K, 13 young (13312K), 2 survivors (2048K)
 Metaspace       used 6267K, committed 6400K, reserved 1056768K
  class space    used 728K, committed 768K, reserved 1048576K
}
Event: 1.029 GC heap after
{Heap after GC invocations=2 (full 0):
 garbage-first heap   total 131072K, used 6825K [0x0000000081400000, 0x0000000100000000)
  region size 1024K, 1 young (1024K), 1 survivors (1024K)
 Metaspace       used 6267K, committed 6400K, reserved 1056768K
  class space    used 728K, committed 768K, reserved 1048576K
}
Event: 1.908 GC heap before
{Heap before GC invocations=2 (full 0):
 garbage-first heap   total 131072K, used 32425K [0x0000000081400000, 0x0000000100000000)
  region size 1024K, 27 young (27648K), 1 survivors (1024K)
 Metaspace       used 12421K, committed 12672K, reserved 1064960K
  class space    used 1637K, committed 1728K, reserved 1048576K
}
Event: 1.913 GC heap after
{Heap after GC invocations=3 (full 0):
 garbage-first heap   total 131072K, used 8614K [0x0000000081400000, 0x0000000100000000)
  region size 1024K, 3 young (3072K), 3 survivors (3072K)
 Metaspace       used 12421K, committed 12672K, reserved 1064960K
  class space    used 1637K, committed 1728K, reserved 1048576K
}

Deoptimization events (20 events):
Event: 2.978 Thread 0x0000017fb03d5da0 Uncommon trap: trap_request=0xffffff45 fr.pc=0x0000017fa09e0fe4 relative=0x00000000000016c4
Event: 2.978 Thread 0x0000017fb03d5da0 Uncommon trap: reason=unstable_if action=reinterpret pc=0x0000017fa09e0fe4 method=jdk.internal.jimage.ImageLocation.verifyName(Ljava/lang/String;Ljava/lang/String;IIIIIILjdk/internal/jimage/ImageStrings;)Z @ 2 c2
Event: 2.978 Thread 0x0000017fb03d5da0 DEOPT PACKING pc=0x0000017fa09e0fe4 sp=0x0000000dac1fd220
Event: 2.978 Thread 0x0000017fb03d5da0 DEOPT UNPACKING pc=0x0000017fa03a23a3 sp=0x0000000dac1fd118 mode 2
Event: 2.995 Thread 0x0000017fb03d5da0 Uncommon trap: trap_request=0xffffffde fr.pc=0x0000017fa08ff428 relative=0x00000000000001a8
Event: 2.995 Thread 0x0000017fb03d5da0 Uncommon trap: reason=class_check action=maybe_recompile pc=0x0000017fa08ff428 method=java.lang.String.equals(Ljava/lang/Object;)Z @ 8 c2
Event: 2.995 Thread 0x0000017fb03d5da0 DEOPT PACKING pc=0x0000017fa08ff428 sp=0x0000000dac1fddf0
Event: 2.995 Thread 0x0000017fb03d5da0 DEOPT UNPACKING pc=0x0000017fa03a23a3 sp=0x0000000dac1fdd88 mode 2
Event: 2.995 Thread 0x0000017fb03d5da0 Uncommon trap: trap_request=0xffffffde fr.pc=0x0000017fa08ff428 relative=0x00000000000001a8
Event: 2.995 Thread 0x0000017fb03d5da0 Uncommon trap: reason=class_check action=maybe_recompile pc=0x0000017fa08ff428 method=java.lang.String.equals(Ljava/lang/Object;)Z @ 8 c2
Event: 2.995 Thread 0x0000017fb03d5da0 DEOPT PACKING pc=0x0000017fa08ff428 sp=0x0000000dac1fddf0
Event: 2.995 Thread 0x0000017fb03d5da0 DEOPT UNPACKING pc=0x0000017fa03a23a3 sp=0x0000000dac1fdd88 mode 2
Event: 2.995 Thread 0x0000017fb03d5da0 Uncommon trap: trap_request=0xffffffde fr.pc=0x0000017fa08ff428 relative=0x00000000000001a8
Event: 2.995 Thread 0x0000017fb03d5da0 Uncommon trap: reason=class_check action=maybe_recompile pc=0x0000017fa08ff428 method=java.lang.String.equals(Ljava/lang/Object;)Z @ 8 c2
Event: 2.995 Thread 0x0000017fb03d5da0 DEOPT PACKING pc=0x0000017fa08ff428 sp=0x0000000dac1fddf0
Event: 2.995 Thread 0x0000017fb03d5da0 DEOPT UNPACKING pc=0x0000017fa03a23a3 sp=0x0000000dac1fdd88 mode 2
Event: 2.996 Thread 0x0000017fb03d5da0 Uncommon trap: trap_request=0xffffffde fr.pc=0x0000017fa08ff428 relative=0x00000000000001a8
Event: 2.996 Thread 0x0000017fb03d5da0 Uncommon trap: reason=class_check action=maybe_recompile pc=0x0000017fa08ff428 method=java.lang.String.equals(Ljava/lang/Object;)Z @ 8 c2
Event: 2.996 Thread 0x0000017fb03d5da0 DEOPT PACKING pc=0x0000017fa08ff428 sp=0x0000000dac1fdac0
Event: 2.996 Thread 0x0000017fb03d5da0 DEOPT UNPACKING pc=0x0000017fa03a23a3 sp=0x0000000dac1fda58 mode 2

Classes unloaded (0 events):
No events

Classes redefined (0 events):
No events

Internal exceptions (20 events):
Event: 1.263 Thread 0x0000017fb03d5da0 Exception <a 'java/lang/NoSuchMethodError'{0x0000000088d389e8}: 'void java.lang.invoke.DirectMethodHandle$Holder.invokeInterface(java.lang.Object, java.lang.Object, java.lang.Object)'> (0x0000000088d389e8) 
thrown [s\open\src\hotspot\share\interpreter\linkResolver.cpp, line 759]
Event: 1.290 Thread 0x0000017fb03d5da0 Exception <a 'java/lang/NoSuchMethodError'{0x0000000088dd0e08}: 'void java.lang.invoke.DirectMethodHandle$Holder.invokeStaticInit(java.lang.Object, java.lang.Object)'> (0x0000000088dd0e08) 
thrown [s\open\src\hotspot\share\interpreter\linkResolver.cpp, line 759]
Event: 1.293 Thread 0x0000017fb03d5da0 Exception <a 'java/lang/NoSuchMethodError'{0x0000000088dde3e8}: 'void java.lang.invoke.DirectMethodHandle$Holder.invokeStaticInit(java.lang.Object, java.lang.Object, java.lang.Object)'> (0x0000000088dde3e8) 
thrown [s\open\src\hotspot\share\interpreter\linkResolver.cpp, line 759]
Event: 1.300 Thread 0x0000017fb03d5da0 Exception <a 'java/lang/NoSuchMethodError'{0x0000000088c1bf48}: 'java.lang.Object java.lang.invoke.DirectMethodHandle$Holder.invokeStatic(java.lang.Object, java.lang.Object, long, java.lang.Object)'> (0x0000000088c1bf48) 
thrown [s\open\src\hotspot\share\interpreter\linkResolver.cpp, line 759]
Event: 1.301 Thread 0x0000017fb03d5da0 Exception <a 'java/lang/NoSuchMethodError'{0x0000000088c1f9e0}: 'java.lang.Object java.lang.invoke.DirectMethodHandle$Holder.invokeStaticInit(java.lang.Object, java.lang.Object, long, java.lang.Object)'> (0x0000000088c1f9e0) 
thrown [s\open\src\hotspot\share\interpreter\linkResolver.cpp, line 759]
Event: 1.301 Thread 0x0000017fb03d5da0 Exception <a 'java/lang/NoSuchMethodError'{0x0000000088c260e8}: 'java.lang.Object java.lang.invoke.DirectMethodHandle$Holder.newInvokeSpecial(java.lang.Object, java.lang.Object, long)'> (0x0000000088c260e8) 
thrown [s\open\src\hotspot\share\interpreter\linkResolver.cpp, line 759]
Event: 1.302 Thread 0x0000017fb03d5da0 Exception <a 'java/lang/NoSuchMethodError'{0x0000000088c29c58}: 'java.lang.Object java.lang.invoke.Invokers$Holder.linkToTargetMethod(java.lang.Object, long, java.lang.Object)'> (0x0000000088c29c58) 
thrown [s\open\src\hotspot\share\interpreter\linkResolver.cpp, line 759]
Event: 1.319 Thread 0x0000017fb03d5da0 Exception <a 'java/lang/NoSuchMethodError'{0x0000000088c75bd8}: 'void java.lang.invoke.DirectMethodHandle$Holder.invokeVirtual(java.lang.Object, java.lang.Object, java.lang.Object, java.lang.Object)'> (0x0000000088c75bd8) 
thrown [s\open\src\hotspot\share\interpreter\linkResolver.cpp, line 759]
Event: 1.365 Thread 0x0000017fb03d5da0 Exception <a 'java/lang/NoSuchMethodError'{0x0000000088bce550}: 'void java.lang.invoke.DirectMethodHandle$Holder.invokeSpecial(java.lang.Object, java.lang.Object, java.lang.Object)'> (0x0000000088bce550) 
thrown [s\open\src\hotspot\share\interpreter\linkResolver.cpp, line 759]
Event: 1.366 Thread 0x0000017fb03d5da0 Exception <a 'java/lang/NoSuchMethodError'{0x0000000088bd4a98}: 'void java.lang.invoke.DirectMethodHandle$Holder.invokeSpecial(java.lang.Object, java.lang.Object, java.lang.Object, java.lang.Object, java.lang.Object)'> (0x0000000088bd4a98) 
thrown [s\open\src\hotspot\share\interpreter\linkResolver.cpp, line 759]
Event: 1.373 Thread 0x0000017fb03d5da0 Exception <a 'java/lang/IncompatibleClassChangeError'{0x0000000088a063b0}: Found class java.lang.Object, but interface was expected> (0x0000000088a063b0) 
thrown [s\open\src\hotspot\share\interpreter\linkResolver.cpp, line 826]
Event: 1.857 Thread 0x0000017fb03d5da0 Exception <a 'java/lang/NoSuchMethodError'{0x00000000879160b0}: 'int java.lang.invoke.DirectMethodHandle$Holder.invokeSpecial(java.lang.Object, java.lang.Object, java.lang.Object, java.lang.Object, java.lang.Object)'> (0x00000000879160b0) 
thrown [s\open\src\hotspot\share\interpreter\linkResolver.cpp, line 759]
Event: 1.860 Thread 0x0000017fb03d5da0 Exception <a 'java/lang/NoSuchMethodError'{0x000000008791f2f8}: 'void java.lang.invoke.DirectMethodHandle$Holder.invokeVirtual(java.lang.Object, java.lang.Object)'> (0x000000008791f2f8) 
thrown [s\open\src\hotspot\share\interpreter\linkResolver.cpp, line 759]
Event: 2.440 Thread 0x0000017fb03d5da0 Exception <a 'java/lang/IncompatibleClassChangeError'{0x0000000087f08458}: Found class java.lang.Object, but interface was expected> (0x0000000087f08458) 
thrown [s\open\src\hotspot\share\interpreter\linkResolver.cpp, line 826]
Event: 2.708 Thread 0x0000017fb06f3710 Exception <a 'java/lang/NoSuchMethodError'{0x0000000086fc7b98}: 'long java.lang.invoke.DirectMethodHandle$Holder.invokeSpecial(java.lang.Object, java.lang.Object)'> (0x0000000086fc7b98) 
thrown [s\open\src\hotspot\share\interpreter\linkResolver.cpp, line 759]
Event: 2.710 Thread 0x0000017fb06f3710 Exception <a 'java/lang/NoSuchMethodError'{0x0000000086fd2dc0}: 'long java.lang.invoke.DirectMethodHandle$Holder.invokeStatic(java.lang.Object, java.lang.Object)'> (0x0000000086fd2dc0) 
thrown [s\open\src\hotspot\share\interpreter\linkResolver.cpp, line 759]
Event: 2.711 Thread 0x0000017fb06f3710 Exception <a 'java/lang/NoSuchMethodError'{0x0000000086fd63c0}: 'long java.lang.invoke.DirectMethodHandle$Holder.invokeStaticInit(java.lang.Object, java.lang.Object)'> (0x0000000086fd63c0) 
thrown [s\open\src\hotspot\share\interpreter\linkResolver.cpp, line 759]
Event: 2.714 Thread 0x0000017fb06f3710 Exception <a 'java/lang/NoSuchMethodError'{0x0000000086fe3ee8}: 'long java.lang.invoke.DirectMethodHandle$Holder.invokeInterface(java.lang.Object, java.lang.Object)'> (0x0000000086fe3ee8) 
thrown [s\open\src\hotspot\share\interpreter\linkResolver.cpp, line 759]
Event: 2.714 Thread 0x0000017fb06f3710 Exception <a 'java/lang/IncompatibleClassChangeError'{0x0000000086fe7478}: Found class java.lang.Object, but interface was expected> (0x0000000086fe7478) 
thrown [s\open\src\hotspot\share\interpreter\linkResolver.cpp, line 826]
Event: 2.841 Thread 0x0000017fb06f3710 Exception <a 'java/lang/NoSuchMethodError'{0x0000000086d65b90}: 'java.lang.Object java.lang.invoke.DirectMethodHandle$Holder.invokeVirtual(java.lang.Object, java.lang.Object, java.lang.Object, java.lang.Object)'> (0x0000000086d65b90) 
thrown [s\open\src\hotspot\share\interpreter\linkResolver.cpp, line 759]

VM Operations (20 events):
Event: 1.361 Executing VM operation: HandshakeAllThreads
Event: 1.361 Executing VM operation: HandshakeAllThreads done
Event: 1.361 Executing VM operation: HandshakeAllThreads
Event: 1.361 Executing VM operation: HandshakeAllThreads done
Event: 1.711 Executing VM operation: ICBufferFull
Event: 1.711 Executing VM operation: ICBufferFull done
Event: 1.737 Executing VM operation: HandshakeAllThreads
Event: 1.737 Executing VM operation: HandshakeAllThreads done
Event: 1.761 Executing VM operation: HandshakeAllThreads
Event: 1.761 Executing VM operation: HandshakeAllThreads done
Event: 1.839 Executing VM operation: HandshakeAllThreads
Event: 1.839 Executing VM operation: HandshakeAllThreads done
Event: 1.895 Executing VM operation: G1CollectForAllocation
Event: 1.913 Executing VM operation: G1CollectForAllocation done
Event: 2.265 Executing VM operation: HandshakeAllThreads
Event: 2.402 Executing VM operation: HandshakeAllThreads done
Event: 2.670 Executing VM operation: ICBufferFull
Event: 2.672 Executing VM operation: ICBufferFull done
Event: 3.059 Executing VM operation: ICBufferFull
Event: 3.059 Executing VM operation: ICBufferFull done

Events (20 events):
Event: 2.216 loading class java/util/concurrent/atomic/AtomicReferenceArray
Event: 2.216 loading class java/util/concurrent/atomic/AtomicReferenceArray done
Event: 2.261 loading class sun/text/resources/cldr/FormatData_en
Event: 2.261 loading class sun/text/resources/cldr/FormatData_en done
Event: 2.262 loading class sun/text/resources/cldr/FormatData_en_US
Event: 2.262 loading class sun/text/resources/cldr/FormatData_en_US done
Event: 2.416 loading class javax/naming/ldap/LdapContext
Event: 2.416 loading class javax/naming/directory/DirContext
Event: 2.416 loading class javax/naming/directory/DirContext done
Event: 2.416 loading class javax/naming/ldap/LdapContext done
Event: 2.419 loading class java/io/CharArrayReader
Event: 2.420 loading class java/io/CharArrayReader done
Event: 2.429 Thread 0x0000017fb0742830 Thread exited: 0x0000017fb0742830
Event: 2.677 loading class java/util/regex/Pattern$Pos
Event: 2.677 loading class java/util/regex/Pattern$Pos done
Event: 2.767 loading class java/beans/PropertyVetoException
Event: 2.767 loading class java/beans/PropertyVetoException done
Event: 2.807 loading class java/nio/charset/CharacterCodingException
Event: 2.807 loading class java/nio/charset/CharacterCodingException done
Event: 2.843 Thread 0x0000017fb06f3710 Thread exited: 0x0000017fb06f3710


Dynamic libraries:
0x00007ff7574a0000 - 0x00007ff7574b0000 	C:\Program Files\Java\jdk-17\bin\java.exe
0x00007ffb8d5d0000 - 0x00007ffb8d7c8000 	C:\Windows\SYSTEM32\ntdll.dll
0x00007ffb8d0e0000 - 0x00007ffb8d19f000 	C:\Windows\System32\KERNEL32.DLL
0x00007ffb8b030000 - 0x00007ffb8b326000 	C:\Windows\System32\KERNELBASE.dll
0x00007ffb8ae40000 - 0x00007ffb8af40000 	C:\Windows\System32\ucrtbase.dll
0x00007ffb4de70000 - 0x00007ffb4de88000 	C:\Program Files\Java\jdk-17\bin\jli.dll
0x00007ffb4de50000 - 0x00007ffb4de6b000 	C:\Program Files\Java\jdk-17\bin\VCRUNTIME140.dll
0x00007ffb8bb70000 - 0x00007ffb8bc1f000 	C:\Windows\System32\ADVAPI32.dll
0x00007ffb8b6c0000 - 0x00007ffb8b75e000 	C:\Windows\System32\msvcrt.dll
0x00007ffb8bc20000 - 0x00007ffb8bcbc000 	C:\Windows\System32\sechost.dll
0x00007ffb8d1a0000 - 0x00007ffb8d2c6000 	C:\Windows\System32\RPCRT4.dll
0x00007ffb8c420000 - 0x00007ffb8c5bd000 	C:\Windows\System32\USER32.dll
0x00007ffb8b330000 - 0x00007ffb8b352000 	C:\Windows\System32\win32u.dll
0x00007ffb7b4d0000 - 0x00007ffb7b76a000 	C:\Windows\WinSxS\amd64_microsoft.windows.common-controls_6595b64144ccf1df_6.0.19041.1110_none_60b5254171f9507e\COMCTL32.dll
0x00007ffb8b630000 - 0x00007ffb8b65c000 	C:\Windows\System32\GDI32.dll
0x00007ffb8ad20000 - 0x00007ffb8ae35000 	C:\Windows\System32\gdi32full.dll
0x00007ffb8af90000 - 0x00007ffb8b02d000 	C:\Windows\System32\msvcp_win.dll
0x00007ffb84360000 - 0x00007ffb8436a000 	C:\Windows\SYSTEM32\VERSION.dll
0x00007ffb8c210000 - 0x00007ffb8c240000 	C:\Windows\System32\IMM32.DLL
0x00007ffb4de40000 - 0x00007ffb4de4c000 	C:\Program Files\Java\jdk-17\bin\vcruntime140_1.dll
0x00007ffb4ddb0000 - 0x00007ffb4de3e000 	C:\Program Files\Java\jdk-17\bin\msvcp140.dll
0x00007ffb318d0000 - 0x00007ffb324a7000 	C:\Program Files\Java\jdk-17\bin\server\jvm.dll
0x00007ffb8bcc0000 - 0x00007ffb8bcc8000 	C:\Windows\System32\PSAPI.DLL
0x00007ffb849d0000 - 0x00007ffb849d9000 	C:\Windows\SYSTEM32\WSOCK32.dll
0x00007ffb7b920000 - 0x00007ffb7b947000 	C:\Windows\SYSTEM32\WINMM.dll
0x00007ffb8ce60000 - 0x00007ffb8cecb000 	C:\Windows\System32\WS2_32.dll
0x00007ffb89500000 - 0x00007ffb89512000 	C:\Windows\SYSTEM32\kernel.appcore.dll
0x00007ffb4dda0000 - 0x00007ffb4ddaa000 	C:\Program Files\Java\jdk-17\bin\jimage.dll
0x00007ffb78f40000 - 0x00007ffb79124000 	C:\Windows\SYSTEM32\DBGHELP.DLL
0x00007ffb78f00000 - 0x00007ffb78f34000 	C:\Windows\SYSTEM32\dbgcore.DLL
0x00007ffb8b5a0000 - 0x00007ffb8b622000 	C:\Windows\System32\bcryptPrimitives.dll
0x00007ffb88470000 - 0x00007ffb8847e000 	C:\Program Files\Java\jdk-17\bin\instrument.dll
0x00007ffb4dd70000 - 0x00007ffb4dd95000 	C:\Program Files\Java\jdk-17\bin\java.dll
0x00007ffb4b390000 - 0x00007ffb4b467000 	C:\Program Files\Java\jdk-17\bin\jsvml.dll
0x00007ffb8c6b0000 - 0x00007ffb8cdf4000 	C:\Windows\System32\SHELL32.dll
0x00007ffb88d20000 - 0x00007ffb894b3000 	C:\Windows\SYSTEM32\windows.storage.dll
0x00007ffb8b810000 - 0x00007ffb8bb64000 	C:\Windows\System32\combase.dll
0x00007ffb8a710000 - 0x00007ffb8a73e000 	C:\Windows\SYSTEM32\Wldp.dll
0x00007ffb8c250000 - 0x00007ffb8c2fd000 	C:\Windows\System32\SHCORE.dll
0x00007ffb8ced0000 - 0x00007ffb8cf25000 	C:\Windows\System32\shlwapi.dll
0x00007ffb8abf0000 - 0x00007ffb8ac0f000 	C:\Windows\SYSTEM32\profapi.dll
0x00007ffb4b370000 - 0x00007ffb4b388000 	C:\Program Files\Java\jdk-17\bin\zip.dll
0x00007ffb4dd50000 - 0x00007ffb4dd69000 	C:\Program Files\Java\jdk-17\bin\net.dll
0x00007ffb80ff0000 - 0x00007ffb810fa000 	C:\Windows\SYSTEM32\WINHTTP.dll
0x00007ffb8a470000 - 0x00007ffb8a4da000 	C:\Windows\system32\mswsock.dll
0x00007ffb4dd30000 - 0x00007ffb4dd46000 	C:\Program Files\Java\jdk-17\bin\nio.dll
0x00007ffb83ca0000 - 0x00007ffb83cba000 	D:\INTELLIJ instalacao\IntelliJ IDEA Community Edition 2023.1.1\bin\breakgen64.dll
0x00007ffb88460000 - 0x00007ffb8846a000 	C:\Program Files\Java\jdk-17\bin\management.dll
0x00007ffb88170000 - 0x00007ffb8817b000 	C:\Program Files\Java\jdk-17\bin\management_ext.dll

dbghelp: loaded successfully - version: 4.0.5 - missing functions: none
symbol engine: initialized successfully - sym options: 0x614 - pdb path: .;C:\Program Files\Java\jdk-17\bin;C:\Windows\SYSTEM32;C:\Windows\WinSxS\amd64_microsoft.windows.common-controls_6595b64144ccf1df_6.0.19041.1110_none_60b5254171f9507e;C:\Program Files\Java\jdk-17\bin\server;D:\INTELLIJ instalacao\IntelliJ IDEA Community Edition 2023.1.1\bin

VM Arguments:
jvm_args: -javaagent:D:\INTELLIJ instalacao\IntelliJ IDEA Community Edition 2023.1.1\lib\idea_rt.jar=60228:D:\INTELLIJ instalacao\IntelliJ IDEA Community Edition 2023.1.1\bin -Dfile.encoding=UTF-8 
java_command: br.com.compassuol.sp.challenge.ecommerce.EcommerceApplication
java_class_path (initial): D:\Challenge8\CompassUOL-SP-Challenge-02-Squad-1-Team-Shenlong\ecommerce\target\classes;C:\Users\Douglas\.m2\repository\org\springframework\boot\spring-boot-starter-web\3.1.0\spring-boot-starter-web-3.1.0.jar;C:\Users\Douglas\.m2\repository\org\springframework\boot\spring-boot-starter\3.1.0\spring-boot-starter-3.1.0.jar;C:\Users\Douglas\.m2\repository\org\springframework\boot\spring-boot-starter-logging\3.1.0\spring-boot-starter-logging-3.1.0.jar;C:\Users\Douglas\.m2\repository\ch\qos\logback\logback-classic\1.4.7\logback-classic-1.4.7.jar;C:\Users\Douglas\.m2\repository\ch\qos\logback\logback-core\1.4.7\logback-core-1.4.7.jar;C:\Users\Douglas\.m2\repository\org\apache\logging\log4j\log4j-to-slf4j\2.20.0\log4j-to-slf4j-2.20.0.jar;C:\Users\Douglas\.m2\repository\org\apache\logging\log4j\log4j-api\2.20.0\log4j-api-2.20.0.jar;C:\Users\Douglas\.m2\repository\org\slf4j\jul-to-slf4j\2.0.7\jul-to-slf4j-2.0.7.jar;C:\Users\Douglas\.m2\repository\jakarta\annotation\jakarta.annotation-api\2.1.1\jakarta.annotation-api-2.1.1.jar;C:\Users\Douglas\.m2\repository\org\yaml\snakeyaml\1.33\snakeyaml-1.33.jar;C:\Users\Douglas\.m2\repository\org\springframework\boot\spring-boot-starter-json\3.1.0\spring-boot-starter-json-3.1.0.jar;C:\Users\Douglas\.m2\repository\com\fasterxml\jackson\core\jackson-databind\2.15.0\jackson-databind-2.15.0.jar;C:\Users\Douglas\.m2\repository\com\fasterxml\jackson\core\jackson-annotations\2.15.0\jackson-annotations-2.15.0.jar;C:\Users\Douglas\.m2\repository\com\fasterxml\jackson\core\jackson-core\2.15.0\jackson-core-2.15.0.jar;C:\Users\Douglas\.m2\repository\com\fasterxml\jackson\datatype\jackson-datatype-jdk8\2.15.0\jackson-datatype-jdk8-2.15.0.jar;C:\Users\Douglas\.m2\repository\com\fasterxml\jackson\datatype\jackson-datatype-jsr310\2.15.0\jackson-datatype-jsr310-2.15.0.jar;C:\Users\Douglas\.m2\repository\com\fasterxml\jackson\module\jackson-module-parameter-names\2.15.0\jackson-module-parameter-names-2.15.0.jar;C:\Users\Dougla
Launcher Type: SUN_STANDARD

[Global flags]
     intx CICompilerCount                          = 3                                         {product} {ergonomic}
     uint ConcGCThreads                            = 1                                         {product} {ergonomic}
     uint G1ConcRefinementThreads                  = 4                                         {product} {ergonomic}
   size_t G1HeapRegionSize                         = 1048576                                   {product} {ergonomic}
    uintx GCDrainStackTargetSize                   = 64                                        {product} {ergonomic}
   size_t InitialHeapSize                          = 134217728                                 {product} {ergonomic}
   size_t MarkStackSize                            = 4194304                                   {product} {ergonomic}
   size_t MaxHeapSize                              = 2126512128                                {product} {ergonomic}
   size_t MaxNewSize                               = 1275068416                                {product} {ergonomic}
   size_t MinHeapDeltaBytes                        = 1048576                                   {product} {ergonomic}
   size_t MinHeapSize                              = 8388608                                   {product} {ergonomic}
    uintx NonNMethodCodeHeapSize                   = 5832780                                {pd product} {ergonomic}
    uintx NonProfiledCodeHeapSize                  = 122912730                              {pd product} {ergonomic}
    uintx ProfiledCodeHeapSize                     = 122912730                              {pd product} {ergonomic}
    uintx ReservedCodeCacheSize                    = 251658240                              {pd product} {ergonomic}
     bool SegmentedCodeCache                       = true                                      {product} {ergonomic}
   size_t SoftMaxHeapSize                          = 2126512128                             {manageable} {ergonomic}
     bool UseCompressedClassPointers               = true                           {product lp64_product} {ergonomic}
     bool UseCompressedOops                        = true                           {product lp64_product} {ergonomic}
     bool UseG1GC                                  = true                                      {product} {ergonomic}
     bool UseLargePagesIndividualAllocation        = false                                  {pd product} {ergonomic}

Logging:
Log output configuration:
 #0: stdout all=warning uptime,level,tags
 #1: stderr all=off uptime,level,tags

Environment Variables:
JAVA_HOME=C:\Program Files\Java\jdk-17
PATH=C:\Program Files\Common Files\Oracle\Java\javapath;C:\Program Files\Python311\Scripts\;C:\Program Files\Python311\;C:\Program Files (x86)\Intel\Intel(R) Management Engine Components\iCLS\;C:\Program Files\Intel\Intel(R) Management Engine Components\iCLS\;C:\Program Files (x86)\Common Files\Oracle\Java\javapath;C:\Windows\system32;C:\Windows;C:\Windows\System32\Wbem;C:\Windows\System32\WindowsPowerShell\v1.0\;C:\Windows\System32\OpenSSH\;C:\Program Files (x86)\Intel\Intel(R) Management Engine Components\DAL;C:\Program Files\Intel\Intel(R) Management Engine Components\DAL;C:\Program Files\Microsoft SQL Server\Client SDK\ODBC\110\Tools\Binn\;C:\Program Files (x86)\Microsoft SQL Server\120\Tools\Binn\;C:\Program Files\Microsoft SQL Server\120\Tools\Binn\;C:\Program Files\Microsoft SQL Server\120\DTS\Binn\;C:\Program Files\Microsoft SQL Server\Client SDK\ODBC\170\Tools\Binn\;C:\Program Files (x86)\Microsoft SQL Server\150\Tools\Binn\;C:\Program Files\Microsoft SQL Server\150\Tools\Binn\;C:\Program Files\Microsoft SQL Server\150\DTS\Binn\;D:\NodeJs\;C:\Program Files\Git\cmd;C:\Program Files\Notepad++;C:\Program Files\Perforce\;C:\Program Files\Perforce;C:\ffmpeg\bin;C:\Users\Douglas\AppData\Local\Programs\Microsoft VS Code\bin;C:\Program Files\Java\jdk-17\bin;C:\Program Files\heroku\bin;D:\INTELLIJ instalacao\IntelliJ IDEA Community Edition 2023.1.1\bin;C:\Users\Douglas\AppData\Local\JetBrains\Toolbox\scripts;
USERNAME=Jaqueline
OS=Windows_NT
PROCESSOR_IDENTIFIER=Intel64 Family 6 Model 142 Stepping 9, GenuineIntel



---------------  S Y S T E M  ---------------

OS:
 Windows 10 , 64 bit Build 19041 (10.0.19041.2913)
OS uptime: 0 days 1:52 hours

CPU: total 4 (initial active 4) (2 cores per cpu, 2 threads per core) family 6 model 142 stepping 9 microcode 0xb4, cx8, cmov, fxsr, ht, mmx, 3dnowpref, sse, sse2, sse3, ssse3, sse4.1, sse4.2, popcnt, lzcnt, tsc, tscinvbit, avx, avx2, aes, erms, clmul, bmi1, bmi2, adx, fma, vzeroupper, clflush, clflushopt

Memory: 4k page, system-wide physical 8105M (1124M free)
TotalPageFile size 10153M (AvailPageFile size 4M)
current process WorkingSet (physical memory assigned to process): 152M, peak: 152M
current process commit charge ("private bytes"): 259M, peak: 259M

vm_info: Java HotSpot(TM) 64-Bit Server VM (17.0.6+9-LTS-190) for windows-amd64 JRE (17.0.6+9-LTS-190), built on Dec  6 2022 15:53:54 by "mach5one" with MS VC++ 17.1 (VS2022)

END.
