#
# There is insufficient memory for the Java Runtime Environment to continue.
# Native memory allocation (malloc) failed to allocate 735856 bytes for Chunk::new
# Possible reasons:
#   The system is out of physical RAM or swap space
#   The process is running with CompressedOops enabled, and the Java Heap may be blocking the growth of the native heap
# Possible solutions:
#   Reduce memory load on the system
#   Increase physical memory or swap space
#   Check if swap backing store is full
#   Decrease Java heap size (-Xmx/-Xms)
#   Decrease number of Java threads
#   Decrease Java thread stack sizes (-Xss)
#   Set larger code cache with -XX:ReservedCodeCacheSize=
#   JVM is running with Unscaled Compressed Oops mode in which the Java heap is
#     placed in the first 4GB address space. The Java Heap base address is the
#     maximum limit for the native heap growth. Please use -XX:HeapBaseMinAddress
#     to set the Java Heap base and to place the Java Heap above 4GB virtual address.
# This output file may be truncated or incomplete.
#
#  Out of Memory Error (arena.cpp:189), pid=7792, tid=10608
#
# JRE version: Java(TM) SE Runtime Environment (17.0.6+9) (build 17.0.6+9-LTS-190)
# Java VM: Java HotSpot(TM) 64-Bit Server VM (17.0.6+9-LTS-190, mixed mode, sharing, tiered, compressed oops, compressed class ptrs, g1 gc, windows-amd64)
# No core dump will be written. Minidumps are not enabled by default on client versions of Windows
#

---------------  S U M M A R Y ------------

Command Line: -javaagent:D:\INTELLIJ instalacao\IntelliJ IDEA Community Edition 2023.1.1\lib\idea_rt.jar=63042:D:\INTELLIJ instalacao\IntelliJ IDEA Community Edition 2023.1.1\bin -Dfile.encoding=UTF-8 br.com.compassuol.sp.challenge.ecommerce.EcommerceApplication

Host: Intel(R) Core(TM) i5-7200U CPU @ 2.50GHz, 4 cores, 7G,  Windows 10 , 64 bit Build 19041 (10.0.19041.2913)
Time: Fri Jun  9 11:37:39 2023 Hora oficial do Brasil elapsed time: 3.031723 seconds (0d 0h 0m 3s)

---------------  T H R E A D  ---------------

Current thread (0x000001b1ac3628b0):  JavaThread "C2 CompilerThread1" daemon [_thread_in_native, id=10608, stack(0x00000034b5800000,0x00000034b5900000)]


Current CompileTask:
C2:   3031 2106       4       java.net.URLStreamHandler::parseURL (1201 bytes)

Stack: [0x00000034b5800000,0x00000034b5900000]
Native frames: (J=compiled Java code, j=interpreted, Vv=VM code, C=native code)
V  [jvm.dll+0x6734ea]
V  [jvm.dll+0x7d18f4]
V  [jvm.dll+0x7d309e]
V  [jvm.dll+0x7d3703]
V  [jvm.dll+0x2433c5]
V  [jvm.dll+0xaa46b]
V  [jvm.dll+0xaaa0c]
V  [jvm.dll+0x35eadf]
V  [jvm.dll+0x329401]
V  [jvm.dll+0x32889a]
V  [jvm.dll+0x215ddf]
V  [jvm.dll+0x215211]
V  [jvm.dll+0x1a1730]
V  [jvm.dll+0x224b6e]
V  [jvm.dll+0x222f15]
V  [jvm.dll+0x78753c]
V  [jvm.dll+0x781a7a]
V  [jvm.dll+0x672375]
C  [ucrtbase.dll+0x21bb2]
C  [KERNEL32.DLL+0x17614]
C  [ntdll.dll+0x526a1]


---------------  P R O C E S S  ---------------

Threads class SMR info:
_java_thread_list=0x000001b1ac900010, length=18, elements={
0x000001b18d06b730, 0x000001b1aa8f2260, 0x000001b1aa8f2fe0, 0x000001b1aa9029d0,
0x000001b1aa9062b0, 0x000001b1aa906b70, 0x000001b1aa907430, 0x000001b1aa9080d0,
0x000001b1aa90bf80, 0x000001b1aa916ca0, 0x000001b1ab44ccb0, 0x000001b1ab64a6d0,
0x000001b1ab763250, 0x000001b1abec6e60, 0x000001b1abf23860, 0x000001b1abf8d400,
0x000001b1ac3628b0, 0x000001b1acaabfe0
}

Java Threads: ( => current thread )
  0x000001b18d06b730 JavaThread "main" [_thread_blocked, id=2564, stack(0x00000034b4700000,0x00000034b4800000)]
  0x000001b1aa8f2260 JavaThread "Reference Handler" daemon [_thread_blocked, id=13436, stack(0x00000034b4e00000,0x00000034b4f00000)]
  0x000001b1aa8f2fe0 JavaThread "Finalizer" daemon [_thread_blocked, id=12460, stack(0x00000034b4f00000,0x00000034b5000000)]
  0x000001b1aa9029d0 JavaThread "Signal Dispatcher" daemon [_thread_blocked, id=3384, stack(0x00000034b5000000,0x00000034b5100000)]
  0x000001b1aa9062b0 JavaThread "Attach Listener" daemon [_thread_blocked, id=8316, stack(0x00000034b5100000,0x00000034b5200000)]
  0x000001b1aa906b70 JavaThread "Service Thread" daemon [_thread_blocked, id=6084, stack(0x00000034b5200000,0x00000034b5300000)]
  0x000001b1aa907430 JavaThread "Monitor Deflation Thread" daemon [_thread_blocked, id=6848, stack(0x00000034b5300000,0x00000034b5400000)]
  0x000001b1aa9080d0 JavaThread "C2 CompilerThread0" daemon [_thread_blocked, id=11996, stack(0x00000034b5400000,0x00000034b5500000)]
  0x000001b1aa90bf80 JavaThread "C1 CompilerThread0" daemon [_thread_blocked, id=8276, stack(0x00000034b5500000,0x00000034b5600000)]
  0x000001b1aa916ca0 JavaThread "Sweeper thread" daemon [_thread_blocked, id=2440, stack(0x00000034b5600000,0x00000034b5700000)]
  0x000001b1ab44ccb0 JavaThread "Common-Cleaner" daemon [_thread_blocked, id=4892, stack(0x00000034b5700000,0x00000034b5800000)]
  0x000001b1ab64a6d0 JavaThread "Monitor Ctrl-Break" daemon [_thread_in_native, id=1688, stack(0x00000034b5900000,0x00000034b5a00000)]
  0x000001b1ab763250 JavaThread "Notification Thread" daemon [_thread_blocked, id=6736, stack(0x00000034b5a00000,0x00000034b5b00000)]
  0x000001b1abec6e60 JavaThread "Thread-0" [_thread_blocked, id=13364, stack(0x00000034b5f00000,0x00000034b6000000)]
  0x000001b1abf23860 JavaThread "restartedMain" [_thread_blocked, id=12456, stack(0x00000034b6000000,0x00000034b6100000)]
  0x000001b1abf8d400 JavaThread "background-preinit" [_thread_in_Java, id=6404, stack(0x00000034b6100000,0x00000034b6200000)]
=>0x000001b1ac3628b0 JavaThread "C2 CompilerThread1" daemon [_thread_in_native, id=10608, stack(0x00000034b5800000,0x00000034b5900000)]
  0x000001b1acaabfe0 JavaThread "Thread-3" [_thread_in_vm, id=12904, stack(0x00000034b6200000,0x00000034b6300000)]

Other Threads:
  0x000001b1aa8ed750 VMThread "VM Thread" [stack: 0x00000034b4d00000,0x00000034b4e00000] [id=3024]
  0x000001b18d0df350 WatcherThread [stack: 0x00000034b5b00000,0x00000034b5c00000] [id=5704]
  0x000001b18d0c44a0 GCTaskThread "GC Thread#0" [stack: 0x00000034b4800000,0x00000034b4900000] [id=7220]
  0x000001b1abe4c560 GCTaskThread "GC Thread#1" [stack: 0x00000034b5c00000,0x00000034b5d00000] [id=4452]
  0x000001b1abe4c810 GCTaskThread "GC Thread#2" [stack: 0x00000034b5d00000,0x00000034b5e00000] [id=6952]
  0x000001b1abc77440 GCTaskThread "GC Thread#3" [stack: 0x00000034b5e00000,0x00000034b5f00000] [id=9672]
  0x000001b18d0d6080 ConcurrentGCThread "G1 Main Marker" [stack: 0x00000034b4900000,0x00000034b4a00000] [id=3688]
  0x000001b18d0d7140 ConcurrentGCThread "G1 Conc#0" [stack: 0x00000034b4a00000,0x00000034b4b00000] [id=13028]
  0x000001b18d130af0 ConcurrentGCThread "G1 Refine#0" [stack: 0x00000034b4b00000,0x00000034b4c00000] [id=620]
  0x000001b18d131420 ConcurrentGCThread "G1 Service" [stack: 0x00000034b4c00000,0x00000034b4d00000] [id=588]

Threads with active compile tasks:
C2 CompilerThread1     3074 2106       4       java.net.URLStreamHandler::parseURL (1201 bytes)

VM state: not at safepoint (normal execution)

VM Mutex/Monitor currently owned by a thread: None

Heap address: 0x0000000081400000, size: 2028 MB, Compressed Oops mode: 32-bit

CDS archive(s) mapped at: [0x0000000800000000-0x0000000800bd0000-0x0000000800bd0000), size 12386304, SharedBaseAddress: 0x0000000800000000, ArchiveRelocationMode: 0.
Compressed class space mapped at: 0x0000000800c00000-0x0000000840c00000, reserved size: 1073741824
Narrow klass base: 0x0000000800000000, Narrow klass shift: 0, Narrow klass range: 0x100000000

GC Precious Log:
 CPUs: 4 total, 4 available
 Memory: 8105M
 Large Page Support: Disabled
 NUMA Support: Disabled
 Compressed Oops: Enabled (32-bit)
 Heap Region Size: 1M
 Heap Min Capacity: 8M
 Heap Initial Capacity: 128M
 Heap Max Capacity: 2028M
 Pre-touch: Disabled
 Parallel Workers: 4
 Concurrent Workers: 1
 Concurrent Refinement Workers: 4
 Periodic GC: Disabled

Heap:
 garbage-first heap   total 131072K, used 30359K [0x0000000081400000, 0x0000000100000000)
  region size 1024K, 26 young (26624K), 3 survivors (3072K)
 Metaspace       used 17236K, committed 17472K, reserved 1064960K
  class space    used 2154K, committed 2240K, reserved 1048576K

Heap Regions: E=young(eden), S=young(survivor), O=old, HS=humongous(starts), HC=humongous(continues), CS=collection set, F=free, OA=open archive, CA=closed archive, TAMS=top-at-mark-start (previous, next)
|   0|0x0000000081400000, 0x0000000081500000, 0x0000000081500000|100%|HS|  |TAMS 0x0000000081400000, 0x0000000081400000| Complete 
|   1|0x0000000081500000, 0x0000000081600000, 0x0000000081600000|100%| O|  |TAMS 0x0000000081500000, 0x0000000081500000| Untracked 
|   2|0x0000000081600000, 0x0000000081700000, 0x0000000081700000|100%| O|  |TAMS 0x0000000081600000, 0x0000000081600000| Untracked 
|   3|0x0000000081700000, 0x0000000081800000, 0x0000000081800000|100%| O|  |TAMS 0x0000000081700000, 0x0000000081700000| Untracked 
|   4|0x0000000081800000, 0x0000000081900000, 0x0000000081900000|100%| O|  |TAMS 0x0000000081800000, 0x0000000081800000| Untracked 
|   5|0x0000000081900000, 0x00000000819e1c00, 0x0000000081a00000| 88%| O|  |TAMS 0x0000000081900000, 0x0000000081900000| Untracked 
|   6|0x0000000081a00000, 0x0000000081a00000, 0x0000000081b00000|  0%| F|  |TAMS 0x0000000081a00000, 0x0000000081a00000| Untracked 
|   7|0x0000000081b00000, 0x0000000081b00000, 0x0000000081c00000|  0%| F|  |TAMS 0x0000000081b00000, 0x0000000081b00000| Untracked 
|   8|0x0000000081c00000, 0x0000000081c00000, 0x0000000081d00000|  0%| F|  |TAMS 0x0000000081c00000, 0x0000000081c00000| Untracked 
|   9|0x0000000081d00000, 0x0000000081d00000, 0x0000000081e00000|  0%| F|  |TAMS 0x0000000081d00000, 0x0000000081d00000| Untracked 
|  10|0x0000000081e00000, 0x0000000081e00000, 0x0000000081f00000|  0%| F|  |TAMS 0x0000000081e00000, 0x0000000081e00000| Untracked 
|  11|0x0000000081f00000, 0x0000000081f00000, 0x0000000082000000|  0%| F|  |TAMS 0x0000000081f00000, 0x0000000081f00000| Untracked 
|  12|0x0000000082000000, 0x0000000082000000, 0x0000000082100000|  0%| F|  |TAMS 0x0000000082000000, 0x0000000082000000| Untracked 
|  13|0x0000000082100000, 0x0000000082100000, 0x0000000082200000|  0%| F|  |TAMS 0x0000000082100000, 0x0000000082100000| Untracked 
|  14|0x0000000082200000, 0x0000000082200000, 0x0000000082300000|  0%| F|  |TAMS 0x0000000082200000, 0x0000000082200000| Untracked 
|  15|0x0000000082300000, 0x0000000082300000, 0x0000000082400000|  0%| F|  |TAMS 0x0000000082300000, 0x0000000082300000| Untracked 
|  16|0x0000000082400000, 0x0000000082400000, 0x0000000082500000|  0%| F|  |TAMS 0x0000000082400000, 0x0000000082400000| Untracked 
|  17|0x0000000082500000, 0x0000000082500000, 0x0000000082600000|  0%| F|  |TAMS 0x0000000082500000, 0x0000000082500000| Untracked 
|  18|0x0000000082600000, 0x0000000082600000, 0x0000000082700000|  0%| F|  |TAMS 0x0000000082600000, 0x0000000082600000| Untracked 
|  19|0x0000000082700000, 0x0000000082700000, 0x0000000082800000|  0%| F|  |TAMS 0x0000000082700000, 0x0000000082700000| Untracked 
|  20|0x0000000082800000, 0x0000000082800000, 0x0000000082900000|  0%| F|  |TAMS 0x0000000082800000, 0x0000000082800000| Untracked 
|  21|0x0000000082900000, 0x0000000082900000, 0x0000000082a00000|  0%| F|  |TAMS 0x0000000082900000, 0x0000000082900000| Untracked 
|  22|0x0000000082a00000, 0x0000000082a00000, 0x0000000082b00000|  0%| F|  |TAMS 0x0000000082a00000, 0x0000000082a00000| Untracked 
|  23|0x0000000082b00000, 0x0000000082b00000, 0x0000000082c00000|  0%| F|  |TAMS 0x0000000082b00000, 0x0000000082b00000| Untracked 
|  24|0x0000000082c00000, 0x0000000082c00000, 0x0000000082d00000|  0%| F|  |TAMS 0x0000000082c00000, 0x0000000082c00000| Untracked 
|  25|0x0000000082d00000, 0x0000000082d00000, 0x0000000082e00000|  0%| F|  |TAMS 0x0000000082d00000, 0x0000000082d00000| Untracked 
|  26|0x0000000082e00000, 0x0000000082e00000, 0x0000000082f00000|  0%| F|  |TAMS 0x0000000082e00000, 0x0000000082e00000| Untracked 
|  27|0x0000000082f00000, 0x0000000082f00000, 0x0000000083000000|  0%| F|  |TAMS 0x0000000082f00000, 0x0000000082f00000| Untracked 
|  28|0x0000000083000000, 0x0000000083000000, 0x0000000083100000|  0%| F|  |TAMS 0x0000000083000000, 0x0000000083000000| Untracked 
|  29|0x0000000083100000, 0x0000000083100000, 0x0000000083200000|  0%| F|  |TAMS 0x0000000083100000, 0x0000000083100000| Untracked 
|  30|0x0000000083200000, 0x0000000083200000, 0x0000000083300000|  0%| F|  |TAMS 0x0000000083200000, 0x0000000083200000| Untracked 
|  31|0x0000000083300000, 0x0000000083300000, 0x0000000083400000|  0%| F|  |TAMS 0x0000000083300000, 0x0000000083300000| Untracked 
|  32|0x0000000083400000, 0x0000000083400000, 0x0000000083500000|  0%| F|  |TAMS 0x0000000083400000, 0x0000000083400000| Untracked 
|  33|0x0000000083500000, 0x0000000083500000, 0x0000000083600000|  0%| F|  |TAMS 0x0000000083500000, 0x0000000083500000| Untracked 
|  34|0x0000000083600000, 0x0000000083600000, 0x0000000083700000|  0%| F|  |TAMS 0x0000000083600000, 0x0000000083600000| Untracked 
|  35|0x0000000083700000, 0x0000000083700000, 0x0000000083800000|  0%| F|  |TAMS 0x0000000083700000, 0x0000000083700000| Untracked 
|  36|0x0000000083800000, 0x0000000083800000, 0x0000000083900000|  0%| F|  |TAMS 0x0000000083800000, 0x0000000083800000| Untracked 
|  37|0x0000000083900000, 0x0000000083900000, 0x0000000083a00000|  0%| F|  |TAMS 0x0000000083900000, 0x0000000083900000| Untracked 
|  38|0x0000000083a00000, 0x0000000083a00000, 0x0000000083b00000|  0%| F|  |TAMS 0x0000000083a00000, 0x0000000083a00000| Untracked 
|  39|0x0000000083b00000, 0x0000000083b00000, 0x0000000083c00000|  0%| F|  |TAMS 0x0000000083b00000, 0x0000000083b00000| Untracked 
|  40|0x0000000083c00000, 0x0000000083c00000, 0x0000000083d00000|  0%| F|  |TAMS 0x0000000083c00000, 0x0000000083c00000| Untracked 
|  41|0x0000000083d00000, 0x0000000083d00000, 0x0000000083e00000|  0%| F|  |TAMS 0x0000000083d00000, 0x0000000083d00000| Untracked 
|  42|0x0000000083e00000, 0x0000000083e00000, 0x0000000083f00000|  0%| F|  |TAMS 0x0000000083e00000, 0x0000000083e00000| Untracked 
|  43|0x0000000083f00000, 0x0000000083f00000, 0x0000000084000000|  0%| F|  |TAMS 0x0000000083f00000, 0x0000000083f00000| Untracked 
|  44|0x0000000084000000, 0x0000000084000000, 0x0000000084100000|  0%| F|  |TAMS 0x0000000084000000, 0x0000000084000000| Untracked 
|  45|0x0000000084100000, 0x0000000084100000, 0x0000000084200000|  0%| F|  |TAMS 0x0000000084100000, 0x0000000084100000| Untracked 
|  46|0x0000000084200000, 0x0000000084200000, 0x0000000084300000|  0%| F|  |TAMS 0x0000000084200000, 0x0000000084200000| Untracked 
|  47|0x0000000084300000, 0x0000000084300000, 0x0000000084400000|  0%| F|  |TAMS 0x0000000084300000, 0x0000000084300000| Untracked 
|  48|0x0000000084400000, 0x0000000084400000, 0x0000000084500000|  0%| F|  |TAMS 0x0000000084400000, 0x0000000084400000| Untracked 
|  49|0x0000000084500000, 0x0000000084500000, 0x0000000084600000|  0%| F|  |TAMS 0x0000000084500000, 0x0000000084500000| Untracked 
|  50|0x0000000084600000, 0x0000000084600000, 0x0000000084700000|  0%| F|  |TAMS 0x0000000084600000, 0x0000000084600000| Untracked 
|  51|0x0000000084700000, 0x0000000084700000, 0x0000000084800000|  0%| F|  |TAMS 0x0000000084700000, 0x0000000084700000| Untracked 
|  52|0x0000000084800000, 0x0000000084800000, 0x0000000084900000|  0%| F|  |TAMS 0x0000000084800000, 0x0000000084800000| Untracked 
|  53|0x0000000084900000, 0x0000000084900000, 0x0000000084a00000|  0%| F|  |TAMS 0x0000000084900000, 0x0000000084900000| Untracked 
|  54|0x0000000084a00000, 0x0000000084a00000, 0x0000000084b00000|  0%| F|  |TAMS 0x0000000084a00000, 0x0000000084a00000| Untracked 
|  55|0x0000000084b00000, 0x0000000084b00000, 0x0000000084c00000|  0%| F|  |TAMS 0x0000000084b00000, 0x0000000084b00000| Untracked 
|  56|0x0000000084c00000, 0x0000000084c00000, 0x0000000084d00000|  0%| F|  |TAMS 0x0000000084c00000, 0x0000000084c00000| Untracked 
|  57|0x0000000084d00000, 0x0000000084d00000, 0x0000000084e00000|  0%| F|  |TAMS 0x0000000084d00000, 0x0000000084d00000| Untracked 
|  58|0x0000000084e00000, 0x0000000084e00000, 0x0000000084f00000|  0%| F|  |TAMS 0x0000000084e00000, 0x0000000084e00000| Untracked 
|  59|0x0000000084f00000, 0x0000000084f00000, 0x0000000085000000|  0%| F|  |TAMS 0x0000000084f00000, 0x0000000084f00000| Untracked 
|  60|0x0000000085000000, 0x0000000085000000, 0x0000000085100000|  0%| F|  |TAMS 0x0000000085000000, 0x0000000085000000| Untracked 
|  61|0x0000000085100000, 0x0000000085100000, 0x0000000085200000|  0%| F|  |TAMS 0x0000000085100000, 0x0000000085100000| Untracked 
|  62|0x0000000085200000, 0x0000000085200000, 0x0000000085300000|  0%| F|  |TAMS 0x0000000085200000, 0x0000000085200000| Untracked 
|  63|0x0000000085300000, 0x0000000085300000, 0x0000000085400000|  0%| F|  |TAMS 0x0000000085300000, 0x0000000085300000| Untracked 
|  64|0x0000000085400000, 0x0000000085400000, 0x0000000085500000|  0%| F|  |TAMS 0x0000000085400000, 0x0000000085400000| Untracked 
|  65|0x0000000085500000, 0x0000000085500000, 0x0000000085600000|  0%| F|  |TAMS 0x0000000085500000, 0x0000000085500000| Untracked 
|  66|0x0000000085600000, 0x0000000085600000, 0x0000000085700000|  0%| F|  |TAMS 0x0000000085600000, 0x0000000085600000| Untracked 
|  67|0x0000000085700000, 0x0000000085700000, 0x0000000085800000|  0%| F|  |TAMS 0x0000000085700000, 0x0000000085700000| Untracked 
|  68|0x0000000085800000, 0x0000000085800000, 0x0000000085900000|  0%| F|  |TAMS 0x0000000085800000, 0x0000000085800000| Untracked 
|  69|0x0000000085900000, 0x0000000085900000, 0x0000000085a00000|  0%| F|  |TAMS 0x0000000085900000, 0x0000000085900000| Untracked 
|  70|0x0000000085a00000, 0x0000000085a00000, 0x0000000085b00000|  0%| F|  |TAMS 0x0000000085a00000, 0x0000000085a00000| Untracked 
|  71|0x0000000085b00000, 0x0000000085b00000, 0x0000000085c00000|  0%| F|  |TAMS 0x0000000085b00000, 0x0000000085b00000| Untracked 
|  72|0x0000000085c00000, 0x0000000085c00000, 0x0000000085d00000|  0%| F|  |TAMS 0x0000000085c00000, 0x0000000085c00000| Untracked 
|  73|0x0000000085d00000, 0x0000000085d00000, 0x0000000085e00000|  0%| F|  |TAMS 0x0000000085d00000, 0x0000000085d00000| Untracked 
|  74|0x0000000085e00000, 0x0000000085e00000, 0x0000000085f00000|  0%| F|  |TAMS 0x0000000085e00000, 0x0000000085e00000| Untracked 
|  75|0x0000000085f00000, 0x0000000085f00000, 0x0000000086000000|  0%| F|  |TAMS 0x0000000085f00000, 0x0000000085f00000| Untracked 
|  76|0x0000000086000000, 0x0000000086000000, 0x0000000086100000|  0%| F|  |TAMS 0x0000000086000000, 0x0000000086000000| Untracked 
|  77|0x0000000086100000, 0x0000000086100000, 0x0000000086200000|  0%| F|  |TAMS 0x0000000086100000, 0x0000000086100000| Untracked 
|  78|0x0000000086200000, 0x0000000086200000, 0x0000000086300000|  0%| F|  |TAMS 0x0000000086200000, 0x0000000086200000| Untracked 
|  79|0x0000000086300000, 0x0000000086300000, 0x0000000086400000|  0%| F|  |TAMS 0x0000000086300000, 0x0000000086300000| Untracked 
|  80|0x0000000086400000, 0x0000000086400000, 0x0000000086500000|  0%| F|  |TAMS 0x0000000086400000, 0x0000000086400000| Untracked 
|  81|0x0000000086500000, 0x0000000086500000, 0x0000000086600000|  0%| F|  |TAMS 0x0000000086500000, 0x0000000086500000| Untracked 
|  82|0x0000000086600000, 0x0000000086600000, 0x0000000086700000|  0%| F|  |TAMS 0x0000000086600000, 0x0000000086600000| Untracked 
|  83|0x0000000086700000, 0x0000000086700000, 0x0000000086800000|  0%| F|  |TAMS 0x0000000086700000, 0x0000000086700000| Untracked 
|  84|0x0000000086800000, 0x0000000086800000, 0x0000000086900000|  0%| F|  |TAMS 0x0000000086800000, 0x0000000086800000| Untracked 
|  85|0x0000000086900000, 0x0000000086900000, 0x0000000086a00000|  0%| F|  |TAMS 0x0000000086900000, 0x0000000086900000| Untracked 
|  86|0x0000000086a00000, 0x0000000086a00000, 0x0000000086b00000|  0%| F|  |TAMS 0x0000000086a00000, 0x0000000086a00000| Untracked 
|  87|0x0000000086b00000, 0x0000000086b00000, 0x0000000086c00000|  0%| F|  |TAMS 0x0000000086b00000, 0x0000000086b00000| Untracked 
|  88|0x0000000086c00000, 0x0000000086c00000, 0x0000000086d00000|  0%| F|  |TAMS 0x0000000086c00000, 0x0000000086c00000| Untracked 
|  89|0x0000000086d00000, 0x0000000086d00000, 0x0000000086e00000|  0%| F|  |TAMS 0x0000000086d00000, 0x0000000086d00000| Untracked 
|  90|0x0000000086e00000, 0x0000000086e00000, 0x0000000086f00000|  0%| F|  |TAMS 0x0000000086e00000, 0x0000000086e00000| Untracked 
|  91|0x0000000086f00000, 0x0000000086f00000, 0x0000000087000000|  0%| F|  |TAMS 0x0000000086f00000, 0x0000000086f00000| Untracked 
|  92|0x0000000087000000, 0x0000000087000000, 0x0000000087100000|  0%| F|  |TAMS 0x0000000087000000, 0x0000000087000000| Untracked 
|  93|0x0000000087100000, 0x0000000087100000, 0x0000000087200000|  0%| F|  |TAMS 0x0000000087100000, 0x0000000087100000| Untracked 
|  94|0x0000000087200000, 0x0000000087200000, 0x0000000087300000|  0%| F|  |TAMS 0x0000000087200000, 0x0000000087200000| Untracked 
|  95|0x0000000087300000, 0x0000000087300000, 0x0000000087400000|  0%| F|  |TAMS 0x0000000087300000, 0x0000000087300000| Untracked 
|  96|0x0000000087400000, 0x0000000087400000, 0x0000000087500000|  0%| F|  |TAMS 0x0000000087400000, 0x0000000087400000| Untracked 
|  97|0x0000000087500000, 0x0000000087500000, 0x0000000087600000|  0%| F|  |TAMS 0x0000000087500000, 0x0000000087500000| Untracked 
|  98|0x0000000087600000, 0x0000000087600000, 0x0000000087700000|  0%| F|  |TAMS 0x0000000087600000, 0x0000000087600000| Untracked 
|  99|0x0000000087700000, 0x00000000877c4268, 0x0000000087800000| 76%| S|CS|TAMS 0x0000000087700000, 0x0000000087700000| Complete 
| 100|0x0000000087800000, 0x0000000087900000, 0x0000000087900000|100%| S|CS|TAMS 0x0000000087800000, 0x0000000087800000| Complete 
| 101|0x0000000087900000, 0x0000000087a00000, 0x0000000087a00000|100%| S|CS|TAMS 0x0000000087900000, 0x0000000087900000| Complete 
| 102|0x0000000087a00000, 0x0000000087a00000, 0x0000000087b00000|  0%| F|  |TAMS 0x0000000087a00000, 0x0000000087a00000| Untracked 
| 103|0x0000000087b00000, 0x0000000087b00000, 0x0000000087c00000|  0%| F|  |TAMS 0x0000000087b00000, 0x0000000087b00000| Untracked 
| 104|0x0000000087c00000, 0x0000000087c00000, 0x0000000087d00000|  0%| F|  |TAMS 0x0000000087c00000, 0x0000000087c00000| Untracked 
| 105|0x0000000087d00000, 0x0000000087df7488, 0x0000000087e00000| 96%| E|  |TAMS 0x0000000087d00000, 0x0000000087d00000| Complete 
| 106|0x0000000087e00000, 0x0000000087f00000, 0x0000000087f00000|100%| E|  |TAMS 0x0000000087e00000, 0x0000000087e00000| Complete 
| 107|0x0000000087f00000, 0x0000000088000000, 0x0000000088000000|100%| E|CS|TAMS 0x0000000087f00000, 0x0000000087f00000| Complete 
| 108|0x0000000088000000, 0x0000000088100000, 0x0000000088100000|100%| E|CS|TAMS 0x0000000088000000, 0x0000000088000000| Complete 
| 109|0x0000000088100000, 0x0000000088200000, 0x0000000088200000|100%| E|CS|TAMS 0x0000000088100000, 0x0000000088100000| Complete 
| 110|0x0000000088200000, 0x0000000088300000, 0x0000000088300000|100%| E|CS|TAMS 0x0000000088200000, 0x0000000088200000| Complete 
| 111|0x0000000088300000, 0x0000000088400000, 0x0000000088400000|100%| E|CS|TAMS 0x0000000088300000, 0x0000000088300000| Complete 
| 112|0x0000000088400000, 0x0000000088500000, 0x0000000088500000|100%| E|CS|TAMS 0x0000000088400000, 0x0000000088400000| Complete 
| 113|0x0000000088500000, 0x0000000088600000, 0x0000000088600000|100%| E|CS|TAMS 0x0000000088500000, 0x0000000088500000| Complete 
| 114|0x0000000088600000, 0x0000000088700000, 0x0000000088700000|100%| E|CS|TAMS 0x0000000088600000, 0x0000000088600000| Complete 
| 115|0x0000000088700000, 0x0000000088800000, 0x0000000088800000|100%| E|CS|TAMS 0x0000000088700000, 0x0000000088700000| Complete 
| 116|0x0000000088800000, 0x0000000088900000, 0x0000000088900000|100%| E|CS|TAMS 0x0000000088800000, 0x0000000088800000| Complete 
| 117|0x0000000088900000, 0x0000000088a00000, 0x0000000088a00000|100%| E|CS|TAMS 0x0000000088900000, 0x0000000088900000| Complete 
| 118|0x0000000088a00000, 0x0000000088b00000, 0x0000000088b00000|100%| E|CS|TAMS 0x0000000088a00000, 0x0000000088a00000| Complete 
| 119|0x0000000088b00000, 0x0000000088c00000, 0x0000000088c00000|100%| E|CS|TAMS 0x0000000088b00000, 0x0000000088b00000| Complete 
| 120|0x0000000088c00000, 0x0000000088d00000, 0x0000000088d00000|100%| E|CS|TAMS 0x0000000088c00000, 0x0000000088c00000| Complete 
| 121|0x0000000088d00000, 0x0000000088e00000, 0x0000000088e00000|100%| E|CS|TAMS 0x0000000088d00000, 0x0000000088d00000| Complete 
| 122|0x0000000088e00000, 0x0000000088f00000, 0x0000000088f00000|100%| E|CS|TAMS 0x0000000088e00000, 0x0000000088e00000| Complete 
| 123|0x0000000088f00000, 0x0000000089000000, 0x0000000089000000|100%| E|CS|TAMS 0x0000000088f00000, 0x0000000088f00000| Complete 
| 124|0x0000000089000000, 0x0000000089100000, 0x0000000089100000|100%| E|CS|TAMS 0x0000000089000000, 0x0000000089000000| Complete 
| 125|0x0000000089100000, 0x0000000089200000, 0x0000000089200000|100%| E|CS|TAMS 0x0000000089100000, 0x0000000089100000| Complete 
| 126|0x0000000089200000, 0x0000000089300000, 0x0000000089300000|100%| E|CS|TAMS 0x0000000089200000, 0x0000000089200000| Complete 
| 127|0x0000000089300000, 0x0000000089400000, 0x0000000089400000|100%| E|CS|TAMS 0x0000000089300000, 0x0000000089300000| Complete 

Card table byte_map: [0x000001b1a3cf0000,0x000001b1a40f0000] _byte_map_base: 0x000001b1a38e6000

Marking Bits (Prev, Next): (CMBitMap*) 0x000001b18d0c59d0, (CMBitMap*) 0x000001b18d0c5a10
 Prev Bits: [0x000001b1a44f0000, 0x000001b1a64a0000)
 Next Bits: [0x000001b1a64a0000, 0x000001b1a8450000)

Polling page: 0x000001b18b010000

Metaspace:

Usage:
  Non-class:     14.77 MB used.
      Class:      2.11 MB used.
       Both:     16.88 MB used.

Virtual space:
  Non-class space:       16.00 MB reserved,      14.88 MB ( 93%) committed,  2 nodes.
      Class space:        1.00 GB reserved,       2.19 MB ( <1%) committed,  1 nodes.
             Both:        1.02 GB reserved,      17.06 MB (  2%) committed. 

Chunk freelists:
   Non-Class:  1.11 MB
       Class:  1.81 MB
        Both:  2.92 MB

MaxMetaspaceSize: unlimited
CompressedClassSpaceSize: 1.00 GB
Initial GC threshold: 21.00 MB
Current GC threshold: 21.00 MB
CDS: on
MetaspaceReclaimPolicy: balanced
 - commit_granule_bytes: 65536.
 - commit_granule_words: 8192.
 - virtual_space_node_default_size: 1048576.
 - enlarge_chunks_in_place: 1.
 - new_chunks_are_fully_committed: 0.
 - uncommit_free_chunks: 1.
 - use_allocation_guard: 0.
 - handle_deallocations: 1.


Internal statistics:

num_allocs_failed_limit: 0.
num_arena_births: 170.
num_arena_deaths: 0.
num_vsnodes_births: 3.
num_vsnodes_deaths: 0.
num_space_committed: 274.
num_space_uncommitted: 0.
num_chunks_returned_to_freelist: 0.
num_chunks_taken_from_freelist: 699.
num_chunk_merges: 0.
num_chunk_splits: 493.
num_chunks_enlarged: 407.
num_purges: 0.
num_inconsistent_stats: 0.

CodeHeap 'non-profiled nmethods': size=120000Kb used=851Kb max_used=851Kb free=119148Kb
 bounds [0x000001b19c3c0000, 0x000001b19c630000, 0x000001b1a38f0000]
CodeHeap 'profiled nmethods': size=120000Kb used=4020Kb max_used=4020Kb free=115979Kb
 bounds [0x000001b1948f0000, 0x000001b194ce0000, 0x000001b19be20000]
CodeHeap 'non-nmethods': size=5760Kb used=1198Kb max_used=1262Kb free=4561Kb
 bounds [0x000001b19be20000, 0x000001b19c090000, 0x000001b19c3c0000]
 total_blobs=2611 nmethods=2116 adapters=407
 compilation: enabled
              stopped_count=0, restarted_count=0
 full_count=0

Compilation events (20 events):
Event: 2.853 Thread 0x000001b1ac3628b0 nmethod 2062 0x000001b19c48cc10 code [0x000001b19c48ce40, 0x000001b19c48e3e0]
Event: 2.854 Thread 0x000001b1aa90bf80 nmethod 2072 0x000001b194cd6790 code [0x000001b194cd6a60, 0x000001b194cd7bd8]
Event: 2.893 Thread 0x000001b1aa9080d0 2105   !   4       java.net.URL::<init> (543 bytes)
Event: 2.894 Thread 0x000001b1ac3628b0 2106       4       java.net.URLStreamHandler::parseURL (1201 bytes)
Event: 2.896 Thread 0x000001b1aa90bf80 2107       3       java.util.jar.JavaUtilJarAccessImpl::getTrustedAttributes (6 bytes)
Event: 2.897 Thread 0x000001b1aa90bf80 nmethod 2107 0x000001b194cd8190 code [0x000001b194cd8340, 0x000001b194cd8488]
Event: 2.919 Thread 0x000001b1aa90bf80 2109       3       java.util.Arrays$ArrayList::iterator (12 bytes)
Event: 2.919 Thread 0x000001b1aa90bf80 nmethod 2109 0x000001b194cd8590 code [0x000001b194cd8740, 0x000001b194cd89d8]
Event: 2.920 Thread 0x000001b1aa90bf80 2110       3       java.util.Arrays$ArrayItr::<init> (10 bytes)
Event: 2.920 Thread 0x000001b1aa90bf80 nmethod 2110 0x000001b194cd8b10 code [0x000001b194cd8ca0, 0x000001b194cd8e58]
Event: 2.923 Thread 0x000001b1aa90bf80 2111       3       java.lang.CharacterData::of (136 bytes)
Event: 2.924 Thread 0x000001b1aa90bf80 nmethod 2111 0x000001b194cd8f10 code [0x000001b194cd9140, 0x000001b194cd9a38]
Event: 2.927 Thread 0x000001b1aa90bf80 2112       2       java.lang.String::regionMatches (150 bytes)
Event: 2.928 Thread 0x000001b1aa90bf80 nmethod 2112 0x000001b194cd9c90 code [0x000001b194cd9e80, 0x000001b194cda168]
Event: 2.951 Thread 0x000001b1aa90bf80 2113       3       java.lang.invoke.DirectMethodHandle$Holder::invokeStatic (14 bytes)
Event: 2.951 Thread 0x000001b1aa90bf80 nmethod 2113 0x000001b194cda310 code [0x000001b194cda4e0, 0x000001b194cda938]
Event: 2.951 Thread 0x000001b1aa90bf80 2114   !   3       java.security.AccessController::doPrivileged (26 bytes)
Event: 2.952 Thread 0x000001b1aa90bf80 nmethod 2114 0x000001b194cdaa90 code [0x000001b194cdaca0, 0x000001b194cdb188]
Event: 2.999 Thread 0x000001b1aa90bf80 2115       3       java.lang.Character::isJavaIdentifierPart (5 bytes)
Event: 2.999 Thread 0x000001b1aa90bf80 nmethod 2115 0x000001b194cdb410 code [0x000001b194cdb5c0, 0x000001b194cdb818]

GC Heap History (6 events):
Event: 0.892 GC heap before
{Heap before GC invocations=0 (full 0):
 garbage-first heap   total 131072K, used 13312K [0x0000000081400000, 0x0000000100000000)
  region size 1024K, 13 young (13312K), 0 survivors (0K)
 Metaspace       used 3610K, committed 3776K, reserved 1056768K
  class space    used 383K, committed 512K, reserved 1048576K
}
Event: 0.899 GC heap after
{Heap after GC invocations=1 (full 0):
 garbage-first heap   total 131072K, used 5837K [0x0000000081400000, 0x0000000100000000)
  region size 1024K, 2 young (2048K), 2 survivors (2048K)
 Metaspace       used 3610K, committed 3776K, reserved 1056768K
  class space    used 383K, committed 512K, reserved 1048576K
}
Event: 1.339 GC heap before
{Heap before GC invocations=1 (full 0):
 garbage-first heap   total 131072K, used 16077K [0x0000000081400000, 0x0000000100000000)
  region size 1024K, 13 young (13312K), 2 survivors (2048K)
 Metaspace       used 6292K, committed 6464K, reserved 1056768K
  class space    used 722K, committed 768K, reserved 1048576K
}
Event: 1.342 GC heap after
{Heap after GC invocations=2 (full 0):
 garbage-first heap   total 131072K, used 7035K [0x0000000081400000, 0x0000000100000000)
  region size 1024K, 1 young (1024K), 1 survivors (1024K)
 Metaspace       used 6292K, committed 6464K, reserved 1056768K
  class space    used 722K, committed 768K, reserved 1048576K
}
Event: 2.171 GC heap before
{Heap before GC invocations=2 (full 0):
 garbage-first heap   total 131072K, used 31611K [0x0000000081400000, 0x0000000100000000)
  region size 1024K, 26 young (26624K), 1 survivors (1024K)
 Metaspace       used 12008K, committed 12288K, reserved 1064960K
  class space    used 1581K, committed 1728K, reserved 1048576K
}
Event: 2.177 GC heap after
{Heap after GC invocations=3 (full 0):
 garbage-first heap   total 131072K, used 8855K [0x0000000081400000, 0x0000000100000000)
  region size 1024K, 3 young (3072K), 3 survivors (3072K)
 Metaspace       used 12008K, committed 12288K, reserved 1064960K
  class space    used 1581K, committed 1728K, reserved 1048576K
}

Deoptimization events (20 events):
Event: 2.519 Thread 0x000001b1abf23860 Uncommon trap: trap_request=0xffffff45 fr.pc=0x000001b19c45e864 relative=0x00000000000002c4
Event: 2.519 Thread 0x000001b1abf23860 Uncommon trap: reason=unstable_if action=reinterpret pc=0x000001b19c45e864 method=java.util.WeakHashMap.expungeStaleEntries()V @ 9 c2
Event: 2.519 Thread 0x000001b1abf23860 DEOPT PACKING pc=0x000001b19c45e864 sp=0x00000034b60fdb20
Event: 2.519 Thread 0x000001b1abf23860 DEOPT UNPACKING pc=0x000001b19be723a3 sp=0x00000034b60fdab8 mode 2
Event: 2.847 Thread 0x000001b1abf8d400 Uncommon trap: trap_request=0xffffff45 fr.pc=0x000001b19c3d70e8 relative=0x0000000000000448
Event: 2.847 Thread 0x000001b1abf8d400 Uncommon trap: reason=unstable_if action=reinterpret pc=0x000001b19c3d70e8 method=java.lang.StringLatin1.canEncode(I)Z @ 4 c2
Event: 2.847 Thread 0x000001b1abf8d400 DEOPT PACKING pc=0x000001b19c3d70e8 sp=0x00000034b61fda40
Event: 2.847 Thread 0x000001b1abf8d400 DEOPT UNPACKING pc=0x000001b19be723a3 sp=0x00000034b61fd968 mode 2
Event: 2.847 Thread 0x000001b1abf8d400 Uncommon trap: trap_request=0xffffff45 fr.pc=0x000001b19c3d66cc relative=0x000000000000042c
Event: 2.847 Thread 0x000001b1abf8d400 Uncommon trap: reason=unstable_if action=reinterpret pc=0x000001b19c3d66cc method=java.lang.AbstractStringBuilder.isLatin1()Z @ 10 c2
Event: 2.847 Thread 0x000001b1abf8d400 DEOPT PACKING pc=0x000001b19c3d66cc sp=0x00000034b61fda60
Event: 2.847 Thread 0x000001b1abf8d400 DEOPT UNPACKING pc=0x000001b19be723a3 sp=0x00000034b61fd9e0 mode 2
Event: 2.847 Thread 0x000001b1abf8d400 Uncommon trap: trap_request=0xffffff45 fr.pc=0x000001b19c3db25c relative=0x000000000000005c
Event: 2.847 Thread 0x000001b1abf8d400 Uncommon trap: reason=unstable_if action=reinterpret pc=0x000001b19c3db25c method=java.lang.AbstractStringBuilder.isLatin1()Z @ 10 c2
Event: 2.847 Thread 0x000001b1abf8d400 DEOPT PACKING pc=0x000001b19c3db25c sp=0x00000034b61fda40
Event: 2.847 Thread 0x000001b1abf8d400 DEOPT UNPACKING pc=0x000001b19be723a3 sp=0x00000034b61fd9d0 mode 2
Event: 2.856 Thread 0x000001b1abf8d400 Uncommon trap: trap_request=0xffffff45 fr.pc=0x000001b19c409548 relative=0x0000000000000048
Event: 2.856 Thread 0x000001b1abf8d400 Uncommon trap: reason=unstable_if action=reinterpret pc=0x000001b19c409548 method=java.lang.CharacterData.of(I)Ljava/lang/CharacterData; @ 4 c2
Event: 2.856 Thread 0x000001b1abf8d400 DEOPT PACKING pc=0x000001b19c409548 sp=0x00000034b61fd1c0
Event: 2.856 Thread 0x000001b1abf8d400 DEOPT UNPACKING pc=0x000001b19be723a3 sp=0x00000034b61fd158 mode 2

Classes unloaded (0 events):
No events

Classes redefined (0 events):
No events

Internal exceptions (20 events):
Event: 1.478 Thread 0x000001b1abf23860 Exception <a 'java/lang/NoSuchMethodError'{0x00000000890a8840}: 'java.lang.Object java.lang.invoke.DirectMethodHandle$Holder.invokeSpecial(java.lang.Object, java.lang.Object, java.lang.Object, java.lang.Object, java.lang.Object, java.lang.Object, java.lang.Object, int)'> (0x00000000890a8840) 
thrown [s\open\src\hotspot\share\interpreter\linkResolver.cpp, line 759]
Event: 1.530 Thread 0x000001b1abf23860 Exception <a 'java/lang/NoSuchMethodError'{0x0000000088fe0830}: 'int java.lang.invoke.DirectMethodHandle$Holder.invokeInterface(java.lang.Object, java.lang.Object)'> (0x0000000088fe0830) 
thrown [s\open\src\hotspot\share\interpreter\linkResolver.cpp, line 759]
Event: 1.584 Thread 0x000001b1abf23860 Exception <a 'java/lang/NoSuchMethodError'{0x0000000088d07af0}: 'java.lang.Object java.lang.invoke.DirectMethodHandle$Holder.invokeSpecial(java.lang.Object, java.lang.Object, java.lang.Object, int, java.lang.Object)'> (0x0000000088d07af0) 
thrown [s\open\src\hotspot\share\interpreter\linkResolver.cpp, line 759]
Event: 1.585 Thread 0x000001b1abf23860 Exception <a 'java/lang/NoSuchMethodError'{0x0000000088d10150}: 'java.lang.Object java.lang.invoke.DirectMethodHandle$Holder.newInvokeSpecial(java.lang.Object, java.lang.Object, java.lang.Object, int, java.lang.Object)'> (0x0000000088d10150) 
thrown [s\open\src\hotspot\share\interpreter\linkResolver.cpp, line 759]
Event: 1.587 Thread 0x000001b1abf23860 Exception <a 'java/lang/NoSuchMethodError'{0x0000000088d17b20}: 'java.lang.Object java.lang.invoke.Invokers$Holder.linkToTargetMethod(java.lang.Object, java.lang.Object, int, java.lang.Object, java.lang.Object)'> (0x0000000088d17b20) 
thrown [s\open\src\hotspot\share\interpreter\linkResolver.cpp, line 759]
Event: 1.589 Thread 0x000001b1abf23860 Exception <a 'java/lang/NoSuchMethodError'{0x0000000088d27198}: 'java.lang.Object java.lang.invoke.DirectMethodHandle$Holder.newInvokeSpecial(java.lang.Object, int, java.lang.Object)'> (0x0000000088d27198) 
thrown [s\open\src\hotspot\share\interpreter\linkResolver.cpp, line 759]
Event: 1.590 Thread 0x000001b1abf23860 Exception <a 'java/lang/NoSuchMethodError'{0x0000000088d2be78}: 'int java.lang.invoke.DirectMethodHandle$Holder.invokeSpecialIFC(java.lang.Object, java.lang.Object, java.lang.Object, java.lang.Object)'> (0x0000000088d2be78) 
thrown [s\open\src\hotspot\share\interpreter\linkResolver.cpp, line 759]
Event: 1.635 Thread 0x000001b1abf23860 Exception <a 'java/lang/NoSuchMethodError'{0x0000000088df5608}: 'void java.lang.invoke.DirectMethodHandle$Holder.invokeInterface(java.lang.Object, java.lang.Object, java.lang.Object)'> (0x0000000088df5608) 
thrown [s\open\src\hotspot\share\interpreter\linkResolver.cpp, line 759]
Event: 1.670 Thread 0x000001b1abf23860 Exception <a 'java/lang/NoSuchMethodError'{0x0000000088c914e0}: 'void java.lang.invoke.DirectMethodHandle$Holder.invokeStaticInit(java.lang.Object, java.lang.Object)'> (0x0000000088c914e0) 
thrown [s\open\src\hotspot\share\interpreter\linkResolver.cpp, line 759]
Event: 1.674 Thread 0x000001b1abf23860 Exception <a 'java/lang/NoSuchMethodError'{0x0000000088c9ed88}: 'void java.lang.invoke.DirectMethodHandle$Holder.invokeStaticInit(java.lang.Object, java.lang.Object, java.lang.Object)'> (0x0000000088c9ed88) 
thrown [s\open\src\hotspot\share\interpreter\linkResolver.cpp, line 759]
Event: 1.683 Thread 0x000001b1abf23860 Exception <a 'java/lang/NoSuchMethodError'{0x0000000088cdc5d0}: 'java.lang.Object java.lang.invoke.DirectMethodHandle$Holder.invokeStatic(java.lang.Object, java.lang.Object, long, java.lang.Object)'> (0x0000000088cdc5d0) 
thrown [s\open\src\hotspot\share\interpreter\linkResolver.cpp, line 759]
Event: 1.683 Thread 0x000001b1abf23860 Exception <a 'java/lang/NoSuchMethodError'{0x0000000088ce0068}: 'java.lang.Object java.lang.invoke.DirectMethodHandle$Holder.invokeStaticInit(java.lang.Object, java.lang.Object, long, java.lang.Object)'> (0x0000000088ce0068) 
thrown [s\open\src\hotspot\share\interpreter\linkResolver.cpp, line 759]
Event: 1.684 Thread 0x000001b1abf23860 Exception <a 'java/lang/NoSuchMethodError'{0x0000000088ce6770}: 'java.lang.Object java.lang.invoke.DirectMethodHandle$Holder.newInvokeSpecial(java.lang.Object, java.lang.Object, long)'> (0x0000000088ce6770) 
thrown [s\open\src\hotspot\share\interpreter\linkResolver.cpp, line 759]
Event: 1.684 Thread 0x000001b1abf23860 Exception <a 'java/lang/NoSuchMethodError'{0x0000000088cea2e0}: 'java.lang.Object java.lang.invoke.Invokers$Holder.linkToTargetMethod(java.lang.Object, long, java.lang.Object)'> (0x0000000088cea2e0) 
thrown [s\open\src\hotspot\share\interpreter\linkResolver.cpp, line 759]
Event: 1.706 Thread 0x000001b1abf23860 Exception <a 'java/lang/NoSuchMethodError'{0x0000000088b36560}: 'void java.lang.invoke.DirectMethodHandle$Holder.invokeVirtual(java.lang.Object, java.lang.Object, java.lang.Object, java.lang.Object)'> (0x0000000088b36560) 
thrown [s\open\src\hotspot\share\interpreter\linkResolver.cpp, line 759]
Event: 1.778 Thread 0x000001b1abf23860 Exception <a 'java/lang/NoSuchMethodError'{0x0000000088a90770}: 'void java.lang.invoke.DirectMethodHandle$Holder.invokeSpecial(java.lang.Object, java.lang.Object, java.lang.Object)'> (0x0000000088a90770) 
thrown [s\open\src\hotspot\share\interpreter\linkResolver.cpp, line 759]
Event: 1.779 Thread 0x000001b1abf23860 Exception <a 'java/lang/NoSuchMethodError'{0x0000000088a97180}: 'void java.lang.invoke.DirectMethodHandle$Holder.invokeSpecial(java.lang.Object, java.lang.Object, java.lang.Object, java.lang.Object, java.lang.Object)'> (0x0000000088a97180) 
thrown [s\open\src\hotspot\share\interpreter\linkResolver.cpp, line 759]
Event: 1.791 Thread 0x000001b1abf23860 Exception <a 'java/lang/IncompatibleClassChangeError'{0x0000000088ac6a20}: Found class java.lang.Object, but interface was expected> (0x0000000088ac6a20) 
thrown [s\open\src\hotspot\share\interpreter\linkResolver.cpp, line 826]
Event: 2.273 Thread 0x000001b1abf23860 Exception <a 'java/lang/NoSuchMethodError'{0x0000000088e10280}: 'int java.lang.invoke.DirectMethodHandle$Holder.invokeSpecial(java.lang.Object, java.lang.Object, java.lang.Object, java.lang.Object, java.lang.Object)'> (0x0000000088e10280) 
thrown [s\open\src\hotspot\share\interpreter\linkResolver.cpp, line 759]
Event: 2.278 Thread 0x000001b1abf23860 Exception <a 'java/lang/NoSuchMethodError'{0x0000000088e19548}: 'void java.lang.invoke.DirectMethodHandle$Holder.invokeVirtual(java.lang.Object, java.lang.Object)'> (0x0000000088e19548) 
thrown [s\open\src\hotspot\share\interpreter\linkResolver.cpp, line 759]

VM Operations (20 events):
Event: 1.548 Executing VM operation: HandshakeAllThreads
Event: 1.548 Executing VM operation: HandshakeAllThreads done
Event: 1.765 Executing VM operation: HandshakeAllThreads
Event: 1.765 Executing VM operation: HandshakeAllThreads done
Event: 1.773 Executing VM operation: HandshakeAllThreads
Event: 1.773 Executing VM operation: HandshakeAllThreads done
Event: 1.774 Executing VM operation: HandshakeAllThreads
Event: 1.774 Executing VM operation: HandshakeAllThreads done
Event: 1.961 Executing VM operation: HandshakeAllThreads
Event: 1.961 Executing VM operation: HandshakeAllThreads done
Event: 1.979 Executing VM operation: ICBufferFull
Event: 1.979 Executing VM operation: ICBufferFull done
Event: 2.153 Executing VM operation: HandshakeAllThreads
Event: 2.153 Executing VM operation: HandshakeAllThreads done
Event: 2.171 Executing VM operation: G1CollectForAllocation
Event: 2.177 Executing VM operation: G1CollectForAllocation done
Event: 2.252 Executing VM operation: HandshakeAllThreads
Event: 2.252 Executing VM operation: HandshakeAllThreads done
Event: 2.857 Executing VM operation: HandshakeAllThreads
Event: 2.892 Executing VM operation: HandshakeAllThreads done

Events (20 events):
Event: 2.751 loading class java/beans/ConstructorProperties
Event: 2.751 loading class java/beans/ConstructorProperties done
Event: 2.757 loading class java/io/InvalidObjectException
Event: 2.757 loading class java/io/InvalidObjectException done
Event: 2.759 loading class java/util/concurrent/ConcurrentLinkedQueue
Event: 2.761 loading class java/util/concurrent/ConcurrentLinkedQueue done
Event: 2.761 loading class java/util/concurrent/ConcurrentLinkedQueue$Node
Event: 2.761 loading class java/util/concurrent/ConcurrentLinkedQueue$Node done
Event: 2.767 loading class java/util/concurrent/atomic/AtomicLongArray
Event: 2.767 loading class java/util/concurrent/atomic/AtomicLongArray done
Event: 2.768 loading class java/lang/invoke/VarHandleLongs$Array
Event: 2.769 loading class java/lang/invoke/VarHandleLongs$Array done
Event: 2.769 loading class java/util/concurrent/atomic/AtomicReferenceArray
Event: 2.769 loading class java/util/concurrent/atomic/AtomicReferenceArray done
Event: 2.841 loading class sun/text/resources/cldr/FormatData_en
Event: 2.843 loading class sun/text/resources/cldr/FormatData_en done
Event: 2.844 loading class sun/text/resources/cldr/FormatData_en_US
Event: 2.844 loading class sun/text/resources/cldr/FormatData_en_US done
Event: 2.983 loading class java/io/CharArrayReader
Event: 2.983 loading class java/io/CharArrayReader done


Dynamic libraries:
0x00007ff639850000 - 0x00007ff639860000 	C:\Program Files\Java\jdk-17\bin\java.exe
0x00007ffd1de30000 - 0x00007ffd1e028000 	C:\Windows\SYSTEM32\ntdll.dll
0x00007ffd1bf70000 - 0x00007ffd1c02f000 	C:\Windows\System32\KERNEL32.DLL
0x00007ffd1b670000 - 0x00007ffd1b966000 	C:\Windows\System32\KERNELBASE.dll
0x00007ffd1bba0000 - 0x00007ffd1bca0000 	C:\Windows\System32\ucrtbase.dll
0x00007ffd02460000 - 0x00007ffd0247b000 	C:\Program Files\Java\jdk-17\bin\VCRUNTIME140.dll
0x00007ffd02480000 - 0x00007ffd02498000 	C:\Program Files\Java\jdk-17\bin\jli.dll
0x00007ffd1dc10000 - 0x00007ffd1dcbf000 	C:\Windows\System32\ADVAPI32.dll
0x00007ffd1c930000 - 0x00007ffd1c9ce000 	C:\Windows\System32\msvcrt.dll
0x00007ffd1d900000 - 0x00007ffd1d99c000 	C:\Windows\System32\sechost.dll
0x00007ffd1cb80000 - 0x00007ffd1cca6000 	C:\Windows\System32\RPCRT4.dll
0x00007ffd1d760000 - 0x00007ffd1d8fd000 	C:\Windows\System32\USER32.dll
0x00007ffd1ba50000 - 0x00007ffd1ba72000 	C:\Windows\System32\win32u.dll
0x00007ffd1da60000 - 0x00007ffd1da8c000 	C:\Windows\System32\GDI32.dll
0x00007ffd1bd70000 - 0x00007ffd1be85000 	C:\Windows\System32\gdi32full.dll
0x00007ffd0b5a0000 - 0x00007ffd0b83a000 	C:\Windows\WinSxS\amd64_microsoft.windows.common-controls_6595b64144ccf1df_6.0.19041.1110_none_60b5254171f9507e\COMCTL32.dll
0x00007ffd1bca0000 - 0x00007ffd1bd3d000 	C:\Windows\System32\msvcp_win.dll
0x00007ffd14ce0000 - 0x00007ffd14cea000 	C:\Windows\SYSTEM32\VERSION.dll
0x00007ffd1d9c0000 - 0x00007ffd1d9f0000 	C:\Windows\System32\IMM32.DLL
0x00007ffd02450000 - 0x00007ffd0245c000 	C:\Program Files\Java\jdk-17\bin\vcruntime140_1.dll
0x00007ffcdf400000 - 0x00007ffcdf48e000 	C:\Program Files\Java\jdk-17\bin\msvcp140.dll
0x00007ffcbea60000 - 0x00007ffcbf637000 	C:\Program Files\Java\jdk-17\bin\server\jvm.dll
0x00007ffd1d9f0000 - 0x00007ffd1d9f8000 	C:\Windows\System32\PSAPI.DLL
0x00007ffcf3520000 - 0x00007ffcf3529000 	C:\Windows\SYSTEM32\WSOCK32.dll
0x00007ffd1d320000 - 0x00007ffd1d38b000 	C:\Windows\System32\WS2_32.dll
0x00007ffd0ffe0000 - 0x00007ffd10007000 	C:\Windows\SYSTEM32\WINMM.dll
0x00007ffd19d60000 - 0x00007ffd19d72000 	C:\Windows\SYSTEM32\kernel.appcore.dll
0x00007ffd01960000 - 0x00007ffd0196a000 	C:\Program Files\Java\jdk-17\bin\jimage.dll
0x00007ffd0a7d0000 - 0x00007ffd0a9b4000 	C:\Windows\SYSTEM32\DBGHELP.DLL
0x00007ffd0a6c0000 - 0x00007ffd0a6f4000 	C:\Windows\SYSTEM32\dbgcore.DLL
0x00007ffd1b970000 - 0x00007ffd1b9f2000 	C:\Windows\System32\bcryptPrimitives.dll
0x00007ffd01de0000 - 0x00007ffd01dee000 	C:\Program Files\Java\jdk-17\bin\instrument.dll
0x00007ffcdf3d0000 - 0x00007ffcdf3f5000 	C:\Program Files\Java\jdk-17\bin\java.dll
0x00007ffcce7e0000 - 0x00007ffcce8b7000 	C:\Program Files\Java\jdk-17\bin\jsvml.dll
0x00007ffd1c0c0000 - 0x00007ffd1c804000 	C:\Windows\System32\SHELL32.dll
0x00007ffd19580000 - 0x00007ffd19d13000 	C:\Windows\SYSTEM32\windows.storage.dll
0x00007ffd1d3f0000 - 0x00007ffd1d744000 	C:\Windows\System32\combase.dll
0x00007ffd1af70000 - 0x00007ffd1af9e000 	C:\Windows\SYSTEM32\Wldp.dll
0x00007ffd1da90000 - 0x00007ffd1db3d000 	C:\Windows\System32\SHCORE.dll
0x00007ffd1d210000 - 0x00007ffd1d265000 	C:\Windows\System32\shlwapi.dll
0x00007ffd1b450000 - 0x00007ffd1b46f000 	C:\Windows\SYSTEM32\profapi.dll
0x00007ffcdf370000 - 0x00007ffcdf388000 	C:\Program Files\Java\jdk-17\bin\zip.dll
0x00007ffcdf3b0000 - 0x00007ffcdf3c9000 	C:\Program Files\Java\jdk-17\bin\net.dll
0x00007ffd10d70000 - 0x00007ffd10e7a000 	C:\Windows\SYSTEM32\WINHTTP.dll
0x00007ffd1acd0000 - 0x00007ffd1ad3a000 	C:\Windows\system32\mswsock.dll
0x00007ffcdf390000 - 0x00007ffcdf3a6000 	C:\Program Files\Java\jdk-17\bin\nio.dll
0x00007ffd12080000 - 0x00007ffd1209a000 	D:\INTELLIJ instalacao\IntelliJ IDEA Community Edition 2023.1.1\bin\breakgen64.dll
0x00007ffd01e50000 - 0x00007ffd01e5a000 	C:\Program Files\Java\jdk-17\bin\management.dll
0x00007ffd01e40000 - 0x00007ffd01e4b000 	C:\Program Files\Java\jdk-17\bin\management_ext.dll

dbghelp: loaded successfully - version: 4.0.5 - missing functions: none
symbol engine: initialized successfully - sym options: 0x614 - pdb path: .;C:\Program Files\Java\jdk-17\bin;C:\Windows\SYSTEM32;C:\Windows\WinSxS\amd64_microsoft.windows.common-controls_6595b64144ccf1df_6.0.19041.1110_none_60b5254171f9507e;C:\Program Files\Java\jdk-17\bin\server;D:\INTELLIJ instalacao\IntelliJ IDEA Community Edition 2023.1.1\bin

VM Arguments:
jvm_args: -javaagent:D:\INTELLIJ instalacao\IntelliJ IDEA Community Edition 2023.1.1\lib\idea_rt.jar=63042:D:\INTELLIJ instalacao\IntelliJ IDEA Community Edition 2023.1.1\bin -Dfile.encoding=UTF-8 
java_command: br.com.compassuol.sp.challenge.ecommerce.EcommerceApplication
java_class_path (initial): D:\Challenge8\CompassUOL-SP-Challenge-02-Squad-1-Team-Shenlong\ecommerce\target\classes;C:\Users\Douglas\.m2\repository\org\springframework\boot\spring-boot-starter-web\3.1.0\spring-boot-starter-web-3.1.0.jar;C:\Users\Douglas\.m2\repository\org\springframework\boot\spring-boot-starter\3.1.0\spring-boot-starter-3.1.0.jar;C:\Users\Douglas\.m2\repository\org\springframework\boot\spring-boot-starter-logging\3.1.0\spring-boot-starter-logging-3.1.0.jar;C:\Users\Douglas\.m2\repository\ch\qos\logback\logback-classic\1.4.7\logback-classic-1.4.7.jar;C:\Users\Douglas\.m2\repository\ch\qos\logback\logback-core\1.4.7\logback-core-1.4.7.jar;C:\Users\Douglas\.m2\repository\org\apache\logging\log4j\log4j-to-slf4j\2.20.0\log4j-to-slf4j-2.20.0.jar;C:\Users\Douglas\.m2\repository\org\apache\logging\log4j\log4j-api\2.20.0\log4j-api-2.20.0.jar;C:\Users\Douglas\.m2\repository\org\slf4j\jul-to-slf4j\2.0.7\jul-to-slf4j-2.0.7.jar;C:\Users\Douglas\.m2\repository\jakarta\annotation\jakarta.annotation-api\2.1.1\jakarta.annotation-api-2.1.1.jar;C:\Users\Douglas\.m2\repository\org\yaml\snakeyaml\1.33\snakeyaml-1.33.jar;C:\Users\Douglas\.m2\repository\org\springframework\boot\spring-boot-starter-json\3.1.0\spring-boot-starter-json-3.1.0.jar;C:\Users\Douglas\.m2\repository\com\fasterxml\jackson\core\jackson-databind\2.15.0\jackson-databind-2.15.0.jar;C:\Users\Douglas\.m2\repository\com\fasterxml\jackson\core\jackson-annotations\2.15.0\jackson-annotations-2.15.0.jar;C:\Users\Douglas\.m2\repository\com\fasterxml\jackson\core\jackson-core\2.15.0\jackson-core-2.15.0.jar;C:\Users\Douglas\.m2\repository\com\fasterxml\jackson\datatype\jackson-datatype-jdk8\2.15.0\jackson-datatype-jdk8-2.15.0.jar;C:\Users\Douglas\.m2\repository\com\fasterxml\jackson\datatype\jackson-datatype-jsr310\2.15.0\jackson-datatype-jsr310-2.15.0.jar;C:\Users\Douglas\.m2\repository\com\fasterxml\jackson\module\jackson-module-parameter-names\2.15.0\jackson-module-parameter-names-2.15.0.jar;C:\Users\Dougla
Launcher Type: SUN_STANDARD

[Global flags]
     intx CICompilerCount                          = 3                                         {product} {ergonomic}
     uint ConcGCThreads                            = 1                                         {product} {ergonomic}
     uint G1ConcRefinementThreads                  = 4                                         {product} {ergonomic}
   size_t G1HeapRegionSize                         = 1048576                                   {product} {ergonomic}
    uintx GCDrainStackTargetSize                   = 64                                        {product} {ergonomic}
   size_t InitialHeapSize                          = 134217728                                 {product} {ergonomic}
   size_t MarkStackSize                            = 4194304                                   {product} {ergonomic}
   size_t MaxHeapSize                              = 2126512128                                {product} {ergonomic}
   size_t MaxNewSize                               = 1275068416                                {product} {ergonomic}
   size_t MinHeapDeltaBytes                        = 1048576                                   {product} {ergonomic}
   size_t MinHeapSize                              = 8388608                                   {product} {ergonomic}
    uintx NonNMethodCodeHeapSize                   = 5832780                                {pd product} {ergonomic}
    uintx NonProfiledCodeHeapSize                  = 122912730                              {pd product} {ergonomic}
    uintx ProfiledCodeHeapSize                     = 122912730                              {pd product} {ergonomic}
    uintx ReservedCodeCacheSize                    = 251658240                              {pd product} {ergonomic}
     bool SegmentedCodeCache                       = true                                      {product} {ergonomic}
   size_t SoftMaxHeapSize                          = 2126512128                             {manageable} {ergonomic}
     bool UseCompressedClassPointers               = true                           {product lp64_product} {ergonomic}
     bool UseCompressedOops                        = true                           {product lp64_product} {ergonomic}
     bool UseG1GC                                  = true                                      {product} {ergonomic}
     bool UseLargePagesIndividualAllocation        = false                                  {pd product} {ergonomic}

Logging:
Log output configuration:
 #0: stdout all=warning uptime,level,tags
 #1: stderr all=off uptime,level,tags

Environment Variables:
JAVA_HOME=C:\Program Files\Java\jdk-17
PATH=C:\Program Files\Common Files\Oracle\Java\javapath;C:\Program Files\Python311\Scripts\;C:\Program Files\Python311\;C:\Program Files (x86)\Intel\Intel(R) Management Engine Components\iCLS\;C:\Program Files\Intel\Intel(R) Management Engine Components\iCLS\;C:\Program Files (x86)\Common Files\Oracle\Java\javapath;C:\Windows\system32;C:\Windows;C:\Windows\System32\Wbem;C:\Windows\System32\WindowsPowerShell\v1.0\;C:\Windows\System32\OpenSSH\;C:\Program Files (x86)\Intel\Intel(R) Management Engine Components\DAL;C:\Program Files\Intel\Intel(R) Management Engine Components\DAL;C:\Program Files\Microsoft SQL Server\Client SDK\ODBC\110\Tools\Binn\;C:\Program Files (x86)\Microsoft SQL Server\120\Tools\Binn\;C:\Program Files\Microsoft SQL Server\120\Tools\Binn\;C:\Program Files\Microsoft SQL Server\120\DTS\Binn\;C:\Program Files\Microsoft SQL Server\Client SDK\ODBC\170\Tools\Binn\;C:\Program Files (x86)\Microsoft SQL Server\150\Tools\Binn\;C:\Program Files\Microsoft SQL Server\150\Tools\Binn\;C:\Program Files\Microsoft SQL Server\150\DTS\Binn\;D:\NodeJs\;C:\Program Files\Git\cmd;C:\Program Files\Notepad++;C:\Program Files\Perforce\;C:\Program Files\Perforce;C:\ffmpeg\bin;C:\Users\Douglas\AppData\Local\Programs\Microsoft VS Code\bin;C:\Program Files\Java\jdk-17\bin;C:\Program Files\heroku\bin;D:\INTELLIJ instalacao\IntelliJ IDEA Community Edition 2023.1.1\bin;C:\Users\Douglas\AppData\Local\JetBrains\Toolbox\scripts;
USERNAME=Jaqueline
OS=Windows_NT
PROCESSOR_IDENTIFIER=Intel64 Family 6 Model 142 Stepping 9, GenuineIntel



---------------  S Y S T E M  ---------------

OS:
 Windows 10 , 64 bit Build 19041 (10.0.19041.2913)
OS uptime: 1 days 17:55 hours

CPU: total 4 (initial active 4) (2 cores per cpu, 2 threads per core) family 6 model 142 stepping 9 microcode 0xb4, cx8, cmov, fxsr, ht, mmx, 3dnowpref, sse, sse2, sse3, ssse3, sse4.1, sse4.2, popcnt, lzcnt, tsc, tscinvbit, avx, avx2, aes, erms, clmul, bmi1, bmi2, adx, fma, vzeroupper, clflush, clflushopt

Memory: 4k page, system-wide physical 8105M (1627M free)
TotalPageFile size 10153M (AvailPageFile size 6M)
current process WorkingSet (physical memory assigned to process): 115M, peak: 118M
current process commit charge ("private bytes"): 246M, peak: 249M

vm_info: Java HotSpot(TM) 64-Bit Server VM (17.0.6+9-LTS-190) for windows-amd64 JRE (17.0.6+9-LTS-190), built on Dec  6 2022 15:53:54 by "mach5one" with MS VC++ 17.1 (VS2022)

END.
