#
# There is insufficient memory for the Java Runtime Environment to continue.
# Native memory allocation (malloc) failed to allocate 233616 bytes for Chunk::new
# Possible reasons:
#   The system is out of physical RAM or swap space
#   The process is running with CompressedOops enabled, and the Java Heap may be blocking the growth of the native heap
# Possible solutions:
#   Reduce memory load on the system
#   Increase physical memory or swap space
#   Check if swap backing store is full
#   Decrease Java heap size (-Xmx/-Xms)
#   Decrease number of Java threads
#   Decrease Java thread stack sizes (-Xss)
#   Set larger code cache with -XX:ReservedCodeCacheSize=
#   JVM is running with Unscaled Compressed Oops mode in which the Java heap is
#     placed in the first 4GB address space. The Java Heap base address is the
#     maximum limit for the native heap growth. Please use -XX:HeapBaseMinAddress
#     to set the Java Heap base and to place the Java Heap above 4GB virtual address.
# This output file may be truncated or incomplete.
#
#  Out of Memory Error (arena.cpp:189), pid=5512, tid=2872
#
# JRE version: Java(TM) SE Runtime Environment (17.0.6+9) (build 17.0.6+9-LTS-190)
# Java VM: Java HotSpot(TM) 64-Bit Server VM (17.0.6+9-LTS-190, mixed mode, sharing, tiered, compressed oops, compressed class ptrs, g1 gc, windows-amd64)
# No core dump will be written. Minidumps are not enabled by default on client versions of Windows
#

---------------  S U M M A R Y ------------

Command Line: -javaagent:D:\INTELLIJ instalacao\IntelliJ IDEA Community Edition 2023.1.1\lib\idea_rt.jar=63300:D:\INTELLIJ instalacao\IntelliJ IDEA Community Edition 2023.1.1\bin -Dfile.encoding=UTF-8 br.com.compassuol.sp.challenge.ecommerce.EcommerceApplication

Host: Intel(R) Core(TM) i5-7200U CPU @ 2.50GHz, 4 cores, 7G,  Windows 10 , 64 bit Build 19041 (10.0.19041.2913)
Time: Fri Jun  9 11:44:55 2023 Hora oficial do Brasil elapsed time: 3.062387 seconds (0d 0h 0m 3s)

---------------  T H R E A D  ---------------

Current thread (0x00000270c5fd2fe0):  JavaThread "C2 CompilerThread0" daemon [_thread_in_native, id=2872, stack(0x000000f0aa700000,0x000000f0aa800000)]


Current CompileTask:
C2:   3062 2223   !   4       java.net.URL::<init> (543 bytes)

Stack: [0x000000f0aa700000,0x000000f0aa800000]
Native frames: (J=compiled Java code, j=interpreted, Vv=VM code, C=native code)
V  [jvm.dll+0x6734ea]
V  [jvm.dll+0x7d18f4]
V  [jvm.dll+0x7d309e]
V  [jvm.dll+0x7d3703]
V  [jvm.dll+0x2433c5]
V  [jvm.dll+0xaa46b]
V  [jvm.dll+0xaaa0c]
V  [jvm.dll+0x11be44]
V  [jvm.dll+0x606f73]
V  [jvm.dll+0x605634]
V  [jvm.dll+0x215c5e]
V  [jvm.dll+0x215211]
V  [jvm.dll+0x1a1730]
V  [jvm.dll+0x224b6e]
V  [jvm.dll+0x222f15]
V  [jvm.dll+0x78753c]
V  [jvm.dll+0x781a7a]
V  [jvm.dll+0x672375]
C  [ucrtbase.dll+0x21bb2]
C  [KERNEL32.DLL+0x17614]
C  [ntdll.dll+0x526a1]


---------------  P R O C E S S  ---------------

Threads class SMR info:
_java_thread_list=0x00000270c7aca940, length=17, elements={
0x00000270a67ea2c0, 0x00000270c5fbcb00, 0x00000270c5fbe020, 0x00000270c5fcd7e0,
0x00000270c5fcf1b0, 0x00000270c5fd1a80, 0x00000270c5fd2340, 0x00000270c5fd2fe0,
0x00000270c5ffecc0, 0x00000270c604b480, 0x00000270c6c672f0, 0x00000270c6e800c0,
0x00000270c6e80590, 0x00000270c71f16a0, 0x00000270c76719c0, 0x00000270c7672310,
0x00000270c7a35710
}

Java Threads: ( => current thread )
  0x00000270a67ea2c0 JavaThread "main" [_thread_blocked, id=12524, stack(0x000000f0a9a00000,0x000000f0a9b00000)]
  0x00000270c5fbcb00 JavaThread "Reference Handler" daemon [_thread_blocked, id=7928, stack(0x000000f0aa100000,0x000000f0aa200000)]
  0x00000270c5fbe020 JavaThread "Finalizer" daemon [_thread_blocked, id=11976, stack(0x000000f0aa200000,0x000000f0aa300000)]
  0x00000270c5fcd7e0 JavaThread "Signal Dispatcher" daemon [_thread_blocked, id=7172, stack(0x000000f0aa300000,0x000000f0aa400000)]
  0x00000270c5fcf1b0 JavaThread "Attach Listener" daemon [_thread_blocked, id=11428, stack(0x000000f0aa400000,0x000000f0aa500000)]
  0x00000270c5fd1a80 JavaThread "Service Thread" daemon [_thread_blocked, id=14012, stack(0x000000f0aa500000,0x000000f0aa600000)]
  0x00000270c5fd2340 JavaThread "Monitor Deflation Thread" daemon [_thread_blocked, id=12388, stack(0x000000f0aa600000,0x000000f0aa700000)]
=>0x00000270c5fd2fe0 JavaThread "C2 CompilerThread0" daemon [_thread_in_native, id=2872, stack(0x000000f0aa700000,0x000000f0aa800000)]
  0x00000270c5ffecc0 JavaThread "C1 CompilerThread0" daemon [_thread_in_native, id=3328, stack(0x000000f0aa800000,0x000000f0aa900000)]
  0x00000270c604b480 JavaThread "Sweeper thread" daemon [_thread_blocked, id=11624, stack(0x000000f0aa900000,0x000000f0aaa00000)]
  0x00000270c6c672f0 JavaThread "Common-Cleaner" daemon [_thread_blocked, id=8748, stack(0x000000f0aaa00000,0x000000f0aab00000)]
  0x00000270c6e800c0 JavaThread "Monitor Ctrl-Break" daemon [_thread_in_native, id=9332, stack(0x000000f0aab00000,0x000000f0aac00000)]
  0x00000270c6e80590 JavaThread "Notification Thread" daemon [_thread_blocked, id=2204, stack(0x000000f0aac00000,0x000000f0aad00000)]
  0x00000270c71f16a0 JavaThread "C2 CompilerThread1" daemon [_thread_in_native, id=13596, stack(0x000000f0aae00000,0x000000f0aaf00000)]
  0x00000270c76719c0 JavaThread "Thread-0" [_thread_blocked, id=12656, stack(0x000000f0ab200000,0x000000f0ab300000)]
  0x00000270c7672310 JavaThread "restartedMain" [_thread_in_Java, id=1296, stack(0x000000f0ab300000,0x000000f0ab400000)]
  0x00000270c7a35710 JavaThread "background-preinit" [_thread_in_vm, id=8788, stack(0x000000f0ab400000,0x000000f0ab500000)]

Other Threads:
  0x00000270c5fb4b80 VMThread "VM Thread" [stack: 0x000000f0aa000000,0x000000f0aa100000] [id=3276]
  0x00000270c6f370e0 WatcherThread [stack: 0x000000f0aad00000,0x000000f0aae00000] [id=10940]
  0x00000270a6843c60 GCTaskThread "GC Thread#0" [stack: 0x000000f0a9b00000,0x000000f0a9c00000] [id=12112]
  0x00000270c73f4a20 GCTaskThread "GC Thread#1" [stack: 0x000000f0aaf00000,0x000000f0ab000000] [id=11312]
  0x00000270c753c7d0 GCTaskThread "GC Thread#2" [stack: 0x000000f0ab000000,0x000000f0ab100000] [id=4532]
  0x00000270c73bd690 GCTaskThread "GC Thread#3" [stack: 0x000000f0ab100000,0x000000f0ab200000] [id=9956]
  0x00000270a6855840 ConcurrentGCThread "G1 Main Marker" [stack: 0x000000f0a9c00000,0x000000f0a9d00000] [id=12244]
  0x00000270a6856160 ConcurrentGCThread "G1 Conc#0" [stack: 0x000000f0a9d00000,0x000000f0a9e00000] [id=9964]
  0x00000270a68bde80 ConcurrentGCThread "G1 Refine#0" [stack: 0x000000f0a9e00000,0x000000f0a9f00000] [id=12260]
  0x00000270a68be7b0 ConcurrentGCThread "G1 Service" [stack: 0x000000f0a9f00000,0x000000f0aa000000] [id=7988]

Threads with active compile tasks:
C2 CompilerThread0     3104 2223   !   4       java.net.URL::<init> (543 bytes)
C1 CompilerThread0     3105 2307       3       org.springframework.asm.ClassReader::readElementValue (1237 bytes)
C2 CompilerThread1     3105 2137   !   4       jdk.internal.loader.BuiltinClassLoader::loadClassOrNull (143 bytes)

VM state: not at safepoint (normal execution)

VM Mutex/Monitor currently owned by a thread: None

Heap address: 0x0000000081400000, size: 2028 MB, Compressed Oops mode: 32-bit

CDS archive(s) mapped at: [0x0000000800000000-0x0000000800bd0000-0x0000000800bd0000), size 12386304, SharedBaseAddress: 0x0000000800000000, ArchiveRelocationMode: 0.
Compressed class space mapped at: 0x0000000800c00000-0x0000000840c00000, reserved size: 1073741824
Narrow klass base: 0x0000000800000000, Narrow klass shift: 0, Narrow klass range: 0x100000000

GC Precious Log:
 CPUs: 4 total, 4 available
 Memory: 8105M
 Large Page Support: Disabled
 NUMA Support: Disabled
 Compressed Oops: Enabled (32-bit)
 Heap Region Size: 1M
 Heap Min Capacity: 8M
 Heap Initial Capacity: 128M
 Heap Max Capacity: 2028M
 Pre-touch: Disabled
 Parallel Workers: 4
 Concurrent Workers: 1
 Concurrent Refinement Workers: 4
 Periodic GC: Disabled

Heap:
 garbage-first heap   total 131072K, used 41559K [0x0000000081400000, 0x0000000100000000)
  region size 1024K, 37 young (37888K), 3 survivors (3072K)
 Metaspace       used 19189K, committed 19392K, reserved 1073152K
  class space    used 2432K, committed 2560K, reserved 1048576K

Heap Regions: E=young(eden), S=young(survivor), O=old, HS=humongous(starts), HC=humongous(continues), CS=collection set, F=free, OA=open archive, CA=closed archive, TAMS=top-at-mark-start (previous, next)
|   0|0x0000000081400000, 0x0000000081500000, 0x0000000081500000|100%|HS|  |TAMS 0x0000000081400000, 0x0000000081400000| Complete 
|   1|0x0000000081500000, 0x0000000081600000, 0x0000000081600000|100%| O|  |TAMS 0x0000000081500000, 0x0000000081500000| Untracked 
|   2|0x0000000081600000, 0x0000000081700000, 0x0000000081700000|100%| O|  |TAMS 0x0000000081600000, 0x0000000081600000| Untracked 
|   3|0x0000000081700000, 0x0000000081800000, 0x0000000081800000|100%| O|  |TAMS 0x0000000081700000, 0x0000000081700000| Untracked 
|   4|0x0000000081800000, 0x0000000081900000, 0x0000000081900000|100%| O|  |TAMS 0x0000000081800000, 0x0000000081800000| Untracked 
|   5|0x0000000081900000, 0x00000000819dc000, 0x0000000081a00000| 85%| O|  |TAMS 0x0000000081900000, 0x0000000081900000| Untracked 
|   6|0x0000000081a00000, 0x0000000081a00000, 0x0000000081b00000|  0%| F|  |TAMS 0x0000000081a00000, 0x0000000081a00000| Untracked 
|   7|0x0000000081b00000, 0x0000000081b00000, 0x0000000081c00000|  0%| F|  |TAMS 0x0000000081b00000, 0x0000000081b00000| Untracked 
|   8|0x0000000081c00000, 0x0000000081c00000, 0x0000000081d00000|  0%| F|  |TAMS 0x0000000081c00000, 0x0000000081c00000| Untracked 
|   9|0x0000000081d00000, 0x0000000081d00000, 0x0000000081e00000|  0%| F|  |TAMS 0x0000000081d00000, 0x0000000081d00000| Untracked 
|  10|0x0000000081e00000, 0x0000000081e00000, 0x0000000081f00000|  0%| F|  |TAMS 0x0000000081e00000, 0x0000000081e00000| Untracked 
|  11|0x0000000081f00000, 0x0000000081f00000, 0x0000000082000000|  0%| F|  |TAMS 0x0000000081f00000, 0x0000000081f00000| Untracked 
|  12|0x0000000082000000, 0x0000000082000000, 0x0000000082100000|  0%| F|  |TAMS 0x0000000082000000, 0x0000000082000000| Untracked 
|  13|0x0000000082100000, 0x0000000082100000, 0x0000000082200000|  0%| F|  |TAMS 0x0000000082100000, 0x0000000082100000| Untracked 
|  14|0x0000000082200000, 0x0000000082200000, 0x0000000082300000|  0%| F|  |TAMS 0x0000000082200000, 0x0000000082200000| Untracked 
|  15|0x0000000082300000, 0x0000000082300000, 0x0000000082400000|  0%| F|  |TAMS 0x0000000082300000, 0x0000000082300000| Untracked 
|  16|0x0000000082400000, 0x0000000082400000, 0x0000000082500000|  0%| F|  |TAMS 0x0000000082400000, 0x0000000082400000| Untracked 
|  17|0x0000000082500000, 0x0000000082500000, 0x0000000082600000|  0%| F|  |TAMS 0x0000000082500000, 0x0000000082500000| Untracked 
|  18|0x0000000082600000, 0x0000000082600000, 0x0000000082700000|  0%| F|  |TAMS 0x0000000082600000, 0x0000000082600000| Untracked 
|  19|0x0000000082700000, 0x0000000082700000, 0x0000000082800000|  0%| F|  |TAMS 0x0000000082700000, 0x0000000082700000| Untracked 
|  20|0x0000000082800000, 0x0000000082800000, 0x0000000082900000|  0%| F|  |TAMS 0x0000000082800000, 0x0000000082800000| Untracked 
|  21|0x0000000082900000, 0x0000000082900000, 0x0000000082a00000|  0%| F|  |TAMS 0x0000000082900000, 0x0000000082900000| Untracked 
|  22|0x0000000082a00000, 0x0000000082a00000, 0x0000000082b00000|  0%| F|  |TAMS 0x0000000082a00000, 0x0000000082a00000| Untracked 
|  23|0x0000000082b00000, 0x0000000082b00000, 0x0000000082c00000|  0%| F|  |TAMS 0x0000000082b00000, 0x0000000082b00000| Untracked 
|  24|0x0000000082c00000, 0x0000000082c00000, 0x0000000082d00000|  0%| F|  |TAMS 0x0000000082c00000, 0x0000000082c00000| Untracked 
|  25|0x0000000082d00000, 0x0000000082d00000, 0x0000000082e00000|  0%| F|  |TAMS 0x0000000082d00000, 0x0000000082d00000| Untracked 
|  26|0x0000000082e00000, 0x0000000082e00000, 0x0000000082f00000|  0%| F|  |TAMS 0x0000000082e00000, 0x0000000082e00000| Untracked 
|  27|0x0000000082f00000, 0x0000000082f00000, 0x0000000083000000|  0%| F|  |TAMS 0x0000000082f00000, 0x0000000082f00000| Untracked 
|  28|0x0000000083000000, 0x0000000083000000, 0x0000000083100000|  0%| F|  |TAMS 0x0000000083000000, 0x0000000083000000| Untracked 
|  29|0x0000000083100000, 0x0000000083100000, 0x0000000083200000|  0%| F|  |TAMS 0x0000000083100000, 0x0000000083100000| Untracked 
|  30|0x0000000083200000, 0x0000000083200000, 0x0000000083300000|  0%| F|  |TAMS 0x0000000083200000, 0x0000000083200000| Untracked 
|  31|0x0000000083300000, 0x0000000083300000, 0x0000000083400000|  0%| F|  |TAMS 0x0000000083300000, 0x0000000083300000| Untracked 
|  32|0x0000000083400000, 0x0000000083400000, 0x0000000083500000|  0%| F|  |TAMS 0x0000000083400000, 0x0000000083400000| Untracked 
|  33|0x0000000083500000, 0x0000000083500000, 0x0000000083600000|  0%| F|  |TAMS 0x0000000083500000, 0x0000000083500000| Untracked 
|  34|0x0000000083600000, 0x0000000083600000, 0x0000000083700000|  0%| F|  |TAMS 0x0000000083600000, 0x0000000083600000| Untracked 
|  35|0x0000000083700000, 0x0000000083700000, 0x0000000083800000|  0%| F|  |TAMS 0x0000000083700000, 0x0000000083700000| Untracked 
|  36|0x0000000083800000, 0x0000000083800000, 0x0000000083900000|  0%| F|  |TAMS 0x0000000083800000, 0x0000000083800000| Untracked 
|  37|0x0000000083900000, 0x0000000083900000, 0x0000000083a00000|  0%| F|  |TAMS 0x0000000083900000, 0x0000000083900000| Untracked 
|  38|0x0000000083a00000, 0x0000000083a00000, 0x0000000083b00000|  0%| F|  |TAMS 0x0000000083a00000, 0x0000000083a00000| Untracked 
|  39|0x0000000083b00000, 0x0000000083b00000, 0x0000000083c00000|  0%| F|  |TAMS 0x0000000083b00000, 0x0000000083b00000| Untracked 
|  40|0x0000000083c00000, 0x0000000083c00000, 0x0000000083d00000|  0%| F|  |TAMS 0x0000000083c00000, 0x0000000083c00000| Untracked 
|  41|0x0000000083d00000, 0x0000000083d00000, 0x0000000083e00000|  0%| F|  |TAMS 0x0000000083d00000, 0x0000000083d00000| Untracked 
|  42|0x0000000083e00000, 0x0000000083e00000, 0x0000000083f00000|  0%| F|  |TAMS 0x0000000083e00000, 0x0000000083e00000| Untracked 
|  43|0x0000000083f00000, 0x0000000083f00000, 0x0000000084000000|  0%| F|  |TAMS 0x0000000083f00000, 0x0000000083f00000| Untracked 
|  44|0x0000000084000000, 0x0000000084000000, 0x0000000084100000|  0%| F|  |TAMS 0x0000000084000000, 0x0000000084000000| Untracked 
|  45|0x0000000084100000, 0x0000000084100000, 0x0000000084200000|  0%| F|  |TAMS 0x0000000084100000, 0x0000000084100000| Untracked 
|  46|0x0000000084200000, 0x0000000084200000, 0x0000000084300000|  0%| F|  |TAMS 0x0000000084200000, 0x0000000084200000| Untracked 
|  47|0x0000000084300000, 0x0000000084300000, 0x0000000084400000|  0%| F|  |TAMS 0x0000000084300000, 0x0000000084300000| Untracked 
|  48|0x0000000084400000, 0x0000000084400000, 0x0000000084500000|  0%| F|  |TAMS 0x0000000084400000, 0x0000000084400000| Untracked 
|  49|0x0000000084500000, 0x0000000084500000, 0x0000000084600000|  0%| F|  |TAMS 0x0000000084500000, 0x0000000084500000| Untracked 
|  50|0x0000000084600000, 0x0000000084600000, 0x0000000084700000|  0%| F|  |TAMS 0x0000000084600000, 0x0000000084600000| Untracked 
|  51|0x0000000084700000, 0x0000000084700000, 0x0000000084800000|  0%| F|  |TAMS 0x0000000084700000, 0x0000000084700000| Untracked 
|  52|0x0000000084800000, 0x0000000084800000, 0x0000000084900000|  0%| F|  |TAMS 0x0000000084800000, 0x0000000084800000| Untracked 
|  53|0x0000000084900000, 0x0000000084900000, 0x0000000084a00000|  0%| F|  |TAMS 0x0000000084900000, 0x0000000084900000| Untracked 
|  54|0x0000000084a00000, 0x0000000084a00000, 0x0000000084b00000|  0%| F|  |TAMS 0x0000000084a00000, 0x0000000084a00000| Untracked 
|  55|0x0000000084b00000, 0x0000000084b00000, 0x0000000084c00000|  0%| F|  |TAMS 0x0000000084b00000, 0x0000000084b00000| Untracked 
|  56|0x0000000084c00000, 0x0000000084c00000, 0x0000000084d00000|  0%| F|  |TAMS 0x0000000084c00000, 0x0000000084c00000| Untracked 
|  57|0x0000000084d00000, 0x0000000084d00000, 0x0000000084e00000|  0%| F|  |TAMS 0x0000000084d00000, 0x0000000084d00000| Untracked 
|  58|0x0000000084e00000, 0x0000000084e00000, 0x0000000084f00000|  0%| F|  |TAMS 0x0000000084e00000, 0x0000000084e00000| Untracked 
|  59|0x0000000084f00000, 0x0000000084f00000, 0x0000000085000000|  0%| F|  |TAMS 0x0000000084f00000, 0x0000000084f00000| Untracked 
|  60|0x0000000085000000, 0x0000000085000000, 0x0000000085100000|  0%| F|  |TAMS 0x0000000085000000, 0x0000000085000000| Untracked 
|  61|0x0000000085100000, 0x0000000085100000, 0x0000000085200000|  0%| F|  |TAMS 0x0000000085100000, 0x0000000085100000| Untracked 
|  62|0x0000000085200000, 0x0000000085200000, 0x0000000085300000|  0%| F|  |TAMS 0x0000000085200000, 0x0000000085200000| Untracked 
|  63|0x0000000085300000, 0x0000000085300000, 0x0000000085400000|  0%| F|  |TAMS 0x0000000085300000, 0x0000000085300000| Untracked 
|  64|0x0000000085400000, 0x0000000085400000, 0x0000000085500000|  0%| F|  |TAMS 0x0000000085400000, 0x0000000085400000| Untracked 
|  65|0x0000000085500000, 0x0000000085500000, 0x0000000085600000|  0%| F|  |TAMS 0x0000000085500000, 0x0000000085500000| Untracked 
|  66|0x0000000085600000, 0x0000000085600000, 0x0000000085700000|  0%| F|  |TAMS 0x0000000085600000, 0x0000000085600000| Untracked 
|  67|0x0000000085700000, 0x0000000085700000, 0x0000000085800000|  0%| F|  |TAMS 0x0000000085700000, 0x0000000085700000| Untracked 
|  68|0x0000000085800000, 0x0000000085800000, 0x0000000085900000|  0%| F|  |TAMS 0x0000000085800000, 0x0000000085800000| Untracked 
|  69|0x0000000085900000, 0x0000000085900000, 0x0000000085a00000|  0%| F|  |TAMS 0x0000000085900000, 0x0000000085900000| Untracked 
|  70|0x0000000085a00000, 0x0000000085a00000, 0x0000000085b00000|  0%| F|  |TAMS 0x0000000085a00000, 0x0000000085a00000| Untracked 
|  71|0x0000000085b00000, 0x0000000085b00000, 0x0000000085c00000|  0%| F|  |TAMS 0x0000000085b00000, 0x0000000085b00000| Untracked 
|  72|0x0000000085c00000, 0x0000000085c00000, 0x0000000085d00000|  0%| F|  |TAMS 0x0000000085c00000, 0x0000000085c00000| Untracked 
|  73|0x0000000085d00000, 0x0000000085d00000, 0x0000000085e00000|  0%| F|  |TAMS 0x0000000085d00000, 0x0000000085d00000| Untracked 
|  74|0x0000000085e00000, 0x0000000085e00000, 0x0000000085f00000|  0%| F|  |TAMS 0x0000000085e00000, 0x0000000085e00000| Untracked 
|  75|0x0000000085f00000, 0x0000000085f00000, 0x0000000086000000|  0%| F|  |TAMS 0x0000000085f00000, 0x0000000085f00000| Untracked 
|  76|0x0000000086000000, 0x0000000086000000, 0x0000000086100000|  0%| F|  |TAMS 0x0000000086000000, 0x0000000086000000| Untracked 
|  77|0x0000000086100000, 0x0000000086100000, 0x0000000086200000|  0%| F|  |TAMS 0x0000000086100000, 0x0000000086100000| Untracked 
|  78|0x0000000086200000, 0x0000000086200000, 0x0000000086300000|  0%| F|  |TAMS 0x0000000086200000, 0x0000000086200000| Untracked 
|  79|0x0000000086300000, 0x0000000086300000, 0x0000000086400000|  0%| F|  |TAMS 0x0000000086300000, 0x0000000086300000| Untracked 
|  80|0x0000000086400000, 0x0000000086400000, 0x0000000086500000|  0%| F|  |TAMS 0x0000000086400000, 0x0000000086400000| Untracked 
|  81|0x0000000086500000, 0x0000000086500000, 0x0000000086600000|  0%| F|  |TAMS 0x0000000086500000, 0x0000000086500000| Untracked 
|  82|0x0000000086600000, 0x0000000086600000, 0x0000000086700000|  0%| F|  |TAMS 0x0000000086600000, 0x0000000086600000| Untracked 
|  83|0x0000000086700000, 0x0000000086700000, 0x0000000086800000|  0%| F|  |TAMS 0x0000000086700000, 0x0000000086700000| Untracked 
|  84|0x0000000086800000, 0x0000000086800000, 0x0000000086900000|  0%| F|  |TAMS 0x0000000086800000, 0x0000000086800000| Untracked 
|  85|0x0000000086900000, 0x0000000086900000, 0x0000000086a00000|  0%| F|  |TAMS 0x0000000086900000, 0x0000000086900000| Untracked 
|  86|0x0000000086a00000, 0x0000000086a00000, 0x0000000086b00000|  0%| F|  |TAMS 0x0000000086a00000, 0x0000000086a00000| Untracked 
|  87|0x0000000086b00000, 0x0000000086b00000, 0x0000000086c00000|  0%| F|  |TAMS 0x0000000086b00000, 0x0000000086b00000| Untracked 
|  88|0x0000000086c00000, 0x0000000086c00000, 0x0000000086d00000|  0%| F|  |TAMS 0x0000000086c00000, 0x0000000086c00000| Untracked 
|  89|0x0000000086d00000, 0x0000000086d00000, 0x0000000086e00000|  0%| F|  |TAMS 0x0000000086d00000, 0x0000000086d00000| Untracked 
|  90|0x0000000086e00000, 0x0000000086e00000, 0x0000000086f00000|  0%| F|  |TAMS 0x0000000086e00000, 0x0000000086e00000| Untracked 
|  91|0x0000000086f00000, 0x0000000086f80800, 0x0000000087000000| 50%| E|  |TAMS 0x0000000086f00000, 0x0000000086f00000| Complete 
|  92|0x0000000087000000, 0x0000000087100000, 0x0000000087100000|100%| E|CS|TAMS 0x0000000087000000, 0x0000000087000000| Complete 
|  93|0x0000000087100000, 0x0000000087200000, 0x0000000087200000|100%| E|CS|TAMS 0x0000000087100000, 0x0000000087100000| Complete 
|  94|0x0000000087200000, 0x0000000087300000, 0x0000000087300000|100%| E|CS|TAMS 0x0000000087200000, 0x0000000087200000| Complete 
|  95|0x0000000087300000, 0x0000000087400000, 0x0000000087400000|100%| E|CS|TAMS 0x0000000087300000, 0x0000000087300000| Complete 
|  96|0x0000000087400000, 0x0000000087500000, 0x0000000087500000|100%| E|CS|TAMS 0x0000000087400000, 0x0000000087400000| Complete 
|  97|0x0000000087500000, 0x0000000087600000, 0x0000000087600000|100%| E|CS|TAMS 0x0000000087500000, 0x0000000087500000| Complete 
|  98|0x0000000087600000, 0x0000000087700000, 0x0000000087700000|100%| E|  |TAMS 0x0000000087600000, 0x0000000087600000| Complete 
|  99|0x0000000087700000, 0x00000000877b9c88, 0x0000000087800000| 72%| S|CS|TAMS 0x0000000087700000, 0x0000000087700000| Complete 
| 100|0x0000000087800000, 0x0000000087900000, 0x0000000087900000|100%| S|CS|TAMS 0x0000000087800000, 0x0000000087800000| Complete 
| 101|0x0000000087900000, 0x0000000087a00000, 0x0000000087a00000|100%| S|CS|TAMS 0x0000000087900000, 0x0000000087900000| Complete 
| 102|0x0000000087a00000, 0x0000000087b00000, 0x0000000087b00000|100%| E|CS|TAMS 0x0000000087a00000, 0x0000000087a00000| Complete 
| 103|0x0000000087b00000, 0x0000000087c00000, 0x0000000087c00000|100%| E|CS|TAMS 0x0000000087b00000, 0x0000000087b00000| Complete 
| 104|0x0000000087c00000, 0x0000000087d00000, 0x0000000087d00000|100%| E|CS|TAMS 0x0000000087c00000, 0x0000000087c00000| Complete 
| 105|0x0000000087d00000, 0x0000000087e00000, 0x0000000087e00000|100%| E|CS|TAMS 0x0000000087d00000, 0x0000000087d00000| Complete 
| 106|0x0000000087e00000, 0x0000000087f00000, 0x0000000087f00000|100%| E|CS|TAMS 0x0000000087e00000, 0x0000000087e00000| Complete 
| 107|0x0000000087f00000, 0x0000000088000000, 0x0000000088000000|100%| E|CS|TAMS 0x0000000087f00000, 0x0000000087f00000| Complete 
| 108|0x0000000088000000, 0x0000000088100000, 0x0000000088100000|100%| E|CS|TAMS 0x0000000088000000, 0x0000000088000000| Complete 
| 109|0x0000000088100000, 0x0000000088200000, 0x0000000088200000|100%| E|CS|TAMS 0x0000000088100000, 0x0000000088100000| Complete 
| 110|0x0000000088200000, 0x0000000088300000, 0x0000000088300000|100%| E|CS|TAMS 0x0000000088200000, 0x0000000088200000| Complete 
| 111|0x0000000088300000, 0x0000000088400000, 0x0000000088400000|100%| E|CS|TAMS 0x0000000088300000, 0x0000000088300000| Complete 
| 112|0x0000000088400000, 0x0000000088500000, 0x0000000088500000|100%| E|CS|TAMS 0x0000000088400000, 0x0000000088400000| Complete 
| 113|0x0000000088500000, 0x0000000088600000, 0x0000000088600000|100%| E|CS|TAMS 0x0000000088500000, 0x0000000088500000| Complete 
| 114|0x0000000088600000, 0x0000000088700000, 0x0000000088700000|100%| E|CS|TAMS 0x0000000088600000, 0x0000000088600000| Complete 
| 115|0x0000000088700000, 0x0000000088800000, 0x0000000088800000|100%| E|CS|TAMS 0x0000000088700000, 0x0000000088700000| Complete 
| 116|0x0000000088800000, 0x0000000088900000, 0x0000000088900000|100%| E|CS|TAMS 0x0000000088800000, 0x0000000088800000| Complete 
| 117|0x0000000088900000, 0x0000000088a00000, 0x0000000088a00000|100%| E|CS|TAMS 0x0000000088900000, 0x0000000088900000| Complete 
| 118|0x0000000088a00000, 0x0000000088b00000, 0x0000000088b00000|100%| E|CS|TAMS 0x0000000088a00000, 0x0000000088a00000| Complete 
| 119|0x0000000088b00000, 0x0000000088c00000, 0x0000000088c00000|100%| E|CS|TAMS 0x0000000088b00000, 0x0000000088b00000| Complete 
| 120|0x0000000088c00000, 0x0000000088d00000, 0x0000000088d00000|100%| E|CS|TAMS 0x0000000088c00000, 0x0000000088c00000| Complete 
| 121|0x0000000088d00000, 0x0000000088e00000, 0x0000000088e00000|100%| E|CS|TAMS 0x0000000088d00000, 0x0000000088d00000| Complete 
| 122|0x0000000088e00000, 0x0000000088f00000, 0x0000000088f00000|100%| E|CS|TAMS 0x0000000088e00000, 0x0000000088e00000| Complete 
| 123|0x0000000088f00000, 0x0000000089000000, 0x0000000089000000|100%| E|CS|TAMS 0x0000000088f00000, 0x0000000088f00000| Complete 
| 124|0x0000000089000000, 0x0000000089100000, 0x0000000089100000|100%| E|CS|TAMS 0x0000000089000000, 0x0000000089000000| Complete 
| 125|0x0000000089100000, 0x0000000089200000, 0x0000000089200000|100%| E|CS|TAMS 0x0000000089100000, 0x0000000089100000| Complete 
| 126|0x0000000089200000, 0x0000000089300000, 0x0000000089300000|100%| E|CS|TAMS 0x0000000089200000, 0x0000000089200000| Complete 
| 127|0x0000000089300000, 0x0000000089400000, 0x0000000089400000|100%| E|CS|TAMS 0x0000000089300000, 0x0000000089300000| Complete 

Card table byte_map: [0x00000270bf270000,0x00000270bf670000] _byte_map_base: 0x00000270bee66000

Marking Bits (Prev, Next): (CMBitMap*) 0x00000270a6845190, (CMBitMap*) 0x00000270a68451d0
 Prev Bits: [0x00000270bfa70000, 0x00000270c1a20000)
 Next Bits: [0x00000270c1a20000, 0x00000270c39d0000)

Polling page: 0x00000270a68c0000

Metaspace:

Usage:
  Non-class:     16.37 MB used.
      Class:      2.38 MB used.
       Both:     18.74 MB used.

Virtual space:
  Non-class space:       24.00 MB reserved,      16.44 MB ( 68%) committed,  3 nodes.
      Class space:        1.00 GB reserved,       2.50 MB ( <1%) committed,  1 nodes.
             Both:        1.02 GB reserved,      18.94 MB (  2%) committed. 

Chunk freelists:
   Non-Class:  3.44 MB
       Class:  1.55 MB
        Both:  4.99 MB

MaxMetaspaceSize: unlimited
CompressedClassSpaceSize: 1.00 GB
Initial GC threshold: 21.00 MB
Current GC threshold: 21.00 MB
CDS: on
MetaspaceReclaimPolicy: balanced
 - commit_granule_bytes: 65536.
 - commit_granule_words: 8192.
 - virtual_space_node_default_size: 1048576.
 - enlarge_chunks_in_place: 1.
 - new_chunks_are_fully_committed: 0.
 - uncommit_free_chunks: 1.
 - use_allocation_guard: 0.
 - handle_deallocations: 1.


Internal statistics:

num_allocs_failed_limit: 0.
num_arena_births: 176.
num_arena_deaths: 0.
num_vsnodes_births: 4.
num_vsnodes_deaths: 0.
num_space_committed: 303.
num_space_uncommitted: 0.
num_chunks_returned_to_freelist: 0.
num_chunks_taken_from_freelist: 784.
num_chunk_merges: 0.
num_chunk_splits: 557.
num_chunks_enlarged: 462.
num_purges: 0.
num_inconsistent_stats: 0.

CodeHeap 'non-profiled nmethods': size=120000Kb used=887Kb max_used=887Kb free=119112Kb
 bounds [0x00000270b7310000, 0x00000270b7580000, 0x00000270be840000]
CodeHeap 'profiled nmethods': size=120000Kb used=4499Kb max_used=4499Kb free=115500Kb
 bounds [0x00000270af840000, 0x00000270afcb0000, 0x00000270b6d70000]
CodeHeap 'non-nmethods': size=5760Kb used=1199Kb max_used=1274Kb free=4560Kb
 bounds [0x00000270b6d70000, 0x00000270b6fe0000, 0x00000270b7310000]
 total_blobs=2801 nmethods=2305 adapters=408
 compilation: enabled
              stopped_count=0, restarted_count=0
 full_count=0

Compilation events (20 events):
Event: 3.016 Thread 0x00000270c5ffecc0 nmethod 2253 0x00000270afc87390 code [0x00000270afc87580, 0x00000270afc87a78]
Event: 3.016 Thread 0x00000270c5ffecc0 2252       3       java.util.ArrayDeque::removeFirst (19 bytes)
Event: 3.017 Thread 0x00000270c5ffecc0 nmethod 2252 0x00000270afc87c10 code [0x00000270afc87dc0, 0x00000270afc88098]
Event: 3.017 Thread 0x00000270c5ffecc0 2251       1       org.springframework.core.annotation.AnnotationTypeMapping::getSource (5 bytes)
Event: 3.017 Thread 0x00000270c5ffecc0 nmethod 2251 0x00000270b73eb910 code [0x00000270b73ebaa0, 0x00000270b73ebb78]
Event: 3.022 Thread 0x00000270c5ffecc0 2255       3       java.util.stream.ReferencePipeline::filter (22 bytes)
Event: 3.023 Thread 0x00000270c5ffecc0 nmethod 2255 0x00000270afc88190 code [0x00000270afc88380, 0x00000270afc888b8]
Event: 3.023 Thread 0x00000270c5ffecc0 2258       3       org.springframework.core.annotation.MergedAnnotationsCollection$AnnotationsSpliterator::getNextSuitableMapping (45 bytes)
Event: 3.024 Thread 0x00000270c5ffecc0 nmethod 2258 0x00000270afc88b10 code [0x00000270afc88d60, 0x00000270afc89758]
Event: 3.024 Thread 0x00000270c5ffecc0 2256       3       java.util.stream.ReferencePipeline$2::<init> (20 bytes)
Event: 3.024 Thread 0x00000270c5ffecc0 nmethod 2256 0x00000270afc89b90 code [0x00000270afc89d40, 0x00000270afc8a028]
Event: 3.024 Thread 0x00000270c5ffecc0 2257       3       java.util.stream.ReferencePipeline$2::opWrapSink (10 bytes)
Event: 3.024 Thread 0x00000270c5ffecc0 nmethod 2257 0x00000270afc8a190 code [0x00000270afc8a380, 0x00000270afc8a948]
Event: 3.025 Thread 0x00000270c5ffecc0 2259       3       org.springframework.asm.Type::getType (10 bytes)
Event: 3.026 Thread 0x00000270c5ffecc0 nmethod 2259 0x00000270afc8ab10 code [0x00000270afc8acc0, 0x00000270afc8aee8]
Event: 3.026 Thread 0x00000270c5ffecc0 2261   !   3       jdk.internal.loader.URLClassPath::checkURL (16 bytes)
Event: 3.026 Thread 0x00000270c5ffecc0 nmethod 2261 0x00000270afc8b010 code [0x00000270afc8b1c0, 0x00000270afc8b388]
Event: 3.026 Thread 0x00000270c5ffecc0 2260       1       org.springframework.core.annotation.TypeMappedAnnotation::getAggregateIndex (5 bytes)
Event: 3.026 Thread 0x00000270c5ffecc0 nmethod 2260 0x00000270b73ebc10 code [0x00000270b73ebda0, 0x00000270b73ebe78]
Event: 3.026 Thread 0x00000270c5ffecc0 2262   !   3       org.slf4j.LoggerFactory::getProvider (102 bytes)

GC Heap History (6 events):
Event: 0.905 GC heap before
{Heap before GC invocations=0 (full 0):
 garbage-first heap   total 131072K, used 13312K [0x0000000081400000, 0x0000000100000000)
  region size 1024K, 13 young (13312K), 0 survivors (0K)
 Metaspace       used 3610K, committed 3776K, reserved 1056768K
  class space    used 383K, committed 512K, reserved 1048576K
}
Event: 0.928 GC heap after
{Heap after GC invocations=1 (full 0):
 garbage-first heap   total 131072K, used 5863K [0x0000000081400000, 0x0000000100000000)
  region size 1024K, 2 young (2048K), 2 survivors (2048K)
 Metaspace       used 3610K, committed 3776K, reserved 1056768K
  class space    used 383K, committed 512K, reserved 1048576K
}
Event: 1.413 GC heap before
{Heap before GC invocations=1 (full 0):
 garbage-first heap   total 131072K, used 16103K [0x0000000081400000, 0x0000000100000000)
  region size 1024K, 13 young (13312K), 2 survivors (2048K)
 Metaspace       used 6331K, committed 6464K, reserved 1056768K
  class space    used 728K, committed 768K, reserved 1048576K
}
Event: 1.417 GC heap after
{Heap after GC invocations=2 (full 0):
 garbage-first heap   total 131072K, used 6995K [0x0000000081400000, 0x0000000100000000)
  region size 1024K, 1 young (1024K), 1 survivors (1024K)
 Metaspace       used 6331K, committed 6464K, reserved 1056768K
  class space    used 728K, committed 768K, reserved 1048576K
}
Event: 2.177 GC heap before
{Heap before GC invocations=2 (full 0):
 garbage-first heap   total 131072K, used 31571K [0x0000000081400000, 0x0000000100000000)
  region size 1024K, 26 young (26624K), 1 survivors (1024K)
 Metaspace       used 11969K, committed 12224K, reserved 1064960K
  class space    used 1586K, committed 1728K, reserved 1048576K
}
Event: 2.182 GC heap after
{Heap after GC invocations=3 (full 0):
 garbage-first heap   total 131072K, used 8791K [0x0000000081400000, 0x0000000100000000)
  region size 1024K, 3 young (3072K), 3 survivors (3072K)
 Metaspace       used 11969K, committed 12224K, reserved 1064960K
  class space    used 1586K, committed 1728K, reserved 1048576K
}

Deoptimization events (20 events):
Event: 2.856 Thread 0x00000270c7672310 DEOPT PACKING pc=0x00000270af963666 sp=0x000000f0ab3fe0a0
Event: 2.856 Thread 0x00000270c7672310 DEOPT UNPACKING pc=0x00000270b6dc2b43 sp=0x000000f0ab3fd568 mode 0
Event: 2.856 Thread 0x00000270c7672310 DEOPT PACKING pc=0x00000270af9eaa31 sp=0x000000f0ab3fe070
Event: 2.856 Thread 0x00000270c7672310 DEOPT UNPACKING pc=0x00000270b6dc2b43 sp=0x000000f0ab3fd560 mode 0
Event: 2.856 Thread 0x00000270c7672310 DEOPT PACKING pc=0x00000270af963666 sp=0x000000f0ab3fe0a0
Event: 2.856 Thread 0x00000270c7672310 DEOPT UNPACKING pc=0x00000270b6dc2b43 sp=0x000000f0ab3fd568 mode 0
Event: 2.857 Thread 0x00000270c7672310 DEOPT PACKING pc=0x00000270af9eaa31 sp=0x000000f0ab3fe070
Event: 2.857 Thread 0x00000270c7672310 DEOPT UNPACKING pc=0x00000270b6dc2b43 sp=0x000000f0ab3fd560 mode 0
Event: 2.857 Thread 0x00000270c7672310 DEOPT PACKING pc=0x00000270af963666 sp=0x000000f0ab3fe0a0
Event: 2.857 Thread 0x00000270c7672310 DEOPT UNPACKING pc=0x00000270b6dc2b43 sp=0x000000f0ab3fd568 mode 0
Event: 2.857 Thread 0x00000270c7672310 DEOPT PACKING pc=0x00000270af9eaa31 sp=0x000000f0ab3fe070
Event: 2.857 Thread 0x00000270c7672310 DEOPT UNPACKING pc=0x00000270b6dc2b43 sp=0x000000f0ab3fd560 mode 0
Event: 2.857 Thread 0x00000270c7672310 DEOPT PACKING pc=0x00000270af963666 sp=0x000000f0ab3fe0a0
Event: 2.857 Thread 0x00000270c7672310 DEOPT UNPACKING pc=0x00000270b6dc2b43 sp=0x000000f0ab3fd568 mode 0
Event: 2.857 Thread 0x00000270c7672310 DEOPT PACKING pc=0x00000270af9eaa31 sp=0x000000f0ab3fe070
Event: 2.857 Thread 0x00000270c7672310 DEOPT UNPACKING pc=0x00000270b6dc2b43 sp=0x000000f0ab3fd560 mode 0
Event: 3.007 Thread 0x00000270c7a35710 Uncommon trap: trap_request=0xffffff45 fr.pc=0x00000270b73d46d0 relative=0x00000000000017d0
Event: 3.007 Thread 0x00000270c7a35710 Uncommon trap: reason=unstable_if action=reinterpret pc=0x00000270b73d46d0 method=jdk.internal.org.objectweb.asm.Frame.execute(IILjdk/internal/org/objectweb/asm/Symbol;Ljdk/internal/org/objectweb/asm/SymbolTable;)V @ 1 c2
Event: 3.007 Thread 0x00000270c7a35710 DEOPT PACKING pc=0x00000270b73d46d0 sp=0x000000f0ab4fc2b0
Event: 3.007 Thread 0x00000270c7a35710 DEOPT UNPACKING pc=0x00000270b6dc23a3 sp=0x000000f0ab4fc268 mode 2

Classes unloaded (0 events):
No events

Classes redefined (0 events):
No events

Internal exceptions (20 events):
Event: 1.682 Thread 0x00000270c7672310 Exception <a 'java/lang/NoSuchMethodError'{0x0000000088ef8a00}: 'java.lang.Object java.lang.invoke.Invokers$Holder.linkToTargetMethod(java.lang.Object, java.lang.Object, int, java.lang.Object, java.lang.Object)'> (0x0000000088ef8a00) 
thrown [s\open\src\hotspot\share\interpreter\linkResolver.cpp, line 759]
Event: 1.686 Thread 0x00000270c7672310 Exception <a 'java/lang/NoSuchMethodError'{0x0000000088d0b648}: 'java.lang.Object java.lang.invoke.DirectMethodHandle$Holder.newInvokeSpecial(java.lang.Object, int, java.lang.Object)'> (0x0000000088d0b648) 
thrown [s\open\src\hotspot\share\interpreter\linkResolver.cpp, line 759]
Event: 1.687 Thread 0x00000270c7672310 Exception <a 'java/lang/NoSuchMethodError'{0x0000000088d10328}: 'int java.lang.invoke.DirectMethodHandle$Holder.invokeSpecialIFC(java.lang.Object, java.lang.Object, java.lang.Object, java.lang.Object)'> (0x0000000088d10328) 
thrown [s\open\src\hotspot\share\interpreter\linkResolver.cpp, line 759]
Event: 1.723 Thread 0x00000270c7672310 Exception <a 'java/lang/NoSuchMethodError'{0x0000000088dda3a0}: 'void java.lang.invoke.DirectMethodHandle$Holder.invokeInterface(java.lang.Object, java.lang.Object, java.lang.Object)'> (0x0000000088dda3a0) 
thrown [s\open\src\hotspot\share\interpreter\linkResolver.cpp, line 759]
Event: 1.753 Thread 0x00000270c7672310 Exception <a 'java/lang/NoSuchMethodError'{0x0000000088c72fa0}: 'void java.lang.invoke.DirectMethodHandle$Holder.invokeStaticInit(java.lang.Object, java.lang.Object)'> (0x0000000088c72fa0) 
thrown [s\open\src\hotspot\share\interpreter\linkResolver.cpp, line 759]
Event: 1.756 Thread 0x00000270c7672310 Exception <a 'java/lang/NoSuchMethodError'{0x0000000088c80580}: 'void java.lang.invoke.DirectMethodHandle$Holder.invokeStaticInit(java.lang.Object, java.lang.Object, java.lang.Object)'> (0x0000000088c80580) 
thrown [s\open\src\hotspot\share\interpreter\linkResolver.cpp, line 759]
Event: 1.763 Thread 0x00000270c7672310 Exception <a 'java/lang/NoSuchMethodError'{0x0000000088cbdb90}: 'java.lang.Object java.lang.invoke.DirectMethodHandle$Holder.invokeStatic(java.lang.Object, java.lang.Object, long, java.lang.Object)'> (0x0000000088cbdb90) 
thrown [s\open\src\hotspot\share\interpreter\linkResolver.cpp, line 759]
Event: 1.764 Thread 0x00000270c7672310 Exception <a 'java/lang/NoSuchMethodError'{0x0000000088cc1628}: 'java.lang.Object java.lang.invoke.DirectMethodHandle$Holder.invokeStaticInit(java.lang.Object, java.lang.Object, long, java.lang.Object)'> (0x0000000088cc1628) 
thrown [s\open\src\hotspot\share\interpreter\linkResolver.cpp, line 759]
Event: 1.764 Thread 0x00000270c7672310 Exception <a 'java/lang/NoSuchMethodError'{0x0000000088cc7d30}: 'java.lang.Object java.lang.invoke.DirectMethodHandle$Holder.newInvokeSpecial(java.lang.Object, java.lang.Object, long)'> (0x0000000088cc7d30) 
thrown [s\open\src\hotspot\share\interpreter\linkResolver.cpp, line 759]
Event: 1.765 Thread 0x00000270c7672310 Exception <a 'java/lang/NoSuchMethodError'{0x0000000088ccb8a0}: 'java.lang.Object java.lang.invoke.Invokers$Holder.linkToTargetMethod(java.lang.Object, long, java.lang.Object)'> (0x0000000088ccb8a0) 
thrown [s\open\src\hotspot\share\interpreter\linkResolver.cpp, line 759]
Event: 1.783 Thread 0x00000270c7672310 Exception <a 'java/lang/NoSuchMethodError'{0x0000000088b17928}: 'void java.lang.invoke.DirectMethodHandle$Holder.invokeVirtual(java.lang.Object, java.lang.Object, java.lang.Object, java.lang.Object)'> (0x0000000088b17928) 
thrown [s\open\src\hotspot\share\interpreter\linkResolver.cpp, line 759]
Event: 1.840 Thread 0x00000270c7672310 Exception <a 'java/lang/NoSuchMethodError'{0x0000000088a70a58}: 'void java.lang.invoke.DirectMethodHandle$Holder.invokeSpecial(java.lang.Object, java.lang.Object, java.lang.Object)'> (0x0000000088a70a58) 
thrown [s\open\src\hotspot\share\interpreter\linkResolver.cpp, line 759]
Event: 1.841 Thread 0x00000270c7672310 Exception <a 'java/lang/NoSuchMethodError'{0x0000000088a76fa0}: 'void java.lang.invoke.DirectMethodHandle$Holder.invokeSpecial(java.lang.Object, java.lang.Object, java.lang.Object, java.lang.Object, java.lang.Object)'> (0x0000000088a76fa0) 
thrown [s\open\src\hotspot\share\interpreter\linkResolver.cpp, line 759]
Event: 1.852 Thread 0x00000270c7672310 Exception <a 'java/lang/IncompatibleClassChangeError'{0x0000000088ad2cb0}: Found class java.lang.Object, but interface was expected> (0x0000000088ad2cb0) 
thrown [s\open\src\hotspot\share\interpreter\linkResolver.cpp, line 826]
Event: 2.294 Thread 0x00000270c7672310 Exception <a 'java/lang/NoSuchMethodError'{0x0000000088e80ec0}: 'int java.lang.invoke.DirectMethodHandle$Holder.invokeSpecial(java.lang.Object, java.lang.Object, java.lang.Object, java.lang.Object, java.lang.Object)'> (0x0000000088e80ec0) 
thrown [s\open\src\hotspot\share\interpreter\linkResolver.cpp, line 759]
Event: 2.298 Thread 0x00000270c7672310 Exception <a 'java/lang/NoSuchMethodError'{0x0000000088e8a108}: 'void java.lang.invoke.DirectMethodHandle$Holder.invokeVirtual(java.lang.Object, java.lang.Object)'> (0x0000000088e8a108) 
thrown [s\open\src\hotspot\share\interpreter\linkResolver.cpp, line 759]
Event: 2.840 Thread 0x00000270c7672310 Exception <a 'java/lang/IncompatibleClassChangeError'{0x0000000087a72130}: Found class java.lang.Object, but interface was expected> (0x0000000087a72130) 
thrown [s\open\src\hotspot\share\interpreter\linkResolver.cpp, line 826]
Event: 3.007 Thread 0x00000270c7a35710 Exception <a 'java/lang/NoSuchMethodError'{0x0000000087272a40}: 'long java.lang.invoke.DirectMethodHandle$Holder.invokeSpecial(java.lang.Object, java.lang.Object)'> (0x0000000087272a40) 
thrown [s\open\src\hotspot\share\interpreter\linkResolver.cpp, line 759]
Event: 3.010 Thread 0x00000270c7a35710 Exception <a 'java/lang/NoSuchMethodError'{0x0000000087184998}: 'long java.lang.invoke.DirectMethodHandle$Holder.invokeStatic(java.lang.Object, java.lang.Object)'> (0x0000000087184998) 
thrown [s\open\src\hotspot\share\interpreter\linkResolver.cpp, line 759]
Event: 3.018 Thread 0x00000270c7a35710 Exception <a 'java/lang/NoSuchMethodError'{0x0000000087187f98}: 'long java.lang.invoke.DirectMethodHandle$Holder.invokeStaticInit(java.lang.Object, java.lang.Object)'> (0x0000000087187f98) 
thrown [s\open\src\hotspot\share\interpreter\linkResolver.cpp, line 759]

VM Operations (20 events):
Event: 1.642 Executing VM operation: HandshakeAllThreads
Event: 1.642 Executing VM operation: HandshakeAllThreads done
Event: 1.828 Executing VM operation: HandshakeAllThreads
Event: 1.828 Executing VM operation: HandshakeAllThreads done
Event: 1.836 Executing VM operation: HandshakeAllThreads
Event: 1.836 Executing VM operation: HandshakeAllThreads done
Event: 1.836 Executing VM operation: HandshakeAllThreads
Event: 1.836 Executing VM operation: HandshakeAllThreads done
Event: 1.980 Executing VM operation: HandshakeAllThreads
Event: 1.981 Executing VM operation: HandshakeAllThreads done
Event: 2.019 Executing VM operation: ICBufferFull
Event: 2.019 Executing VM operation: ICBufferFull done
Event: 2.177 Executing VM operation: G1CollectForAllocation
Event: 2.183 Executing VM operation: G1CollectForAllocation done
Event: 2.191 Executing VM operation: HandshakeAllThreads
Event: 2.191 Executing VM operation: HandshakeAllThreads done
Event: 2.267 Executing VM operation: HandshakeAllThreads
Event: 2.268 Executing VM operation: HandshakeAllThreads done
Event: 2.619 Executing VM operation: HandshakeAllThreads
Event: 2.642 Executing VM operation: HandshakeAllThreads done

Events (20 events):
Event: 2.529 loading class java/util/concurrent/atomic/AtomicLongArray
Event: 2.529 loading class java/util/concurrent/atomic/AtomicLongArray done
Event: 2.530 loading class java/lang/invoke/VarHandleLongs$Array
Event: 2.530 loading class java/lang/invoke/VarHandleLongs$Array done
Event: 2.530 loading class java/util/concurrent/atomic/AtomicReferenceArray
Event: 2.530 loading class java/util/concurrent/atomic/AtomicReferenceArray done
Event: 2.607 loading class sun/text/resources/cldr/FormatData_en
Event: 2.608 loading class sun/text/resources/cldr/FormatData_en done
Event: 2.608 loading class sun/text/resources/cldr/FormatData_en_US
Event: 2.608 loading class sun/text/resources/cldr/FormatData_en_US done
Event: 2.618 Thread 0x00000270c807f3e0 Thread added: 0x00000270c807f3e0
Event: 2.670 loading class java/io/CharArrayReader
Event: 2.670 loading class java/io/CharArrayReader done
Event: 2.771 loading class javax/naming/ldap/LdapContext
Event: 2.771 loading class javax/naming/directory/DirContext
Event: 2.771 loading class javax/naming/directory/DirContext done
Event: 2.771 loading class javax/naming/ldap/LdapContext done
Event: 2.797 Thread 0x00000270c807f3e0 Thread exited: 0x00000270c807f3e0
Event: 2.958 loading class java/util/regex/Pattern$Pos
Event: 2.958 loading class java/util/regex/Pattern$Pos done


Dynamic libraries:
0x00007ff639850000 - 0x00007ff639860000 	C:\Program Files\Java\jdk-17\bin\java.exe
0x00007ffd1de30000 - 0x00007ffd1e028000 	C:\Windows\SYSTEM32\ntdll.dll
0x00007ffd1bf70000 - 0x00007ffd1c02f000 	C:\Windows\System32\KERNEL32.DLL
0x00007ffd1b670000 - 0x00007ffd1b966000 	C:\Windows\System32\KERNELBASE.dll
0x00007ffd1bba0000 - 0x00007ffd1bca0000 	C:\Windows\System32\ucrtbase.dll
0x00007ffd02480000 - 0x00007ffd02498000 	C:\Program Files\Java\jdk-17\bin\jli.dll
0x00007ffd02460000 - 0x00007ffd0247b000 	C:\Program Files\Java\jdk-17\bin\VCRUNTIME140.dll
0x00007ffd1dc10000 - 0x00007ffd1dcbf000 	C:\Windows\System32\ADVAPI32.dll
0x00007ffd1c930000 - 0x00007ffd1c9ce000 	C:\Windows\System32\msvcrt.dll
0x00007ffd1d900000 - 0x00007ffd1d99c000 	C:\Windows\System32\sechost.dll
0x00007ffd1cb80000 - 0x00007ffd1cca6000 	C:\Windows\System32\RPCRT4.dll
0x00007ffd1d760000 - 0x00007ffd1d8fd000 	C:\Windows\System32\USER32.dll
0x00007ffd1ba50000 - 0x00007ffd1ba72000 	C:\Windows\System32\win32u.dll
0x00007ffd1da60000 - 0x00007ffd1da8c000 	C:\Windows\System32\GDI32.dll
0x00007ffd0b5a0000 - 0x00007ffd0b83a000 	C:\Windows\WinSxS\amd64_microsoft.windows.common-controls_6595b64144ccf1df_6.0.19041.1110_none_60b5254171f9507e\COMCTL32.dll
0x00007ffd1bd70000 - 0x00007ffd1be85000 	C:\Windows\System32\gdi32full.dll
0x00007ffd1bca0000 - 0x00007ffd1bd3d000 	C:\Windows\System32\msvcp_win.dll
0x00007ffd14ce0000 - 0x00007ffd14cea000 	C:\Windows\SYSTEM32\VERSION.dll
0x00007ffd1d9c0000 - 0x00007ffd1d9f0000 	C:\Windows\System32\IMM32.DLL
0x00007ffd02450000 - 0x00007ffd0245c000 	C:\Program Files\Java\jdk-17\bin\vcruntime140_1.dll
0x00007ffcdf400000 - 0x00007ffcdf48e000 	C:\Program Files\Java\jdk-17\bin\msvcp140.dll
0x00007ffcbea60000 - 0x00007ffcbf637000 	C:\Program Files\Java\jdk-17\bin\server\jvm.dll
0x00007ffd1d9f0000 - 0x00007ffd1d9f8000 	C:\Windows\System32\PSAPI.DLL
0x00007ffcf3520000 - 0x00007ffcf3529000 	C:\Windows\SYSTEM32\WSOCK32.dll
0x00007ffd1d320000 - 0x00007ffd1d38b000 	C:\Windows\System32\WS2_32.dll
0x00007ffd0ffe0000 - 0x00007ffd10007000 	C:\Windows\SYSTEM32\WINMM.dll
0x00007ffd19d60000 - 0x00007ffd19d72000 	C:\Windows\SYSTEM32\kernel.appcore.dll
0x00007ffd01960000 - 0x00007ffd0196a000 	C:\Program Files\Java\jdk-17\bin\jimage.dll
0x00007ffd0a7d0000 - 0x00007ffd0a9b4000 	C:\Windows\SYSTEM32\DBGHELP.DLL
0x00007ffd0a6c0000 - 0x00007ffd0a6f4000 	C:\Windows\SYSTEM32\dbgcore.DLL
0x00007ffd1b970000 - 0x00007ffd1b9f2000 	C:\Windows\System32\bcryptPrimitives.dll
0x00007ffd01de0000 - 0x00007ffd01dee000 	C:\Program Files\Java\jdk-17\bin\instrument.dll
0x00007ffcdf3d0000 - 0x00007ffcdf3f5000 	C:\Program Files\Java\jdk-17\bin\java.dll
0x00007ffcce7e0000 - 0x00007ffcce8b7000 	C:\Program Files\Java\jdk-17\bin\jsvml.dll
0x00007ffd1c0c0000 - 0x00007ffd1c804000 	C:\Windows\System32\SHELL32.dll
0x00007ffd19580000 - 0x00007ffd19d13000 	C:\Windows\SYSTEM32\windows.storage.dll
0x00007ffd1d3f0000 - 0x00007ffd1d744000 	C:\Windows\System32\combase.dll
0x00007ffd1af70000 - 0x00007ffd1af9e000 	C:\Windows\SYSTEM32\Wldp.dll
0x00007ffd1da90000 - 0x00007ffd1db3d000 	C:\Windows\System32\SHCORE.dll
0x00007ffd1d210000 - 0x00007ffd1d265000 	C:\Windows\System32\shlwapi.dll
0x00007ffd1b450000 - 0x00007ffd1b46f000 	C:\Windows\SYSTEM32\profapi.dll
0x00007ffcdf370000 - 0x00007ffcdf388000 	C:\Program Files\Java\jdk-17\bin\zip.dll
0x00007ffcdf3b0000 - 0x00007ffcdf3c9000 	C:\Program Files\Java\jdk-17\bin\net.dll
0x00007ffd10d70000 - 0x00007ffd10e7a000 	C:\Windows\SYSTEM32\WINHTTP.dll
0x00007ffd1acd0000 - 0x00007ffd1ad3a000 	C:\Windows\system32\mswsock.dll
0x00007ffcdf390000 - 0x00007ffcdf3a6000 	C:\Program Files\Java\jdk-17\bin\nio.dll
0x00007ffd12080000 - 0x00007ffd1209a000 	D:\INTELLIJ instalacao\IntelliJ IDEA Community Edition 2023.1.1\bin\breakgen64.dll
0x00007ffd01e50000 - 0x00007ffd01e5a000 	C:\Program Files\Java\jdk-17\bin\management.dll
0x00007ffd01e40000 - 0x00007ffd01e4b000 	C:\Program Files\Java\jdk-17\bin\management_ext.dll

dbghelp: loaded successfully - version: 4.0.5 - missing functions: none
symbol engine: initialized successfully - sym options: 0x614 - pdb path: .;C:\Program Files\Java\jdk-17\bin;C:\Windows\SYSTEM32;C:\Windows\WinSxS\amd64_microsoft.windows.common-controls_6595b64144ccf1df_6.0.19041.1110_none_60b5254171f9507e;C:\Program Files\Java\jdk-17\bin\server;D:\INTELLIJ instalacao\IntelliJ IDEA Community Edition 2023.1.1\bin

VM Arguments:
jvm_args: -javaagent:D:\INTELLIJ instalacao\IntelliJ IDEA Community Edition 2023.1.1\lib\idea_rt.jar=63300:D:\INTELLIJ instalacao\IntelliJ IDEA Community Edition 2023.1.1\bin -Dfile.encoding=UTF-8 
java_command: br.com.compassuol.sp.challenge.ecommerce.EcommerceApplication
java_class_path (initial): D:\Challenge8\CompassUOL-SP-Challenge-02-Squad-1-Team-Shenlong\ecommerce\target\classes;C:\Users\Douglas\.m2\repository\org\springframework\boot\spring-boot-starter-web\3.1.0\spring-boot-starter-web-3.1.0.jar;C:\Users\Douglas\.m2\repository\org\springframework\boot\spring-boot-starter\3.1.0\spring-boot-starter-3.1.0.jar;C:\Users\Douglas\.m2\repository\org\springframework\boot\spring-boot-starter-logging\3.1.0\spring-boot-starter-logging-3.1.0.jar;C:\Users\Douglas\.m2\repository\ch\qos\logback\logback-classic\1.4.7\logback-classic-1.4.7.jar;C:\Users\Douglas\.m2\repository\ch\qos\logback\logback-core\1.4.7\logback-core-1.4.7.jar;C:\Users\Douglas\.m2\repository\org\apache\logging\log4j\log4j-to-slf4j\2.20.0\log4j-to-slf4j-2.20.0.jar;C:\Users\Douglas\.m2\repository\org\apache\logging\log4j\log4j-api\2.20.0\log4j-api-2.20.0.jar;C:\Users\Douglas\.m2\repository\org\slf4j\jul-to-slf4j\2.0.7\jul-to-slf4j-2.0.7.jar;C:\Users\Douglas\.m2\repository\jakarta\annotation\jakarta.annotation-api\2.1.1\jakarta.annotation-api-2.1.1.jar;C:\Users\Douglas\.m2\repository\org\yaml\snakeyaml\1.33\snakeyaml-1.33.jar;C:\Users\Douglas\.m2\repository\org\springframework\boot\spring-boot-starter-json\3.1.0\spring-boot-starter-json-3.1.0.jar;C:\Users\Douglas\.m2\repository\com\fasterxml\jackson\core\jackson-databind\2.15.0\jackson-databind-2.15.0.jar;C:\Users\Douglas\.m2\repository\com\fasterxml\jackson\core\jackson-annotations\2.15.0\jackson-annotations-2.15.0.jar;C:\Users\Douglas\.m2\repository\com\fasterxml\jackson\core\jackson-core\2.15.0\jackson-core-2.15.0.jar;C:\Users\Douglas\.m2\repository\com\fasterxml\jackson\datatype\jackson-datatype-jdk8\2.15.0\jackson-datatype-jdk8-2.15.0.jar;C:\Users\Douglas\.m2\repository\com\fasterxml\jackson\datatype\jackson-datatype-jsr310\2.15.0\jackson-datatype-jsr310-2.15.0.jar;C:\Users\Douglas\.m2\repository\com\fasterxml\jackson\module\jackson-module-parameter-names\2.15.0\jackson-module-parameter-names-2.15.0.jar;C:\Users\Dougla
Launcher Type: SUN_STANDARD

[Global flags]
     intx CICompilerCount                          = 3                                         {product} {ergonomic}
     uint ConcGCThreads                            = 1                                         {product} {ergonomic}
     uint G1ConcRefinementThreads                  = 4                                         {product} {ergonomic}
   size_t G1HeapRegionSize                         = 1048576                                   {product} {ergonomic}
    uintx GCDrainStackTargetSize                   = 64                                        {product} {ergonomic}
   size_t InitialHeapSize                          = 134217728                                 {product} {ergonomic}
   size_t MarkStackSize                            = 4194304                                   {product} {ergonomic}
   size_t MaxHeapSize                              = 2126512128                                {product} {ergonomic}
   size_t MaxNewSize                               = 1275068416                                {product} {ergonomic}
   size_t MinHeapDeltaBytes                        = 1048576                                   {product} {ergonomic}
   size_t MinHeapSize                              = 8388608                                   {product} {ergonomic}
    uintx NonNMethodCodeHeapSize                   = 5832780                                {pd product} {ergonomic}
    uintx NonProfiledCodeHeapSize                  = 122912730                              {pd product} {ergonomic}
    uintx ProfiledCodeHeapSize                     = 122912730                              {pd product} {ergonomic}
    uintx ReservedCodeCacheSize                    = 251658240                              {pd product} {ergonomic}
     bool SegmentedCodeCache                       = true                                      {product} {ergonomic}
   size_t SoftMaxHeapSize                          = 2126512128                             {manageable} {ergonomic}
     bool UseCompressedClassPointers               = true                           {product lp64_product} {ergonomic}
     bool UseCompressedOops                        = true                           {product lp64_product} {ergonomic}
     bool UseG1GC                                  = true                                      {product} {ergonomic}
     bool UseLargePagesIndividualAllocation        = false                                  {pd product} {ergonomic}

Logging:
Log output configuration:
 #0: stdout all=warning uptime,level,tags
 #1: stderr all=off uptime,level,tags

Environment Variables:
JAVA_HOME=C:\Program Files\Java\jdk-17
PATH=C:\Program Files\Common Files\Oracle\Java\javapath;C:\Program Files\Python311\Scripts\;C:\Program Files\Python311\;C:\Program Files (x86)\Intel\Intel(R) Management Engine Components\iCLS\;C:\Program Files\Intel\Intel(R) Management Engine Components\iCLS\;C:\Program Files (x86)\Common Files\Oracle\Java\javapath;C:\Windows\system32;C:\Windows;C:\Windows\System32\Wbem;C:\Windows\System32\WindowsPowerShell\v1.0\;C:\Windows\System32\OpenSSH\;C:\Program Files (x86)\Intel\Intel(R) Management Engine Components\DAL;C:\Program Files\Intel\Intel(R) Management Engine Components\DAL;C:\Program Files\Microsoft SQL Server\Client SDK\ODBC\110\Tools\Binn\;C:\Program Files (x86)\Microsoft SQL Server\120\Tools\Binn\;C:\Program Files\Microsoft SQL Server\120\Tools\Binn\;C:\Program Files\Microsoft SQL Server\120\DTS\Binn\;C:\Program Files\Microsoft SQL Server\Client SDK\ODBC\170\Tools\Binn\;C:\Program Files (x86)\Microsoft SQL Server\150\Tools\Binn\;C:\Program Files\Microsoft SQL Server\150\Tools\Binn\;C:\Program Files\Microsoft SQL Server\150\DTS\Binn\;D:\NodeJs\;C:\Program Files\Git\cmd;C:\Program Files\Notepad++;C:\Program Files\Perforce\;C:\Program Files\Perforce;C:\ffmpeg\bin;C:\Users\Douglas\AppData\Local\Programs\Microsoft VS Code\bin;C:\Program Files\Java\jdk-17\bin;C:\Program Files\heroku\bin;D:\INTELLIJ instalacao\IntelliJ IDEA Community Edition 2023.1.1\bin;C:\Users\Douglas\AppData\Local\JetBrains\Toolbox\scripts;
USERNAME=Jaqueline
OS=Windows_NT
PROCESSOR_IDENTIFIER=Intel64 Family 6 Model 142 Stepping 9, GenuineIntel



---------------  S Y S T E M  ---------------

OS:
 Windows 10 , 64 bit Build 19041 (10.0.19041.2913)
OS uptime: 1 days 18:02 hours

CPU: total 4 (initial active 4) (2 cores per cpu, 2 threads per core) family 6 model 142 stepping 9 microcode 0xb4, cx8, cmov, fxsr, ht, mmx, 3dnowpref, sse, sse2, sse3, ssse3, sse4.1, sse4.2, popcnt, lzcnt, tsc, tscinvbit, avx, avx2, aes, erms, clmul, bmi1, bmi2, adx, fma, vzeroupper, clflush, clflushopt

Memory: 4k page, system-wide physical 8105M (1583M free)
TotalPageFile size 10153M (AvailPageFile size 5M)
current process WorkingSet (physical memory assigned to process): 136M, peak: 136M
current process commit charge ("private bytes"): 260M, peak: 260M

vm_info: Java HotSpot(TM) 64-Bit Server VM (17.0.6+9-LTS-190) for windows-amd64 JRE (17.0.6+9-LTS-190), built on Dec  6 2022 15:53:54 by "mach5one" with MS VC++ 17.1 (VS2022)

END.
