#
# There is insufficient memory for the Java Runtime Environment to continue.
# Native memory allocation (mmap) failed to map 134217728 bytes for G1 virtual space
# Possible reasons:
#   The system is out of physical RAM or swap space
#   The process is running with CompressedOops enabled, and the Java Heap may be blocking the growth of the native heap
# Possible solutions:
#   Reduce memory load on the system
#   Increase physical memory or swap space
#   Check if swap backing store is full
#   Decrease Java heap size (-Xmx/-Xms)
#   Decrease number of Java threads
#   Decrease Java thread stack sizes (-Xss)
#   Set larger code cache with -XX:ReservedCodeCacheSize=
#   JVM is running with Unscaled Compressed Oops mode in which the Java heap is
#     placed in the first 4GB address space. The Java Heap base address is the
#     maximum limit for the native heap growth. Please use -XX:HeapBaseMinAddress
#     to set the Java Heap base and to place the Java Heap above 4GB virtual address.
# This output file may be truncated or incomplete.
#
#  Out of Memory Error (os_windows.cpp:3550), pid=14880, tid=2916
#
# JRE version:  (17.0.6+9) (build )
# Java VM: Java HotSpot(TM) 64-Bit Server VM (17.0.6+9-LTS-190, mixed mode, sharing, tiered, compressed oops, compressed class ptrs, g1 gc, windows-amd64)
# No core dump will be written. Minidumps are not enabled by default on client versions of Windows
#

---------------  S U M M A R Y ------------

Command Line: -javaagent:D:\INTELLIJ instalacao\IntelliJ IDEA Community Edition 2023.1.1\lib\idea_rt.jar=53211:D:\INTELLIJ instalacao\IntelliJ IDEA Community Edition 2023.1.1\bin -Dfile.encoding=UTF-8 br.com.compassuol.sp.challenge.ecommerce.EcommerceApplication

Host: Intel(R) Core(TM) i5-7200U CPU @ 2.50GHz, 4 cores, 7G,  Windows 10 , 64 bit Build 19041 (10.0.19041.2913)
Time: Wed Jun  7 14:12:14 2023 Hora oficial do Brasil elapsed time: 0.042501 seconds (0d 0h 0m 0s)

---------------  T H R E A D  ---------------

Current thread (0x000001cf72c8aa50):  JavaThread "Unknown thread" [_thread_in_vm, id=2916, stack(0x000000716f200000,0x000000716f300000)]

Stack: [0x000000716f200000,0x000000716f300000]
Native frames: (J=compiled Java code, j=interpreted, Vv=VM code, C=native code)
V  [jvm.dll+0x6734ea]
V  [jvm.dll+0x7d18f4]
V  [jvm.dll+0x7d309e]
V  [jvm.dll+0x7d3703]
V  [jvm.dll+0x2433c5]
V  [jvm.dll+0x6703f9]
V  [jvm.dll+0x664d32]
V  [jvm.dll+0x300086]
V  [jvm.dll+0x307606]
V  [jvm.dll+0x356c1e]
V  [jvm.dll+0x356e4f]
V  [jvm.dll+0x2d72e8]
V  [jvm.dll+0x2d8254]
V  [jvm.dll+0x7a33b1]
V  [jvm.dll+0x3647f1]
V  [jvm.dll+0x782839]
V  [jvm.dll+0x3e757f]
V  [jvm.dll+0x3e9001]
C  [jli.dll+0x5297]
C  [ucrtbase.dll+0x21bb2]
C  [KERNEL32.DLL+0x17614]
C  [ntdll.dll+0x526a1]


---------------  P R O C E S S  ---------------

Threads class SMR info:
_java_thread_list=0x00007ffb3283e958, length=0, elements={
}

Java Threads: ( => current thread )

Other Threads:
  0x000001cf72ce33e0 GCTaskThread "GC Thread#0" [stack: 0x000000716f300000,0x000000716f400000] [id=13560]
  0x000001cf72cf4fc0 ConcurrentGCThread "G1 Main Marker" [stack: 0x000000716f400000,0x000000716f500000] [id=1616]
  0x000001cf72cf6080 ConcurrentGCThread "G1 Conc#0" [stack: 0x000000716f500000,0x000000716f600000] [id=2560]

[error occurred during error reporting (printing all threads), id 0xc0000005, EXCEPTION_ACCESS_VIOLATION (0xc0000005) at pc=0x00007ffb32077f07]

VM state: not at safepoint (not fully initialized)

VM Mutex/Monitor currently owned by a thread:  ([mutex/lock_event])
[0x000001cf72c86110] Heap_lock - owner thread: 0x000001cf72c8aa50

Heap address: 0x0000000081400000, size: 2028 MB, Compressed Oops mode: 32-bit

CDS archive(s) mapped at: [0x0000000000000000-0x0000000000000000-0x0000000000000000), size 0, SharedBaseAddress: 0x0000000800000000, ArchiveRelocationMode: 0.
Narrow klass base: 0x0000000000000000, Narrow klass shift: 0, Narrow klass range: 0x0

GC Precious Log:
<Empty>

Heap:
 garbage-first heap   total 0K, used 0K [0x0000000081400000, 0x0000000100000000)
  region size 1024K, 0 young (0K), 0 survivors (0K)

[error occurred during error reporting (printing heap information), id 0xc0000005, EXCEPTION_ACCESS_VIOLATION (0xc0000005) at pc=0x00007ffb3245c759]

GC Heap History (0 events):
No events

Deoptimization events (0 events):
No events

Classes unloaded (0 events):
No events

Classes redefined (0 events):
No events

Internal exceptions (0 events):
No events

VM Operations (0 events):
No events

Events (1 events):
Event: 0.036 Loaded shared library C:\Program Files\Java\jdk-17\bin\java.dll


Dynamic libraries:
0x00007ff610bb0000 - 0x00007ff610bc0000 	C:\Program Files\Java\jdk-17\bin\java.exe
0x00007ffb8d5d0000 - 0x00007ffb8d7c8000 	C:\Windows\SYSTEM32\ntdll.dll
0x00007ffb8d0e0000 - 0x00007ffb8d19f000 	C:\Windows\System32\KERNEL32.DLL
0x00007ffb8b030000 - 0x00007ffb8b326000 	C:\Windows\System32\KERNELBASE.dll
0x00007ffb8ae40000 - 0x00007ffb8af40000 	C:\Windows\System32\ucrtbase.dll
0x00007ffb835a0000 - 0x00007ffb835b8000 	C:\Program Files\Java\jdk-17\bin\jli.dll
0x00007ffb8bb70000 - 0x00007ffb8bc1f000 	C:\Windows\System32\ADVAPI32.dll
0x00007ffb8b6c0000 - 0x00007ffb8b75e000 	C:\Windows\System32\msvcrt.dll
0x00007ffb8bc20000 - 0x00007ffb8bcbc000 	C:\Windows\System32\sechost.dll
0x00007ffb8d1a0000 - 0x00007ffb8d2c6000 	C:\Windows\System32\RPCRT4.dll
0x00007ffb78600000 - 0x00007ffb7861b000 	C:\Program Files\Java\jdk-17\bin\VCRUNTIME140.dll
0x00007ffb8c420000 - 0x00007ffb8c5bd000 	C:\Windows\System32\USER32.dll
0x00007ffb8b330000 - 0x00007ffb8b352000 	C:\Windows\System32\win32u.dll
0x00007ffb8b630000 - 0x00007ffb8b65c000 	C:\Windows\System32\GDI32.dll
0x00007ffb8ad20000 - 0x00007ffb8ae35000 	C:\Windows\System32\gdi32full.dll
0x00007ffb8af90000 - 0x00007ffb8b02d000 	C:\Windows\System32\msvcp_win.dll
0x00007ffb7b4d0000 - 0x00007ffb7b76a000 	C:\Windows\WinSxS\amd64_microsoft.windows.common-controls_6595b64144ccf1df_6.0.19041.1110_none_60b5254171f9507e\COMCTL32.dll
0x00007ffb84360000 - 0x00007ffb8436a000 	C:\Windows\SYSTEM32\VERSION.dll
0x00007ffb8c210000 - 0x00007ffb8c240000 	C:\Windows\System32\IMM32.DLL
0x00007ffb83590000 - 0x00007ffb8359c000 	C:\Program Files\Java\jdk-17\bin\vcruntime140_1.dll
0x00007ffb6ddc0000 - 0x00007ffb6de4e000 	C:\Program Files\Java\jdk-17\bin\msvcp140.dll
0x00007ffb31d90000 - 0x00007ffb32967000 	C:\Program Files\Java\jdk-17\bin\server\jvm.dll
0x00007ffb8bcc0000 - 0x00007ffb8bcc8000 	C:\Windows\System32\PSAPI.DLL
0x00007ffb849d0000 - 0x00007ffb849d9000 	C:\Windows\SYSTEM32\WSOCK32.dll
0x00007ffb8ce60000 - 0x00007ffb8cecb000 	C:\Windows\System32\WS2_32.dll
0x00007ffb7b920000 - 0x00007ffb7b947000 	C:\Windows\SYSTEM32\WINMM.dll
0x00007ffb89500000 - 0x00007ffb89512000 	C:\Windows\SYSTEM32\kernel.appcore.dll
0x00007ffb7bf00000 - 0x00007ffb7bf0a000 	C:\Program Files\Java\jdk-17\bin\jimage.dll
0x00007ffb78f40000 - 0x00007ffb79124000 	C:\Windows\SYSTEM32\DBGHELP.DLL
0x00007ffb78f00000 - 0x00007ffb78f34000 	C:\Windows\SYSTEM32\dbgcore.DLL
0x00007ffb8b5a0000 - 0x00007ffb8b622000 	C:\Windows\System32\bcryptPrimitives.dll
0x00007ffb71880000 - 0x00007ffb7188e000 	C:\Program Files\Java\jdk-17\bin\instrument.dll
0x00007ffb54e30000 - 0x00007ffb54e55000 	C:\Program Files\Java\jdk-17\bin\java.dll

dbghelp: loaded successfully - version: 4.0.5 - missing functions: none
symbol engine: initialized successfully - sym options: 0x614 - pdb path: .;C:\Program Files\Java\jdk-17\bin;C:\Windows\SYSTEM32;C:\Windows\WinSxS\amd64_microsoft.windows.common-controls_6595b64144ccf1df_6.0.19041.1110_none_60b5254171f9507e;C:\Program Files\Java\jdk-17\bin\server

VM Arguments:
jvm_args: -javaagent:D:\INTELLIJ instalacao\IntelliJ IDEA Community Edition 2023.1.1\lib\idea_rt.jar=53211:D:\INTELLIJ instalacao\IntelliJ IDEA Community Edition 2023.1.1\bin -Dfile.encoding=UTF-8 
java_command: br.com.compassuol.sp.challenge.ecommerce.EcommerceApplication
java_class_path (initial): D:\Challenge8\CompassUOL-SP-Challenge-02-Squad-1-Team-Shenlong\ecommerce\target\classes;C:\Users\Douglas\.m2\repository\org\springframework\boot\spring-boot-starter-web\3.1.0\spring-boot-starter-web-3.1.0.jar;C:\Users\Douglas\.m2\repository\org\springframework\boot\spring-boot-starter\3.1.0\spring-boot-starter-3.1.0.jar;C:\Users\Douglas\.m2\repository\org\springframework\boot\spring-boot-starter-logging\3.1.0\spring-boot-starter-logging-3.1.0.jar;C:\Users\Douglas\.m2\repository\ch\qos\logback\logback-classic\1.4.7\logback-classic-1.4.7.jar;C:\Users\Douglas\.m2\repository\ch\qos\logback\logback-core\1.4.7\logback-core-1.4.7.jar;C:\Users\Douglas\.m2\repository\org\apache\logging\log4j\log4j-to-slf4j\2.20.0\log4j-to-slf4j-2.20.0.jar;C:\Users\Douglas\.m2\repository\org\apache\logging\log4j\log4j-api\2.20.0\log4j-api-2.20.0.jar;C:\Users\Douglas\.m2\repository\org\slf4j\jul-to-slf4j\2.0.7\jul-to-slf4j-2.0.7.jar;C:\Users\Douglas\.m2\repository\jakarta\annotation\jakarta.annotation-api\2.1.1\jakarta.annotation-api-2.1.1.jar;C:\Users\Douglas\.m2\repository\org\yaml\snakeyaml\1.33\snakeyaml-1.33.jar;C:\Users\Douglas\.m2\repository\org\springframework\boot\spring-boot-starter-json\3.1.0\spring-boot-starter-json-3.1.0.jar;C:\Users\Douglas\.m2\repository\com\fasterxml\jackson\core\jackson-databind\2.15.0\jackson-databind-2.15.0.jar;C:\Users\Douglas\.m2\repository\com\fasterxml\jackson\core\jackson-annotations\2.15.0\jackson-annotations-2.15.0.jar;C:\Users\Douglas\.m2\repository\com\fasterxml\jackson\core\jackson-core\2.15.0\jackson-core-2.15.0.jar;C:\Users\Douglas\.m2\repository\com\fasterxml\jackson\datatype\jackson-datatype-jdk8\2.15.0\jackson-datatype-jdk8-2.15.0.jar;C:\Users\Douglas\.m2\repository\com\fasterxml\jackson\datatype\jackson-datatype-jsr310\2.15.0\jackson-datatype-jsr310-2.15.0.jar;C:\Users\Douglas\.m2\repository\com\fasterxml\jackson\module\jackson-module-parameter-names\2.15.0\jackson-module-parameter-names-2.15.0.jar;C:\Users\Dougla
Launcher Type: SUN_STANDARD

[Global flags]
     intx CICompilerCount                          = 3                                         {product} {ergonomic}
     uint ConcGCThreads                            = 1                                         {product} {ergonomic}
     uint G1ConcRefinementThreads                  = 4                                         {product} {ergonomic}
   size_t G1HeapRegionSize                         = 1048576                                   {product} {ergonomic}
    uintx GCDrainStackTargetSize                   = 64                                        {product} {ergonomic}
   size_t InitialHeapSize                          = 134217728                                 {product} {ergonomic}
   size_t MarkStackSize                            = 4194304                                   {product} {ergonomic}
   size_t MaxHeapSize                              = 2126512128                                {product} {ergonomic}
   size_t MinHeapDeltaBytes                        = 1048576                                   {product} {ergonomic}
   size_t MinHeapSize                              = 8388608                                   {product} {ergonomic}
    uintx NonNMethodCodeHeapSize                   = 5832780                                {pd product} {ergonomic}
    uintx NonProfiledCodeHeapSize                  = 122912730                              {pd product} {ergonomic}
    uintx ProfiledCodeHeapSize                     = 122912730                              {pd product} {ergonomic}
    uintx ReservedCodeCacheSize                    = 251658240                              {pd product} {ergonomic}
     bool SegmentedCodeCache                       = true                                      {product} {ergonomic}
   size_t SoftMaxHeapSize                          = 2126512128                             {manageable} {ergonomic}
     bool UseCompressedClassPointers               = true                           {product lp64_product} {ergonomic}
     bool UseCompressedOops                        = true                           {product lp64_product} {ergonomic}
     bool UseG1GC                                  = true                                      {product} {ergonomic}
     bool UseLargePagesIndividualAllocation        = false                                  {pd product} {ergonomic}

Logging:
Log output configuration:
 #0: stdout all=warning uptime,level,tags
 #1: stderr all=off uptime,level,tags

Environment Variables:
JAVA_HOME=C:\Program Files\Java\jdk-17
PATH=C:\Program Files\Common Files\Oracle\Java\javapath;C:\Program Files\Python311\Scripts\;C:\Program Files\Python311\;C:\Program Files (x86)\Intel\Intel(R) Management Engine Components\iCLS\;C:\Program Files\Intel\Intel(R) Management Engine Components\iCLS\;C:\Program Files (x86)\Common Files\Oracle\Java\javapath;C:\Windows\system32;C:\Windows;C:\Windows\System32\Wbem;C:\Windows\System32\WindowsPowerShell\v1.0\;C:\Windows\System32\OpenSSH\;C:\Program Files (x86)\Intel\Intel(R) Management Engine Components\DAL;C:\Program Files\Intel\Intel(R) Management Engine Components\DAL;C:\Program Files\Microsoft SQL Server\Client SDK\ODBC\110\Tools\Binn\;C:\Program Files (x86)\Microsoft SQL Server\120\Tools\Binn\;C:\Program Files\Microsoft SQL Server\120\Tools\Binn\;C:\Program Files\Microsoft SQL Server\120\DTS\Binn\;C:\Program Files\Microsoft SQL Server\Client SDK\ODBC\170\Tools\Binn\;C:\Program Files (x86)\Microsoft SQL Server\150\Tools\Binn\;C:\Program Files\Microsoft SQL Server\150\Tools\Binn\;C:\Program Files\Microsoft SQL Server\150\DTS\Binn\;D:\NodeJs\;C:\Program Files\Git\cmd;C:\Program Files\Notepad++;C:\Program Files\Perforce\;C:\Program Files\Perforce;C:\ffmpeg\bin;C:\Users\Douglas\AppData\Local\Programs\Microsoft VS Code\bin;C:\Program Files\Java\jdk-17\bin;C:\Program Files\heroku\bin;D:\INTELLIJ instalacao\IntelliJ IDEA Community Edition 2023.1.1\bin;C:\Users\Douglas\AppData\Local\JetBrains\Toolbox\scripts;
USERNAME=Jaqueline
OS=Windows_NT
PROCESSOR_IDENTIFIER=Intel64 Family 6 Model 142 Stepping 9, GenuineIntel



---------------  S Y S T E M  ---------------

OS:
 Windows 10 , 64 bit Build 19041 (10.0.19041.2913)
OS uptime: 0 days 18:20 hours

CPU: total 4 (initial active 4) (2 cores per cpu, 2 threads per core) family 6 model 142 stepping 9 microcode 0xb4, cx8, cmov, fxsr, ht, mmx, 3dnowpref, sse, sse2, sse3, ssse3, sse4.1, sse4.2, popcnt, lzcnt, tsc, tscinvbit, avx, avx2, aes, erms, clmul, bmi1, bmi2, adx, fma, vzeroupper, clflush, clflushopt

Memory: 4k page, system-wide physical 8105M (1472M free)
TotalPageFile size 10153M (AvailPageFile size 47M)
current process WorkingSet (physical memory assigned to process): 10M, peak: 10M
current process commit charge ("private bytes"): 52M, peak: 180M

vm_info: Java HotSpot(TM) 64-Bit Server VM (17.0.6+9-LTS-190) for windows-amd64 JRE (17.0.6+9-LTS-190), built on Dec  6 2022 15:53:54 by "mach5one" with MS VC++ 17.1 (VS2022)

END.
